Calling target program-options parser
[07:46:48.574] [bmv2] [D] [thread 9961] Set default default entry for table 'MyIngress.phy_forward': MyIngress.drop - 
Adding interface s1-eth1 as port 1
[07:46:48.575] [bmv2] [D] [thread 9961] Adding interface s1-eth1 as port 1
Adding interface s1-eth2 as port 2
[07:46:48.608] [bmv2] [D] [thread 9961] Adding interface s1-eth2 as port 2
[07:46:48.649] [bmv2] [I] [thread 9961] Starting Thrift server on port 9090
[07:46:48.660] [bmv2] [I] [thread 9961] Thrift server was started
[07:47:03.502] [bmv2] [T] [thread 10015] bm_get_config
[07:47:03.559] [bmv2] [T] [thread 10015] bm_table_add_entry
[07:47:03.559] [bmv2] [D] [thread 10015] Entry 0 added to table 'MyIngress.phy_forward'
[07:47:03.559] [bmv2] [D] [thread 10015] Dumping entry 0
Match key:
* standard_metadata.ingress_port: EXACT     0001
Action entry: MyIngress.forward - 2,

[07:47:04.126] [bmv2] [T] [thread 10018] bm_get_config
[07:47:04.142] [bmv2] [T] [thread 10018] bm_table_add_entry
[07:47:04.142] [bmv2] [D] [thread 10018] Entry 1 added to table 'MyIngress.phy_forward'
[07:47:04.142] [bmv2] [D] [thread 10018] Dumping entry 1
Match key:
* standard_metadata.ingress_port: EXACT     0002
Action entry: MyIngress.forward - 1,

[07:47:13.200] [bmv2] [D] [thread 9967] [0.0] [cxt 0] Processing packet received on port 1
[07:47:13.200] [bmv2] [D] [thread 9967] [0.0] [cxt 0] Parser 'parser': start
[07:47:13.200] [bmv2] [D] [thread 9967] [0.0] [cxt 0] Parser 'parser' entering state 'start'
[07:47:13.200] [bmv2] [D] [thread 9967] [0.0] [cxt 0] Parser state 'start' has no switch, going to default next state
[07:47:13.200] [bmv2] [T] [thread 9967] [0.0] [cxt 0] Bytes parsed: 0
[07:47:13.200] [bmv2] [D] [thread 9967] [0.0] [cxt 0] Parser 'parser': end
[07:47:13.200] [bmv2] [D] [thread 9967] [0.0] [cxt 0] Pipeline 'ingress': start
[07:47:13.200] [bmv2] [T] [thread 9967] [0.0] [cxt 0] Applying table 'MyIngress.phy_forward'
[07:47:13.200] [bmv2] [D] [thread 9967] [0.0] [cxt 0] Looking up key:
* standard_metadata.ingress_port: 0001

[07:47:13.200] [bmv2] [D] [thread 9967] [0.0] [cxt 0] Table 'MyIngress.phy_forward': hit with handle 0
[07:47:13.200] [bmv2] [D] [thread 9967] [0.0] [cxt 0] Dumping entry 0
Match key:
* standard_metadata.ingress_port: EXACT     0001
Action entry: MyIngress.forward - 2,

[07:47:13.200] [bmv2] [D] [thread 9967] [0.0] [cxt 0] Action entry is MyIngress.forward - 2,
[07:47:13.200] [bmv2] [T] [thread 9967] [0.0] [cxt 0] Action MyIngress.forward
[07:47:13.200] [bmv2] [T] [thread 9967] [0.0] [cxt 0] basic.p4(60) Primitive standard_metadata.egress_spec = port
[07:47:13.200] [bmv2] [D] [thread 9967] [0.0] [cxt 0] Pipeline 'ingress': end
[07:47:13.200] [bmv2] [D] [thread 9967] [0.0] [cxt 0] Egress port is 2
[07:47:13.205] [bmv2] [D] [thread 9970] [0.0] [cxt 0] Pipeline 'egress': start
[07:47:13.205] [bmv2] [D] [thread 9970] [0.0] [cxt 0] Pipeline 'egress': end
[07:47:13.205] [bmv2] [D] [thread 9970] [0.0] [cxt 0] Deparser 'deparser': start
[07:47:13.205] [bmv2] [D] [thread 9970] [0.0] [cxt 0] Deparser 'deparser': end
[07:47:13.205] [bmv2] [D] [thread 9972] [0.0] [cxt 0] Transmitting packet of size 98 out of port 2
[07:47:13.214] [bmv2] [D] [thread 9967] [1.0] [cxt 0] Processing packet received on port 2
[07:47:13.214] [bmv2] [D] [thread 9967] [1.0] [cxt 0] Parser 'parser': start
[07:47:13.214] [bmv2] [D] [thread 9967] [1.0] [cxt 0] Parser 'parser' entering state 'start'
[07:47:13.214] [bmv2] [D] [thread 9967] [1.0] [cxt 0] Parser state 'start' has no switch, going to default next state
[07:47:13.214] [bmv2] [T] [thread 9967] [1.0] [cxt 0] Bytes parsed: 0
[07:47:13.214] [bmv2] [D] [thread 9967] [1.0] [cxt 0] Parser 'parser': end
[07:47:13.214] [bmv2] [D] [thread 9967] [1.0] [cxt 0] Pipeline 'ingress': start
[07:47:13.214] [bmv2] [T] [thread 9967] [1.0] [cxt 0] Applying table 'MyIngress.phy_forward'
[07:47:13.214] [bmv2] [D] [thread 9967] [1.0] [cxt 0] Looking up key:
* standard_metadata.ingress_port: 0002

[07:47:13.214] [bmv2] [D] [thread 9967] [1.0] [cxt 0] Table 'MyIngress.phy_forward': hit with handle 1
[07:47:13.214] [bmv2] [D] [thread 9967] [1.0] [cxt 0] Dumping entry 1
Match key:
* standard_metadata.ingress_port: EXACT     0002
Action entry: MyIngress.forward - 1,

[07:47:13.214] [bmv2] [D] [thread 9967] [1.0] [cxt 0] Action entry is MyIngress.forward - 1,
[07:47:13.214] [bmv2] [T] [thread 9967] [1.0] [cxt 0] Action MyIngress.forward
[07:47:13.214] [bmv2] [T] [thread 9967] [1.0] [cxt 0] basic.p4(60) Primitive standard_metadata.egress_spec = port
[07:47:13.215] [bmv2] [D] [thread 9967] [1.0] [cxt 0] Pipeline 'ingress': end
[07:47:13.215] [bmv2] [D] [thread 9967] [1.0] [cxt 0] Egress port is 1
[07:47:13.215] [bmv2] [D] [thread 9969] [1.0] [cxt 0] Pipeline 'egress': start
[07:47:13.215] [bmv2] [D] [thread 9969] [1.0] [cxt 0] Pipeline 'egress': end
[07:47:13.215] [bmv2] [D] [thread 9969] [1.0] [cxt 0] Deparser 'deparser': start
[07:47:13.215] [bmv2] [D] [thread 9969] [1.0] [cxt 0] Deparser 'deparser': end
[07:47:13.215] [bmv2] [D] [thread 9972] [1.0] [cxt 0] Transmitting packet of size 98 out of port 1
[07:47:14.203] [bmv2] [D] [thread 9967] [2.0] [cxt 0] Processing packet received on port 1
[07:47:14.203] [bmv2] [D] [thread 9967] [2.0] [cxt 0] Parser 'parser': start
[07:47:14.203] [bmv2] [D] [thread 9967] [2.0] [cxt 0] Parser 'parser' entering state 'start'
[07:47:14.203] [bmv2] [D] [thread 9967] [2.0] [cxt 0] Parser state 'start' has no switch, going to default next state
[07:47:14.203] [bmv2] [T] [thread 9967] [2.0] [cxt 0] Bytes parsed: 0
[07:47:14.203] [bmv2] [D] [thread 9967] [2.0] [cxt 0] Parser 'parser': end
[07:47:14.203] [bmv2] [D] [thread 9967] [2.0] [cxt 0] Pipeline 'ingress': start
[07:47:14.203] [bmv2] [T] [thread 9967] [2.0] [cxt 0] Applying table 'MyIngress.phy_forward'
[07:47:14.203] [bmv2] [D] [thread 9967] [2.0] [cxt 0] Looking up key:
* standard_metadata.ingress_port: 0001

[07:47:14.203] [bmv2] [D] [thread 9967] [2.0] [cxt 0] Table 'MyIngress.phy_forward': hit with handle 0
[07:47:14.203] [bmv2] [D] [thread 9967] [2.0] [cxt 0] Dumping entry 0
Match key:
* standard_metadata.ingress_port: EXACT     0001
Action entry: MyIngress.forward - 2,

[07:47:14.203] [bmv2] [D] [thread 9967] [2.0] [cxt 0] Action entry is MyIngress.forward - 2,
[07:47:14.203] [bmv2] [T] [thread 9967] [2.0] [cxt 0] Action MyIngress.forward
[07:47:14.203] [bmv2] [T] [thread 9967] [2.0] [cxt 0] basic.p4(60) Primitive standard_metadata.egress_spec = port
[07:47:14.203] [bmv2] [D] [thread 9967] [2.0] [cxt 0] Pipeline 'ingress': end
[07:47:14.203] [bmv2] [D] [thread 9967] [2.0] [cxt 0] Egress port is 2
[07:47:14.203] [bmv2] [D] [thread 9970] [2.0] [cxt 0] Pipeline 'egress': start
[07:47:14.203] [bmv2] [D] [thread 9970] [2.0] [cxt 0] Pipeline 'egress': end
[07:47:14.203] [bmv2] [D] [thread 9970] [2.0] [cxt 0] Deparser 'deparser': start
[07:47:14.203] [bmv2] [D] [thread 9970] [2.0] [cxt 0] Deparser 'deparser': end
[07:47:14.203] [bmv2] [D] [thread 9972] [2.0] [cxt 0] Transmitting packet of size 98 out of port 2
[07:47:14.205] [bmv2] [D] [thread 9967] [3.0] [cxt 0] Processing packet received on port 2
[07:47:14.205] [bmv2] [D] [thread 9967] [3.0] [cxt 0] Parser 'parser': start
[07:47:14.205] [bmv2] [D] [thread 9967] [3.0] [cxt 0] Parser 'parser' entering state 'start'
[07:47:14.205] [bmv2] [D] [thread 9967] [3.0] [cxt 0] Parser state 'start' has no switch, going to default next state
[07:47:14.205] [bmv2] [T] [thread 9967] [3.0] [cxt 0] Bytes parsed: 0
[07:47:14.205] [bmv2] [D] [thread 9967] [3.0] [cxt 0] Parser 'parser': end
[07:47:14.205] [bmv2] [D] [thread 9967] [3.0] [cxt 0] Pipeline 'ingress': start
[07:47:14.205] [bmv2] [T] [thread 9967] [3.0] [cxt 0] Applying table 'MyIngress.phy_forward'
[07:47:14.205] [bmv2] [D] [thread 9967] [3.0] [cxt 0] Looking up key:
* standard_metadata.ingress_port: 0002

[07:47:14.205] [bmv2] [D] [thread 9967] [3.0] [cxt 0] Table 'MyIngress.phy_forward': hit with handle 1
[07:47:14.205] [bmv2] [D] [thread 9967] [3.0] [cxt 0] Dumping entry 1
Match key:
* standard_metadata.ingress_port: EXACT     0002
Action entry: MyIngress.forward - 1,

[07:47:14.205] [bmv2] [D] [thread 9967] [3.0] [cxt 0] Action entry is MyIngress.forward - 1,
[07:47:14.205] [bmv2] [T] [thread 9967] [3.0] [cxt 0] Action MyIngress.forward
[07:47:14.205] [bmv2] [T] [thread 9967] [3.0] [cxt 0] basic.p4(60) Primitive standard_metadata.egress_spec = port
[07:47:14.205] [bmv2] [D] [thread 9967] [3.0] [cxt 0] Pipeline 'ingress': end
[07:47:14.205] [bmv2] [D] [thread 9967] [3.0] [cxt 0] Egress port is 1
[07:47:14.207] [bmv2] [D] [thread 9969] [3.0] [cxt 0] Pipeline 'egress': start
[07:47:14.207] [bmv2] [D] [thread 9969] [3.0] [cxt 0] Pipeline 'egress': end
[07:47:14.207] [bmv2] [D] [thread 9969] [3.0] [cxt 0] Deparser 'deparser': start
[07:47:14.207] [bmv2] [D] [thread 9969] [3.0] [cxt 0] Deparser 'deparser': end
[07:47:14.207] [bmv2] [D] [thread 9972] [3.0] [cxt 0] Transmitting packet of size 98 out of port 1
[07:47:15.205] [bmv2] [D] [thread 9967] [4.0] [cxt 0] Processing packet received on port 1
[07:47:15.206] [bmv2] [D] [thread 9967] [4.0] [cxt 0] Parser 'parser': start
[07:47:15.206] [bmv2] [D] [thread 9967] [4.0] [cxt 0] Parser 'parser' entering state 'start'
[07:47:15.206] [bmv2] [D] [thread 9967] [4.0] [cxt 0] Parser state 'start' has no switch, going to default next state
[07:47:15.206] [bmv2] [T] [thread 9967] [4.0] [cxt 0] Bytes parsed: 0
[07:47:15.206] [bmv2] [D] [thread 9967] [4.0] [cxt 0] Parser 'parser': end
[07:47:15.206] [bmv2] [D] [thread 9967] [4.0] [cxt 0] Pipeline 'ingress': start
[07:47:15.206] [bmv2] [T] [thread 9967] [4.0] [cxt 0] Applying table 'MyIngress.phy_forward'
[07:47:15.206] [bmv2] [D] [thread 9967] [4.0] [cxt 0] Looking up key:
* standard_metadata.ingress_port: 0001

[07:47:15.206] [bmv2] [D] [thread 9967] [4.0] [cxt 0] Table 'MyIngress.phy_forward': hit with handle 0
[07:47:15.206] [bmv2] [D] [thread 9967] [4.0] [cxt 0] Dumping entry 0
Match key:
* standard_metadata.ingress_port: EXACT     0001
Action entry: MyIngress.forward - 2,

[07:47:15.206] [bmv2] [D] [thread 9967] [4.0] [cxt 0] Action entry is MyIngress.forward - 2,
[07:47:15.206] [bmv2] [T] [thread 9967] [4.0] [cxt 0] Action MyIngress.forward
[07:47:15.206] [bmv2] [T] [thread 9967] [4.0] [cxt 0] basic.p4(60) Primitive standard_metadata.egress_spec = port
[07:47:15.206] [bmv2] [D] [thread 9967] [4.0] [cxt 0] Pipeline 'ingress': end
[07:47:15.206] [bmv2] [D] [thread 9967] [4.0] [cxt 0] Egress port is 2
[07:47:15.206] [bmv2] [D] [thread 9970] [4.0] [cxt 0] Pipeline 'egress': start
[07:47:15.206] [bmv2] [D] [thread 9970] [4.0] [cxt 0] Pipeline 'egress': end
[07:47:15.206] [bmv2] [D] [thread 9970] [4.0] [cxt 0] Deparser 'deparser': start
[07:47:15.206] [bmv2] [D] [thread 9970] [4.0] [cxt 0] Deparser 'deparser': end
[07:47:15.206] [bmv2] [D] [thread 9972] [4.0] [cxt 0] Transmitting packet of size 98 out of port 2
[07:47:15.207] [bmv2] [D] [thread 9967] [5.0] [cxt 0] Processing packet received on port 2
[07:47:15.207] [bmv2] [D] [thread 9967] [5.0] [cxt 0] Parser 'parser': start
[07:47:15.207] [bmv2] [D] [thread 9967] [5.0] [cxt 0] Parser 'parser' entering state 'start'
[07:47:15.207] [bmv2] [D] [thread 9967] [5.0] [cxt 0] Parser state 'start' has no switch, going to default next state
[07:47:15.207] [bmv2] [T] [thread 9967] [5.0] [cxt 0] Bytes parsed: 0
[07:47:15.207] [bmv2] [D] [thread 9967] [5.0] [cxt 0] Parser 'parser': end
[07:47:15.207] [bmv2] [D] [thread 9967] [5.0] [cxt 0] Pipeline 'ingress': start
[07:47:15.207] [bmv2] [T] [thread 9967] [5.0] [cxt 0] Applying table 'MyIngress.phy_forward'
[07:47:15.207] [bmv2] [D] [thread 9967] [5.0] [cxt 0] Looking up key:
* standard_metadata.ingress_port: 0002

[07:47:15.207] [bmv2] [D] [thread 9967] [5.0] [cxt 0] Table 'MyIngress.phy_forward': hit with handle 1
[07:47:15.207] [bmv2] [D] [thread 9967] [5.0] [cxt 0] Dumping entry 1
Match key:
* standard_metadata.ingress_port: EXACT     0002
Action entry: MyIngress.forward - 1,

[07:47:15.207] [bmv2] [D] [thread 9967] [5.0] [cxt 0] Action entry is MyIngress.forward - 1,
[07:47:15.207] [bmv2] [T] [thread 9967] [5.0] [cxt 0] Action MyIngress.forward
[07:47:15.207] [bmv2] [T] [thread 9967] [5.0] [cxt 0] basic.p4(60) Primitive standard_metadata.egress_spec = port
[07:47:15.208] [bmv2] [D] [thread 9967] [5.0] [cxt 0] Pipeline 'ingress': end
[07:47:15.208] [bmv2] [D] [thread 9967] [5.0] [cxt 0] Egress port is 1
[07:47:15.208] [bmv2] [D] [thread 9969] [5.0] [cxt 0] Pipeline 'egress': start
[07:47:15.208] [bmv2] [D] [thread 9969] [5.0] [cxt 0] Pipeline 'egress': end
[07:47:15.208] [bmv2] [D] [thread 9969] [5.0] [cxt 0] Deparser 'deparser': start
[07:47:15.208] [bmv2] [D] [thread 9969] [5.0] [cxt 0] Deparser 'deparser': end
[07:47:15.208] [bmv2] [D] [thread 9972] [5.0] [cxt 0] Transmitting packet of size 98 out of port 1
open: No such file or directory
open: No such file or directory
open: No such file or directory
