Calling target program-options parser
[07:46:49.573] [bmv2] [D] [thread 9975] Set default default entry for table 'MyIngress.phy_forward': MyIngress.drop - 
Adding interface s2-eth1 as port 1
[07:46:49.587] [bmv2] [D] [thread 9975] Adding interface s2-eth1 as port 1
Adding interface s2-eth2 as port 2
[07:46:49.624] [bmv2] [D] [thread 9975] Adding interface s2-eth2 as port 2
[07:46:49.661] [bmv2] [I] [thread 9975] Starting Thrift server on port 9091
[07:46:49.662] [bmv2] [I] [thread 9975] Thrift server was started
[07:47:04.878] [bmv2] [T] [thread 10020] bm_get_config
[07:47:04.896] [bmv2] [T] [thread 10020] bm_table_add_entry
[07:47:04.897] [bmv2] [D] [thread 10020] Entry 0 added to table 'MyIngress.phy_forward'
[07:47:04.897] [bmv2] [D] [thread 10020] Dumping entry 0
Match key:
* standard_metadata.ingress_port: EXACT     0001
Action entry: MyIngress.forward - 2,

[07:47:04.901] [bmv2] [T] [thread 10020] bm_table_add_entry
[07:47:04.902] [bmv2] [E] [thread 10020] Error when trying to add entry to table 'MyIngress.phy_forward'
[07:47:04.931] [bmv2] [T] [thread 10020] bm_table_add_entry
[07:47:04.931] [bmv2] [D] [thread 10020] Entry 1 added to table 'MyIngress.phy_forward'
[07:47:04.931] [bmv2] [D] [thread 10020] Dumping entry 1
Match key:
* standard_metadata.ingress_port: EXACT     0002
Action entry: MyIngress.forward - 1,

[07:47:13.205] [bmv2] [D] [thread 9981] [0.0] [cxt 0] Processing packet received on port 2
[07:47:13.205] [bmv2] [D] [thread 9981] [0.0] [cxt 0] Parser 'parser': start
[07:47:13.205] [bmv2] [D] [thread 9981] [0.0] [cxt 0] Parser 'parser' entering state 'start'
[07:47:13.205] [bmv2] [D] [thread 9981] [0.0] [cxt 0] Parser state 'start' has no switch, going to default next state
[07:47:13.205] [bmv2] [T] [thread 9981] [0.0] [cxt 0] Bytes parsed: 0
[07:47:13.205] [bmv2] [D] [thread 9981] [0.0] [cxt 0] Parser 'parser': end
[07:47:13.205] [bmv2] [D] [thread 9981] [0.0] [cxt 0] Pipeline 'ingress': start
[07:47:13.205] [bmv2] [T] [thread 9981] [0.0] [cxt 0] Applying table 'MyIngress.phy_forward'
[07:47:13.205] [bmv2] [D] [thread 9981] [0.0] [cxt 0] Looking up key:
* standard_metadata.ingress_port: 0002

[07:47:13.205] [bmv2] [D] [thread 9981] [0.0] [cxt 0] Table 'MyIngress.phy_forward': hit with handle 1
[07:47:13.205] [bmv2] [D] [thread 9981] [0.0] [cxt 0] Dumping entry 1
Match key:
* standard_metadata.ingress_port: EXACT     0002
Action entry: MyIngress.forward - 1,

[07:47:13.205] [bmv2] [D] [thread 9981] [0.0] [cxt 0] Action entry is MyIngress.forward - 1,
[07:47:13.205] [bmv2] [T] [thread 9981] [0.0] [cxt 0] Action MyIngress.forward
[07:47:13.205] [bmv2] [T] [thread 9981] [0.0] [cxt 0] basic.p4(60) Primitive standard_metadata.egress_spec = port
[07:47:13.205] [bmv2] [D] [thread 9981] [0.0] [cxt 0] Pipeline 'ingress': end
[07:47:13.205] [bmv2] [D] [thread 9981] [0.0] [cxt 0] Egress port is 1
[07:47:13.208] [bmv2] [D] [thread 9983] [0.0] [cxt 0] Pipeline 'egress': start
[07:47:13.208] [bmv2] [D] [thread 9983] [0.0] [cxt 0] Pipeline 'egress': end
[07:47:13.208] [bmv2] [D] [thread 9983] [0.0] [cxt 0] Deparser 'deparser': start
[07:47:13.208] [bmv2] [D] [thread 9983] [0.0] [cxt 0] Deparser 'deparser': end
[07:47:13.209] [bmv2] [D] [thread 9986] [0.0] [cxt 0] Transmitting packet of size 98 out of port 1
[07:47:13.209] [bmv2] [D] [thread 9981] [1.0] [cxt 0] Processing packet received on port 1
[07:47:13.209] [bmv2] [D] [thread 9981] [1.0] [cxt 0] Parser 'parser': start
[07:47:13.209] [bmv2] [D] [thread 9981] [1.0] [cxt 0] Parser 'parser' entering state 'start'
[07:47:13.209] [bmv2] [D] [thread 9981] [1.0] [cxt 0] Parser state 'start' has no switch, going to default next state
[07:47:13.209] [bmv2] [T] [thread 9981] [1.0] [cxt 0] Bytes parsed: 0
[07:47:13.209] [bmv2] [D] [thread 9981] [1.0] [cxt 0] Parser 'parser': end
[07:47:13.209] [bmv2] [D] [thread 9981] [1.0] [cxt 0] Pipeline 'ingress': start
[07:47:13.209] [bmv2] [T] [thread 9981] [1.0] [cxt 0] Applying table 'MyIngress.phy_forward'
[07:47:13.209] [bmv2] [D] [thread 9981] [1.0] [cxt 0] Looking up key:
* standard_metadata.ingress_port: 0001

[07:47:13.209] [bmv2] [D] [thread 9981] [1.0] [cxt 0] Table 'MyIngress.phy_forward': hit with handle 0
[07:47:13.209] [bmv2] [D] [thread 9981] [1.0] [cxt 0] Dumping entry 0
Match key:
* standard_metadata.ingress_port: EXACT     0001
Action entry: MyIngress.forward - 2,

[07:47:13.209] [bmv2] [D] [thread 9981] [1.0] [cxt 0] Action entry is MyIngress.forward - 2,
[07:47:13.209] [bmv2] [T] [thread 9981] [1.0] [cxt 0] Action MyIngress.forward
[07:47:13.209] [bmv2] [T] [thread 9981] [1.0] [cxt 0] basic.p4(60) Primitive standard_metadata.egress_spec = port
[07:47:13.209] [bmv2] [D] [thread 9981] [1.0] [cxt 0] Pipeline 'ingress': end
[07:47:13.209] [bmv2] [D] [thread 9981] [1.0] [cxt 0] Egress port is 2
[07:47:13.214] [bmv2] [D] [thread 9984] [1.0] [cxt 0] Pipeline 'egress': start
[07:47:13.214] [bmv2] [D] [thread 9984] [1.0] [cxt 0] Pipeline 'egress': end
[07:47:13.214] [bmv2] [D] [thread 9984] [1.0] [cxt 0] Deparser 'deparser': start
[07:47:13.214] [bmv2] [D] [thread 9984] [1.0] [cxt 0] Deparser 'deparser': end
[07:47:13.214] [bmv2] [D] [thread 9986] [1.0] [cxt 0] Transmitting packet of size 98 out of port 2
[07:47:14.204] [bmv2] [D] [thread 9981] [2.0] [cxt 0] Processing packet received on port 2
[07:47:14.204] [bmv2] [D] [thread 9981] [2.0] [cxt 0] Parser 'parser': start
[07:47:14.204] [bmv2] [D] [thread 9981] [2.0] [cxt 0] Parser 'parser' entering state 'start'
[07:47:14.204] [bmv2] [D] [thread 9981] [2.0] [cxt 0] Parser state 'start' has no switch, going to default next state
[07:47:14.204] [bmv2] [T] [thread 9981] [2.0] [cxt 0] Bytes parsed: 0
[07:47:14.204] [bmv2] [D] [thread 9981] [2.0] [cxt 0] Parser 'parser': end
[07:47:14.204] [bmv2] [D] [thread 9981] [2.0] [cxt 0] Pipeline 'ingress': start
[07:47:14.204] [bmv2] [T] [thread 9981] [2.0] [cxt 0] Applying table 'MyIngress.phy_forward'
[07:47:14.204] [bmv2] [D] [thread 9981] [2.0] [cxt 0] Looking up key:
* standard_metadata.ingress_port: 0002

[07:47:14.204] [bmv2] [D] [thread 9981] [2.0] [cxt 0] Table 'MyIngress.phy_forward': hit with handle 1
[07:47:14.204] [bmv2] [D] [thread 9981] [2.0] [cxt 0] Dumping entry 1
Match key:
* standard_metadata.ingress_port: EXACT     0002
Action entry: MyIngress.forward - 1,

[07:47:14.204] [bmv2] [D] [thread 9981] [2.0] [cxt 0] Action entry is MyIngress.forward - 1,
[07:47:14.204] [bmv2] [T] [thread 9981] [2.0] [cxt 0] Action MyIngress.forward
[07:47:14.204] [bmv2] [T] [thread 9981] [2.0] [cxt 0] basic.p4(60) Primitive standard_metadata.egress_spec = port
[07:47:14.204] [bmv2] [D] [thread 9981] [2.0] [cxt 0] Pipeline 'ingress': end
[07:47:14.204] [bmv2] [D] [thread 9981] [2.0] [cxt 0] Egress port is 1
[07:47:14.204] [bmv2] [D] [thread 9983] [2.0] [cxt 0] Pipeline 'egress': start
[07:47:14.204] [bmv2] [D] [thread 9983] [2.0] [cxt 0] Pipeline 'egress': end
[07:47:14.204] [bmv2] [D] [thread 9983] [2.0] [cxt 0] Deparser 'deparser': start
[07:47:14.204] [bmv2] [D] [thread 9983] [2.0] [cxt 0] Deparser 'deparser': end
[07:47:14.204] [bmv2] [D] [thread 9986] [2.0] [cxt 0] Transmitting packet of size 98 out of port 1
[07:47:14.204] [bmv2] [D] [thread 9981] [3.0] [cxt 0] Processing packet received on port 1
[07:47:14.204] [bmv2] [D] [thread 9981] [3.0] [cxt 0] Parser 'parser': start
[07:47:14.204] [bmv2] [D] [thread 9981] [3.0] [cxt 0] Parser 'parser' entering state 'start'
[07:47:14.204] [bmv2] [D] [thread 9981] [3.0] [cxt 0] Parser state 'start' has no switch, going to default next state
[07:47:14.204] [bmv2] [T] [thread 9981] [3.0] [cxt 0] Bytes parsed: 0
[07:47:14.204] [bmv2] [D] [thread 9981] [3.0] [cxt 0] Parser 'parser': end
[07:47:14.204] [bmv2] [D] [thread 9981] [3.0] [cxt 0] Pipeline 'ingress': start
[07:47:14.204] [bmv2] [T] [thread 9981] [3.0] [cxt 0] Applying table 'MyIngress.phy_forward'
[07:47:14.204] [bmv2] [D] [thread 9981] [3.0] [cxt 0] Looking up key:
* standard_metadata.ingress_port: 0001

[07:47:14.205] [bmv2] [D] [thread 9981] [3.0] [cxt 0] Table 'MyIngress.phy_forward': hit with handle 0
[07:47:14.205] [bmv2] [D] [thread 9981] [3.0] [cxt 0] Dumping entry 0
Match key:
* standard_metadata.ingress_port: EXACT     0001
Action entry: MyIngress.forward - 2,

[07:47:14.205] [bmv2] [D] [thread 9981] [3.0] [cxt 0] Action entry is MyIngress.forward - 2,
[07:47:14.205] [bmv2] [T] [thread 9981] [3.0] [cxt 0] Action MyIngress.forward
[07:47:14.205] [bmv2] [T] [thread 9981] [3.0] [cxt 0] basic.p4(60) Primitive standard_metadata.egress_spec = port
[07:47:14.205] [bmv2] [D] [thread 9981] [3.0] [cxt 0] Pipeline 'ingress': end
[07:47:14.205] [bmv2] [D] [thread 9981] [3.0] [cxt 0] Egress port is 2
[07:47:14.205] [bmv2] [D] [thread 9984] [3.0] [cxt 0] Pipeline 'egress': start
[07:47:14.205] [bmv2] [D] [thread 9984] [3.0] [cxt 0] Pipeline 'egress': end
[07:47:14.205] [bmv2] [D] [thread 9984] [3.0] [cxt 0] Deparser 'deparser': start
[07:47:14.205] [bmv2] [D] [thread 9984] [3.0] [cxt 0] Deparser 'deparser': end
[07:47:14.205] [bmv2] [D] [thread 9986] [3.0] [cxt 0] Transmitting packet of size 98 out of port 2
[07:47:15.206] [bmv2] [D] [thread 9981] [4.0] [cxt 0] Processing packet received on port 2
[07:47:15.206] [bmv2] [D] [thread 9981] [4.0] [cxt 0] Parser 'parser': start
[07:47:15.206] [bmv2] [D] [thread 9981] [4.0] [cxt 0] Parser 'parser' entering state 'start'
[07:47:15.206] [bmv2] [D] [thread 9981] [4.0] [cxt 0] Parser state 'start' has no switch, going to default next state
[07:47:15.206] [bmv2] [T] [thread 9981] [4.0] [cxt 0] Bytes parsed: 0
[07:47:15.206] [bmv2] [D] [thread 9981] [4.0] [cxt 0] Parser 'parser': end
[07:47:15.206] [bmv2] [D] [thread 9981] [4.0] [cxt 0] Pipeline 'ingress': start
[07:47:15.206] [bmv2] [T] [thread 9981] [4.0] [cxt 0] Applying table 'MyIngress.phy_forward'
[07:47:15.207] [bmv2] [D] [thread 9981] [4.0] [cxt 0] Looking up key:
* standard_metadata.ingress_port: 0002

[07:47:15.207] [bmv2] [D] [thread 9981] [4.0] [cxt 0] Table 'MyIngress.phy_forward': hit with handle 1
[07:47:15.207] [bmv2] [D] [thread 9981] [4.0] [cxt 0] Dumping entry 1
Match key:
* standard_metadata.ingress_port: EXACT     0002
Action entry: MyIngress.forward - 1,

[07:47:15.207] [bmv2] [D] [thread 9981] [4.0] [cxt 0] Action entry is MyIngress.forward - 1,
[07:47:15.207] [bmv2] [T] [thread 9981] [4.0] [cxt 0] Action MyIngress.forward
[07:47:15.207] [bmv2] [T] [thread 9981] [4.0] [cxt 0] basic.p4(60) Primitive standard_metadata.egress_spec = port
[07:47:15.207] [bmv2] [D] [thread 9981] [4.0] [cxt 0] Pipeline 'ingress': end
[07:47:15.207] [bmv2] [D] [thread 9981] [4.0] [cxt 0] Egress port is 1
[07:47:15.207] [bmv2] [D] [thread 9983] [4.0] [cxt 0] Pipeline 'egress': start
[07:47:15.207] [bmv2] [D] [thread 9983] [4.0] [cxt 0] Pipeline 'egress': end
[07:47:15.207] [bmv2] [D] [thread 9983] [4.0] [cxt 0] Deparser 'deparser': start
[07:47:15.207] [bmv2] [D] [thread 9983] [4.0] [cxt 0] Deparser 'deparser': end
[07:47:15.207] [bmv2] [D] [thread 9986] [4.0] [cxt 0] Transmitting packet of size 98 out of port 1
[07:47:15.207] [bmv2] [D] [thread 9981] [5.0] [cxt 0] Processing packet received on port 1
[07:47:15.207] [bmv2] [D] [thread 9981] [5.0] [cxt 0] Parser 'parser': start
[07:47:15.207] [bmv2] [D] [thread 9981] [5.0] [cxt 0] Parser 'parser' entering state 'start'
[07:47:15.207] [bmv2] [D] [thread 9981] [5.0] [cxt 0] Parser state 'start' has no switch, going to default next state
[07:47:15.207] [bmv2] [T] [thread 9981] [5.0] [cxt 0] Bytes parsed: 0
[07:47:15.207] [bmv2] [D] [thread 9981] [5.0] [cxt 0] Parser 'parser': end
[07:47:15.207] [bmv2] [D] [thread 9981] [5.0] [cxt 0] Pipeline 'ingress': start
[07:47:15.207] [bmv2] [T] [thread 9981] [5.0] [cxt 0] Applying table 'MyIngress.phy_forward'
[07:47:15.207] [bmv2] [D] [thread 9981] [5.0] [cxt 0] Looking up key:
* standard_metadata.ingress_port: 0001

[07:47:15.207] [bmv2] [D] [thread 9981] [5.0] [cxt 0] Table 'MyIngress.phy_forward': hit with handle 0
[07:47:15.207] [bmv2] [D] [thread 9981] [5.0] [cxt 0] Dumping entry 0
Match key:
* standard_metadata.ingress_port: EXACT     0001
Action entry: MyIngress.forward - 2,

[07:47:15.207] [bmv2] [D] [thread 9981] [5.0] [cxt 0] Action entry is MyIngress.forward - 2,
[07:47:15.207] [bmv2] [T] [thread 9981] [5.0] [cxt 0] Action MyIngress.forward
[07:47:15.207] [bmv2] [T] [thread 9981] [5.0] [cxt 0] basic.p4(60) Primitive standard_metadata.egress_spec = port
[07:47:15.207] [bmv2] [D] [thread 9981] [5.0] [cxt 0] Pipeline 'ingress': end
[07:47:15.207] [bmv2] [D] [thread 9981] [5.0] [cxt 0] Egress port is 2
[07:47:15.207] [bmv2] [D] [thread 9984] [5.0] [cxt 0] Pipeline 'egress': start
[07:47:15.207] [bmv2] [D] [thread 9984] [5.0] [cxt 0] Pipeline 'egress': end
[07:47:15.207] [bmv2] [D] [thread 9984] [5.0] [cxt 0] Deparser 'deparser': start
[07:47:15.207] [bmv2] [D] [thread 9984] [5.0] [cxt 0] Deparser 'deparser': end
[07:47:15.207] [bmv2] [D] [thread 9986] [5.0] [cxt 0] Transmitting packet of size 98 out of port 2
open: No such file or directory
open: No such file or directory
