Calling target program-options parser
[13:16:58.666] [bmv2] [D] [thread 3699] Set default default entry for table 'ipv4_lpm': _drop - 
Adding interface s1-eth1 as port 1
[13:16:58.667] [bmv2] [D] [thread 3699] Adding interface s1-eth1 as port 1
Adding interface s1-eth2 as port 2
[13:16:58.703] [bmv2] [D] [thread 3699] Adding interface s1-eth2 as port 2
[13:16:58.727] [bmv2] [I] [thread 3699] Starting Thrift server on port 9090
[13:16:58.727] [bmv2] [I] [thread 3699] Thrift server was started
[13:16:58.999] [bmv2] [D] [thread 3705] [0.0] [cxt 0] Processing packet received on port 2
[13:16:58.999] [bmv2] [D] [thread 3705] [0.0] [cxt 0] Parser 'parser': start
[13:16:58.999] [bmv2] [D] [thread 3705] [0.0] [cxt 0] Parser 'parser' entering state 'start'
[13:16:58.999] [bmv2] [D] [thread 3705] [0.0] [cxt 0] Parser state 'start' has no switch, going to default next state
[13:16:58.999] [bmv2] [T] [thread 3705] [0.0] [cxt 0] Bytes parsed: 0
[13:16:58.999] [bmv2] [D] [thread 3705] [0.0] [cxt 0] Parser 'parser' entering state 'parse_ethernet'
[13:16:58.999] [bmv2] [D] [thread 3705] [0.0] [cxt 0] Extracting header 'ethernet'
[13:16:58.999] [bmv2] [D] [thread 3705] [0.0] [cxt 0] Parser state 'parse_ethernet': key is 86dd
[13:16:58.999] [bmv2] [T] [thread 3705] [0.0] [cxt 0] Bytes parsed: 14
[13:16:58.999] [bmv2] [T] [thread 3705] [0.0] [cxt 0] Skipping checksum 'cksum_0' verification because target field invalid
[13:16:58.999] [bmv2] [D] [thread 3705] [0.0] [cxt 0] Parser 'parser': end
[13:16:58.999] [bmv2] [D] [thread 3705] [0.0] [cxt 0] Pipeline 'ingress': start
[13:16:58.999] [bmv2] [T] [thread 3705] [0.0] [cxt 0] Applying table 'ipv4_lpm'
[13:16:58.999] [bmv2] [D] [thread 3705] [0.0] [cxt 0] Looking up key:
* ipv4.dstAddr        : 00000000

[13:16:58.999] [bmv2] [D] [thread 3705] [0.0] [cxt 0] Table 'ipv4_lpm': miss
[13:16:58.999] [bmv2] [D] [thread 3705] [0.0] [cxt 0] Action entry is _drop - 
[13:16:58.999] [bmv2] [T] [thread 3705] [0.0] [cxt 0] Action _drop
[13:16:58.999] [bmv2] [T] [thread 3705] [0.0] [cxt 0] ip_forward.p4(185) Primitive mark_to_drop(standard_metadata)
[13:16:58.999] [bmv2] [D] [thread 3705] [0.0] [cxt 0] Pipeline 'ingress': end
[13:16:58.999] [bmv2] [D] [thread 3705] [0.0] [cxt 0] Egress port is 511
[13:16:58.999] [bmv2] [D] [thread 3705] [0.0] [cxt 0] Dropping packet at the end of ingress
[13:16:59.023] [bmv2] [D] [thread 3705] [1.0] [cxt 0] Processing packet received on port 1
[13:16:59.023] [bmv2] [D] [thread 3705] [1.0] [cxt 0] Parser 'parser': start
[13:16:59.023] [bmv2] [D] [thread 3705] [1.0] [cxt 0] Parser 'parser' entering state 'start'
[13:16:59.023] [bmv2] [D] [thread 3705] [1.0] [cxt 0] Parser state 'start' has no switch, going to default next state
[13:16:59.023] [bmv2] [T] [thread 3705] [1.0] [cxt 0] Bytes parsed: 0
[13:16:59.023] [bmv2] [D] [thread 3705] [1.0] [cxt 0] Parser 'parser' entering state 'parse_ethernet'
[13:16:59.023] [bmv2] [D] [thread 3705] [1.0] [cxt 0] Extracting header 'ethernet'
[13:16:59.023] [bmv2] [D] [thread 3705] [1.0] [cxt 0] Parser state 'parse_ethernet': key is 86dd
[13:16:59.023] [bmv2] [T] [thread 3705] [1.0] [cxt 0] Bytes parsed: 14
[13:16:59.023] [bmv2] [T] [thread 3705] [1.0] [cxt 0] Skipping checksum 'cksum_0' verification because target field invalid
[13:16:59.023] [bmv2] [D] [thread 3705] [1.0] [cxt 0] Parser 'parser': end
[13:16:59.023] [bmv2] [D] [thread 3705] [1.0] [cxt 0] Pipeline 'ingress': start
[13:16:59.023] [bmv2] [T] [thread 3705] [1.0] [cxt 0] Applying table 'ipv4_lpm'
[13:16:59.023] [bmv2] [D] [thread 3705] [1.0] [cxt 0] Looking up key:
* ipv4.dstAddr        : 00000000

[13:16:59.023] [bmv2] [D] [thread 3705] [1.0] [cxt 0] Table 'ipv4_lpm': miss
[13:16:59.023] [bmv2] [D] [thread 3705] [1.0] [cxt 0] Action entry is _drop - 
[13:16:59.023] [bmv2] [T] [thread 3705] [1.0] [cxt 0] Action _drop
[13:16:59.023] [bmv2] [T] [thread 3705] [1.0] [cxt 0] ip_forward.p4(185) Primitive mark_to_drop(standard_metadata)
[13:16:59.023] [bmv2] [D] [thread 3705] [1.0] [cxt 0] Pipeline 'ingress': end
[13:16:59.023] [bmv2] [D] [thread 3705] [1.0] [cxt 0] Egress port is 511
[13:16:59.023] [bmv2] [D] [thread 3705] [1.0] [cxt 0] Dropping packet at the end of ingress
[13:16:59.162] [bmv2] [D] [thread 3705] [2.0] [cxt 0] Processing packet received on port 2
[13:16:59.162] [bmv2] [D] [thread 3705] [2.0] [cxt 0] Parser 'parser': start
[13:16:59.162] [bmv2] [D] [thread 3705] [2.0] [cxt 0] Parser 'parser' entering state 'start'
[13:16:59.162] [bmv2] [D] [thread 3705] [2.0] [cxt 0] Parser state 'start' has no switch, going to default next state
[13:16:59.162] [bmv2] [T] [thread 3705] [2.0] [cxt 0] Bytes parsed: 0
[13:16:59.162] [bmv2] [D] [thread 3705] [2.0] [cxt 0] Parser 'parser' entering state 'parse_ethernet'
[13:16:59.162] [bmv2] [D] [thread 3705] [2.0] [cxt 0] Extracting header 'ethernet'
[13:16:59.162] [bmv2] [D] [thread 3705] [2.0] [cxt 0] Parser state 'parse_ethernet': key is 86dd
[13:16:59.162] [bmv2] [T] [thread 3705] [2.0] [cxt 0] Bytes parsed: 14
[13:16:59.162] [bmv2] [T] [thread 3705] [2.0] [cxt 0] Skipping checksum 'cksum_0' verification because target field invalid
[13:16:59.162] [bmv2] [D] [thread 3705] [2.0] [cxt 0] Parser 'parser': end
[13:16:59.162] [bmv2] [D] [thread 3705] [2.0] [cxt 0] Pipeline 'ingress': start
[13:16:59.162] [bmv2] [T] [thread 3705] [2.0] [cxt 0] Applying table 'ipv4_lpm'
[13:16:59.162] [bmv2] [D] [thread 3705] [2.0] [cxt 0] Looking up key:
* ipv4.dstAddr        : 00000000

[13:16:59.162] [bmv2] [D] [thread 3705] [2.0] [cxt 0] Table 'ipv4_lpm': miss
[13:16:59.162] [bmv2] [D] [thread 3705] [2.0] [cxt 0] Action entry is _drop - 
[13:16:59.162] [bmv2] [T] [thread 3705] [2.0] [cxt 0] Action _drop
[13:16:59.162] [bmv2] [T] [thread 3705] [2.0] [cxt 0] ip_forward.p4(185) Primitive mark_to_drop(standard_metadata)
[13:16:59.162] [bmv2] [D] [thread 3705] [2.0] [cxt 0] Pipeline 'ingress': end
[13:16:59.162] [bmv2] [D] [thread 3705] [2.0] [cxt 0] Egress port is 511
[13:16:59.162] [bmv2] [D] [thread 3705] [2.0] [cxt 0] Dropping packet at the end of ingress
[13:16:59.314] [bmv2] [D] [thread 3705] [3.0] [cxt 0] Processing packet received on port 2
[13:16:59.314] [bmv2] [D] [thread 3705] [3.0] [cxt 0] Parser 'parser': start
[13:16:59.314] [bmv2] [D] [thread 3705] [3.0] [cxt 0] Parser 'parser' entering state 'start'
[13:16:59.314] [bmv2] [D] [thread 3705] [3.0] [cxt 0] Parser state 'start' has no switch, going to default next state
[13:16:59.314] [bmv2] [T] [thread 3705] [3.0] [cxt 0] Bytes parsed: 0
[13:16:59.314] [bmv2] [D] [thread 3705] [3.0] [cxt 0] Parser 'parser' entering state 'parse_ethernet'
[13:16:59.314] [bmv2] [D] [thread 3705] [3.0] [cxt 0] Extracting header 'ethernet'
[13:16:59.314] [bmv2] [D] [thread 3705] [3.0] [cxt 0] Parser state 'parse_ethernet': key is 86dd
[13:16:59.314] [bmv2] [T] [thread 3705] [3.0] [cxt 0] Bytes parsed: 14
[13:16:59.314] [bmv2] [T] [thread 3705] [3.0] [cxt 0] Skipping checksum 'cksum_0' verification because target field invalid
[13:16:59.314] [bmv2] [D] [thread 3705] [3.0] [cxt 0] Parser 'parser': end
[13:16:59.314] [bmv2] [D] [thread 3705] [3.0] [cxt 0] Pipeline 'ingress': start
[13:16:59.314] [bmv2] [T] [thread 3705] [3.0] [cxt 0] Applying table 'ipv4_lpm'
[13:16:59.314] [bmv2] [D] [thread 3705] [3.0] [cxt 0] Looking up key:
* ipv4.dstAddr        : 00000000

[13:16:59.314] [bmv2] [D] [thread 3705] [3.0] [cxt 0] Table 'ipv4_lpm': miss
[13:16:59.314] [bmv2] [D] [thread 3705] [3.0] [cxt 0] Action entry is _drop - 
[13:16:59.314] [bmv2] [T] [thread 3705] [3.0] [cxt 0] Action _drop
[13:16:59.314] [bmv2] [T] [thread 3705] [3.0] [cxt 0] ip_forward.p4(185) Primitive mark_to_drop(standard_metadata)
[13:16:59.314] [bmv2] [D] [thread 3705] [3.0] [cxt 0] Pipeline 'ingress': end
[13:16:59.315] [bmv2] [D] [thread 3705] [3.0] [cxt 0] Egress port is 511
[13:16:59.315] [bmv2] [D] [thread 3705] [3.0] [cxt 0] Dropping packet at the end of ingress
[13:16:59.612] [bmv2] [D] [thread 3705] [4.0] [cxt 0] Processing packet received on port 2
[13:16:59.612] [bmv2] [D] [thread 3705] [4.0] [cxt 0] Parser 'parser': start
[13:16:59.612] [bmv2] [D] [thread 3705] [4.0] [cxt 0] Parser 'parser' entering state 'start'
[13:16:59.612] [bmv2] [D] [thread 3705] [4.0] [cxt 0] Parser state 'start' has no switch, going to default next state
[13:16:59.612] [bmv2] [T] [thread 3705] [4.0] [cxt 0] Bytes parsed: 0
[13:16:59.612] [bmv2] [D] [thread 3705] [4.0] [cxt 0] Parser 'parser' entering state 'parse_ethernet'
[13:16:59.612] [bmv2] [D] [thread 3705] [4.0] [cxt 0] Extracting header 'ethernet'
[13:16:59.612] [bmv2] [D] [thread 3705] [4.0] [cxt 0] Parser state 'parse_ethernet': key is 86dd
[13:16:59.612] [bmv2] [T] [thread 3705] [4.0] [cxt 0] Bytes parsed: 14
[13:16:59.612] [bmv2] [T] [thread 3705] [4.0] [cxt 0] Skipping checksum 'cksum_0' verification because target field invalid
[13:16:59.612] [bmv2] [D] [thread 3705] [4.0] [cxt 0] Parser 'parser': end
[13:16:59.612] [bmv2] [D] [thread 3705] [4.0] [cxt 0] Pipeline 'ingress': start
[13:16:59.612] [bmv2] [T] [thread 3705] [4.0] [cxt 0] Applying table 'ipv4_lpm'
[13:16:59.612] [bmv2] [D] [thread 3705] [4.0] [cxt 0] Looking up key:
* ipv4.dstAddr        : 00000000

[13:16:59.612] [bmv2] [D] [thread 3705] [4.0] [cxt 0] Table 'ipv4_lpm': miss
[13:16:59.612] [bmv2] [D] [thread 3705] [4.0] [cxt 0] Action entry is _drop - 
[13:16:59.612] [bmv2] [T] [thread 3705] [4.0] [cxt 0] Action _drop
[13:16:59.612] [bmv2] [T] [thread 3705] [4.0] [cxt 0] ip_forward.p4(185) Primitive mark_to_drop(standard_metadata)
[13:16:59.612] [bmv2] [D] [thread 3705] [4.0] [cxt 0] Pipeline 'ingress': end
[13:16:59.612] [bmv2] [D] [thread 3705] [4.0] [cxt 0] Egress port is 511
[13:16:59.612] [bmv2] [D] [thread 3705] [4.0] [cxt 0] Dropping packet at the end of ingress
[13:16:59.612] [bmv2] [D] [thread 3705] [5.0] [cxt 0] Processing packet received on port 2
[13:16:59.612] [bmv2] [D] [thread 3705] [5.0] [cxt 0] Parser 'parser': start
[13:16:59.612] [bmv2] [D] [thread 3705] [5.0] [cxt 0] Parser 'parser' entering state 'start'
[13:16:59.612] [bmv2] [D] [thread 3705] [5.0] [cxt 0] Parser state 'start' has no switch, going to default next state
[13:16:59.612] [bmv2] [T] [thread 3705] [5.0] [cxt 0] Bytes parsed: 0
[13:16:59.612] [bmv2] [D] [thread 3705] [5.0] [cxt 0] Parser 'parser' entering state 'parse_ethernet'
[13:16:59.612] [bmv2] [D] [thread 3705] [5.0] [cxt 0] Extracting header 'ethernet'
[13:16:59.612] [bmv2] [D] [thread 3705] [5.0] [cxt 0] Parser state 'parse_ethernet': key is 86dd
[13:16:59.612] [bmv2] [T] [thread 3705] [5.0] [cxt 0] Bytes parsed: 14
[13:16:59.612] [bmv2] [T] [thread 3705] [5.0] [cxt 0] Skipping checksum 'cksum_0' verification because target field invalid
[13:16:59.612] [bmv2] [D] [thread 3705] [5.0] [cxt 0] Parser 'parser': end
[13:16:59.612] [bmv2] [D] [thread 3705] [5.0] [cxt 0] Pipeline 'ingress': start
[13:16:59.612] [bmv2] [T] [thread 3705] [5.0] [cxt 0] Applying table 'ipv4_lpm'
[13:16:59.612] [bmv2] [D] [thread 3705] [5.0] [cxt 0] Looking up key:
* ipv4.dstAddr        : 00000000

[13:16:59.612] [bmv2] [D] [thread 3705] [5.0] [cxt 0] Table 'ipv4_lpm': miss
[13:16:59.612] [bmv2] [D] [thread 3705] [5.0] [cxt 0] Action entry is _drop - 
[13:16:59.612] [bmv2] [T] [thread 3705] [5.0] [cxt 0] Action _drop
[13:16:59.612] [bmv2] [T] [thread 3705] [5.0] [cxt 0] ip_forward.p4(185) Primitive mark_to_drop(standard_metadata)
[13:16:59.612] [bmv2] [D] [thread 3705] [5.0] [cxt 0] Pipeline 'ingress': end
[13:16:59.612] [bmv2] [D] [thread 3705] [5.0] [cxt 0] Egress port is 511
[13:16:59.612] [bmv2] [D] [thread 3705] [5.0] [cxt 0] Dropping packet at the end of ingress
[13:16:59.619] [bmv2] [D] [thread 3705] [6.0] [cxt 0] Processing packet received on port 2
[13:16:59.619] [bmv2] [D] [thread 3705] [6.0] [cxt 0] Parser 'parser': start
[13:16:59.619] [bmv2] [D] [thread 3705] [6.0] [cxt 0] Parser 'parser' entering state 'start'
[13:16:59.619] [bmv2] [D] [thread 3705] [6.0] [cxt 0] Parser state 'start' has no switch, going to default next state
[13:16:59.619] [bmv2] [T] [thread 3705] [6.0] [cxt 0] Bytes parsed: 0
[13:16:59.619] [bmv2] [D] [thread 3705] [6.0] [cxt 0] Parser 'parser' entering state 'parse_ethernet'
[13:16:59.619] [bmv2] [D] [thread 3705] [6.0] [cxt 0] Extracting header 'ethernet'
[13:16:59.619] [bmv2] [D] [thread 3705] [6.0] [cxt 0] Parser state 'parse_ethernet': key is 86dd
[13:16:59.619] [bmv2] [T] [thread 3705] [6.0] [cxt 0] Bytes parsed: 14
[13:16:59.619] [bmv2] [T] [thread 3705] [6.0] [cxt 0] Skipping checksum 'cksum_0' verification because target field invalid
[13:16:59.619] [bmv2] [D] [thread 3705] [6.0] [cxt 0] Parser 'parser': end
[13:16:59.619] [bmv2] [D] [thread 3705] [6.0] [cxt 0] Pipeline 'ingress': start
[13:16:59.619] [bmv2] [T] [thread 3705] [6.0] [cxt 0] Applying table 'ipv4_lpm'
[13:16:59.619] [bmv2] [D] [thread 3705] [6.0] [cxt 0] Looking up key:
* ipv4.dstAddr        : 00000000

[13:16:59.619] [bmv2] [D] [thread 3705] [6.0] [cxt 0] Table 'ipv4_lpm': miss
[13:16:59.619] [bmv2] [D] [thread 3705] [6.0] [cxt 0] Action entry is _drop - 
[13:16:59.619] [bmv2] [T] [thread 3705] [6.0] [cxt 0] Action _drop
[13:16:59.619] [bmv2] [T] [thread 3705] [6.0] [cxt 0] ip_forward.p4(185) Primitive mark_to_drop(standard_metadata)
[13:16:59.619] [bmv2] [D] [thread 3705] [6.0] [cxt 0] Pipeline 'ingress': end
[13:16:59.619] [bmv2] [D] [thread 3705] [6.0] [cxt 0] Egress port is 511
[13:16:59.619] [bmv2] [D] [thread 3705] [6.0] [cxt 0] Dropping packet at the end of ingress
[13:16:59.701] [bmv2] [D] [thread 3705] [7.0] [cxt 0] Processing packet received on port 2
[13:16:59.701] [bmv2] [D] [thread 3705] [7.0] [cxt 0] Parser 'parser': start
[13:16:59.701] [bmv2] [D] [thread 3705] [7.0] [cxt 0] Parser 'parser' entering state 'start'
[13:16:59.701] [bmv2] [D] [thread 3705] [7.0] [cxt 0] Parser state 'start' has no switch, going to default next state
[13:16:59.701] [bmv2] [T] [thread 3705] [7.0] [cxt 0] Bytes parsed: 0
[13:16:59.701] [bmv2] [D] [thread 3705] [7.0] [cxt 0] Parser 'parser' entering state 'parse_ethernet'
[13:16:59.701] [bmv2] [D] [thread 3705] [7.0] [cxt 0] Extracting header 'ethernet'
[13:16:59.701] [bmv2] [D] [thread 3705] [7.0] [cxt 0] Parser state 'parse_ethernet': key is 86dd
[13:16:59.701] [bmv2] [T] [thread 3705] [7.0] [cxt 0] Bytes parsed: 14
[13:16:59.701] [bmv2] [T] [thread 3705] [7.0] [cxt 0] Skipping checksum 'cksum_0' verification because target field invalid
[13:16:59.701] [bmv2] [D] [thread 3705] [7.0] [cxt 0] Parser 'parser': end
[13:16:59.701] [bmv2] [D] [thread 3705] [7.0] [cxt 0] Pipeline 'ingress': start
[13:16:59.701] [bmv2] [T] [thread 3705] [7.0] [cxt 0] Applying table 'ipv4_lpm'
[13:16:59.701] [bmv2] [D] [thread 3705] [7.0] [cxt 0] Looking up key:
* ipv4.dstAddr        : 00000000

[13:16:59.701] [bmv2] [D] [thread 3705] [7.0] [cxt 0] Table 'ipv4_lpm': miss
[13:16:59.701] [bmv2] [D] [thread 3705] [7.0] [cxt 0] Action entry is _drop - 
[13:16:59.701] [bmv2] [T] [thread 3705] [7.0] [cxt 0] Action _drop
[13:16:59.701] [bmv2] [T] [thread 3705] [7.0] [cxt 0] ip_forward.p4(185) Primitive mark_to_drop(standard_metadata)
[13:16:59.701] [bmv2] [D] [thread 3705] [7.0] [cxt 0] Pipeline 'ingress': end
[13:16:59.701] [bmv2] [D] [thread 3705] [7.0] [cxt 0] Egress port is 511
[13:16:59.701] [bmv2] [D] [thread 3705] [7.0] [cxt 0] Dropping packet at the end of ingress
[13:16:59.712] [bmv2] [D] [thread 3705] [8.0] [cxt 0] Processing packet received on port 2
[13:16:59.712] [bmv2] [D] [thread 3705] [8.0] [cxt 0] Parser 'parser': start
[13:16:59.712] [bmv2] [D] [thread 3705] [8.0] [cxt 0] Parser 'parser' entering state 'start'
[13:16:59.712] [bmv2] [D] [thread 3705] [8.0] [cxt 0] Parser state 'start' has no switch, going to default next state
[13:16:59.712] [bmv2] [T] [thread 3705] [8.0] [cxt 0] Bytes parsed: 0
[13:16:59.712] [bmv2] [D] [thread 3705] [8.0] [cxt 0] Parser 'parser' entering state 'parse_ethernet'
[13:16:59.712] [bmv2] [D] [thread 3705] [8.0] [cxt 0] Extracting header 'ethernet'
[13:16:59.712] [bmv2] [D] [thread 3705] [8.0] [cxt 0] Parser state 'parse_ethernet': key is 86dd
[13:16:59.712] [bmv2] [T] [thread 3705] [8.0] [cxt 0] Bytes parsed: 14
[13:16:59.712] [bmv2] [T] [thread 3705] [8.0] [cxt 0] Skipping checksum 'cksum_0' verification because target field invalid
[13:16:59.712] [bmv2] [D] [thread 3705] [8.0] [cxt 0] Parser 'parser': end
[13:16:59.712] [bmv2] [D] [thread 3705] [8.0] [cxt 0] Pipeline 'ingress': start
[13:16:59.712] [bmv2] [T] [thread 3705] [8.0] [cxt 0] Applying table 'ipv4_lpm'
[13:16:59.712] [bmv2] [D] [thread 3705] [8.0] [cxt 0] Looking up key:
* ipv4.dstAddr        : 00000000

[13:16:59.712] [bmv2] [D] [thread 3705] [8.0] [cxt 0] Table 'ipv4_lpm': miss
[13:16:59.712] [bmv2] [D] [thread 3705] [8.0] [cxt 0] Action entry is _drop - 
[13:16:59.712] [bmv2] [T] [thread 3705] [8.0] [cxt 0] Action _drop
[13:16:59.712] [bmv2] [T] [thread 3705] [8.0] [cxt 0] ip_forward.p4(185) Primitive mark_to_drop(standard_metadata)
[13:16:59.712] [bmv2] [D] [thread 3705] [8.0] [cxt 0] Pipeline 'ingress': end
[13:16:59.712] [bmv2] [D] [thread 3705] [8.0] [cxt 0] Egress port is 511
[13:16:59.712] [bmv2] [D] [thread 3705] [8.0] [cxt 0] Dropping packet at the end of ingress
[13:16:59.952] [bmv2] [D] [thread 3705] [9.0] [cxt 0] Processing packet received on port 2
[13:16:59.952] [bmv2] [D] [thread 3705] [9.0] [cxt 0] Parser 'parser': start
[13:16:59.952] [bmv2] [D] [thread 3705] [9.0] [cxt 0] Parser 'parser' entering state 'start'
[13:16:59.952] [bmv2] [D] [thread 3705] [9.0] [cxt 0] Parser state 'start' has no switch, going to default next state
[13:16:59.952] [bmv2] [T] [thread 3705] [9.0] [cxt 0] Bytes parsed: 0
[13:16:59.952] [bmv2] [D] [thread 3705] [9.0] [cxt 0] Parser 'parser' entering state 'parse_ethernet'
[13:16:59.952] [bmv2] [D] [thread 3705] [9.0] [cxt 0] Extracting header 'ethernet'
[13:16:59.952] [bmv2] [D] [thread 3705] [9.0] [cxt 0] Parser state 'parse_ethernet': key is 86dd
[13:16:59.952] [bmv2] [T] [thread 3705] [9.0] [cxt 0] Bytes parsed: 14
[13:16:59.952] [bmv2] [T] [thread 3705] [9.0] [cxt 0] Skipping checksum 'cksum_0' verification because target field invalid
[13:16:59.952] [bmv2] [D] [thread 3705] [9.0] [cxt 0] Parser 'parser': end
[13:16:59.952] [bmv2] [D] [thread 3705] [9.0] [cxt 0] Pipeline 'ingress': start
[13:16:59.952] [bmv2] [T] [thread 3705] [9.0] [cxt 0] Applying table 'ipv4_lpm'
[13:16:59.952] [bmv2] [D] [thread 3705] [9.0] [cxt 0] Looking up key:
* ipv4.dstAddr        : 00000000

[13:16:59.952] [bmv2] [D] [thread 3705] [9.0] [cxt 0] Table 'ipv4_lpm': miss
[13:16:59.952] [bmv2] [D] [thread 3705] [9.0] [cxt 0] Action entry is _drop - 
[13:16:59.952] [bmv2] [T] [thread 3705] [9.0] [cxt 0] Action _drop
[13:16:59.952] [bmv2] [T] [thread 3705] [9.0] [cxt 0] ip_forward.p4(185) Primitive mark_to_drop(standard_metadata)
[13:16:59.952] [bmv2] [D] [thread 3705] [9.0] [cxt 0] Pipeline 'ingress': end
[13:16:59.952] [bmv2] [D] [thread 3705] [9.0] [cxt 0] Egress port is 511
[13:16:59.952] [bmv2] [D] [thread 3705] [9.0] [cxt 0] Dropping packet at the end of ingress
[13:17:00.023] [bmv2] [D] [thread 3705] [10.0] [cxt 0] Processing packet received on port 1
[13:17:00.023] [bmv2] [D] [thread 3705] [10.0] [cxt 0] Parser 'parser': start
[13:17:00.023] [bmv2] [D] [thread 3705] [10.0] [cxt 0] Parser 'parser' entering state 'start'
[13:17:00.023] [bmv2] [D] [thread 3705] [10.0] [cxt 0] Parser state 'start' has no switch, going to default next state
[13:17:00.023] [bmv2] [T] [thread 3705] [10.0] [cxt 0] Bytes parsed: 0
[13:17:00.023] [bmv2] [D] [thread 3705] [10.0] [cxt 0] Parser 'parser' entering state 'parse_ethernet'
[13:17:00.023] [bmv2] [D] [thread 3705] [10.0] [cxt 0] Extracting header 'ethernet'
[13:17:00.023] [bmv2] [D] [thread 3705] [10.0] [cxt 0] Parser state 'parse_ethernet': key is 86dd
[13:17:00.023] [bmv2] [T] [thread 3705] [10.0] [cxt 0] Bytes parsed: 14
[13:17:00.023] [bmv2] [T] [thread 3705] [10.0] [cxt 0] Skipping checksum 'cksum_0' verification because target field invalid
[13:17:00.023] [bmv2] [D] [thread 3705] [10.0] [cxt 0] Parser 'parser': end
[13:17:00.023] [bmv2] [D] [thread 3705] [10.0] [cxt 0] Pipeline 'ingress': start
[13:17:00.023] [bmv2] [T] [thread 3705] [10.0] [cxt 0] Applying table 'ipv4_lpm'
[13:17:00.023] [bmv2] [D] [thread 3705] [10.0] [cxt 0] Looking up key:
* ipv4.dstAddr        : 00000000

[13:17:00.023] [bmv2] [D] [thread 3705] [10.0] [cxt 0] Table 'ipv4_lpm': miss
[13:17:00.023] [bmv2] [D] [thread 3705] [10.0] [cxt 0] Action entry is _drop - 
[13:17:00.023] [bmv2] [T] [thread 3705] [10.0] [cxt 0] Action _drop
[13:17:00.023] [bmv2] [T] [thread 3705] [10.0] [cxt 0] ip_forward.p4(185) Primitive mark_to_drop(standard_metadata)
[13:17:00.023] [bmv2] [D] [thread 3705] [10.0] [cxt 0] Pipeline 'ingress': end
[13:17:00.023] [bmv2] [D] [thread 3705] [10.0] [cxt 0] Egress port is 511
[13:17:00.023] [bmv2] [D] [thread 3705] [10.0] [cxt 0] Dropping packet at the end of ingress
[13:17:00.023] [bmv2] [D] [thread 3705] [11.0] [cxt 0] Processing packet received on port 1
[13:17:00.023] [bmv2] [D] [thread 3705] [11.0] [cxt 0] Parser 'parser': start
[13:17:00.023] [bmv2] [D] [thread 3705] [11.0] [cxt 0] Parser 'parser' entering state 'start'
[13:17:00.023] [bmv2] [D] [thread 3705] [11.0] [cxt 0] Parser state 'start' has no switch, going to default next state
[13:17:00.023] [bmv2] [T] [thread 3705] [11.0] [cxt 0] Bytes parsed: 0
[13:17:00.023] [bmv2] [D] [thread 3705] [11.0] [cxt 0] Parser 'parser' entering state 'parse_ethernet'
[13:17:00.023] [bmv2] [D] [thread 3705] [11.0] [cxt 0] Extracting header 'ethernet'
[13:17:00.023] [bmv2] [D] [thread 3705] [11.0] [cxt 0] Parser state 'parse_ethernet': key is 86dd
[13:17:00.023] [bmv2] [T] [thread 3705] [11.0] [cxt 0] Bytes parsed: 14
[13:17:00.023] [bmv2] [T] [thread 3705] [11.0] [cxt 0] Skipping checksum 'cksum_0' verification because target field invalid
[13:17:00.023] [bmv2] [D] [thread 3705] [11.0] [cxt 0] Parser 'parser': end
[13:17:00.023] [bmv2] [D] [thread 3705] [11.0] [cxt 0] Pipeline 'ingress': start
[13:17:00.023] [bmv2] [T] [thread 3705] [11.0] [cxt 0] Applying table 'ipv4_lpm'
[13:17:00.023] [bmv2] [D] [thread 3705] [11.0] [cxt 0] Looking up key:
* ipv4.dstAddr        : 00000000

[13:17:00.023] [bmv2] [D] [thread 3705] [11.0] [cxt 0] Table 'ipv4_lpm': miss
[13:17:00.023] [bmv2] [D] [thread 3705] [11.0] [cxt 0] Action entry is _drop - 
[13:17:00.023] [bmv2] [T] [thread 3705] [11.0] [cxt 0] Action _drop
[13:17:00.023] [bmv2] [T] [thread 3705] [11.0] [cxt 0] ip_forward.p4(185) Primitive mark_to_drop(standard_metadata)
[13:17:00.023] [bmv2] [D] [thread 3705] [11.0] [cxt 0] Pipeline 'ingress': end
[13:17:00.023] [bmv2] [D] [thread 3705] [11.0] [cxt 0] Egress port is 511
[13:17:00.023] [bmv2] [D] [thread 3705] [11.0] [cxt 0] Dropping packet at the end of ingress
[13:17:00.031] [bmv2] [D] [thread 3705] [12.0] [cxt 0] Processing packet received on port 1
[13:17:00.031] [bmv2] [D] [thread 3705] [12.0] [cxt 0] Parser 'parser': start
[13:17:00.031] [bmv2] [D] [thread 3705] [12.0] [cxt 0] Parser 'parser' entering state 'start'
[13:17:00.031] [bmv2] [D] [thread 3705] [12.0] [cxt 0] Parser state 'start' has no switch, going to default next state
[13:17:00.031] [bmv2] [T] [thread 3705] [12.0] [cxt 0] Bytes parsed: 0
[13:17:00.031] [bmv2] [D] [thread 3705] [12.0] [cxt 0] Parser 'parser' entering state 'parse_ethernet'
[13:17:00.031] [bmv2] [D] [thread 3705] [12.0] [cxt 0] Extracting header 'ethernet'
[13:17:00.031] [bmv2] [D] [thread 3705] [12.0] [cxt 0] Parser state 'parse_ethernet': key is 86dd
[13:17:00.031] [bmv2] [T] [thread 3705] [12.0] [cxt 0] Bytes parsed: 14
[13:17:00.031] [bmv2] [T] [thread 3705] [12.0] [cxt 0] Skipping checksum 'cksum_0' verification because target field invalid
[13:17:00.031] [bmv2] [D] [thread 3705] [12.0] [cxt 0] Parser 'parser': end
[13:17:00.031] [bmv2] [D] [thread 3705] [12.0] [cxt 0] Pipeline 'ingress': start
[13:17:00.031] [bmv2] [T] [thread 3705] [12.0] [cxt 0] Applying table 'ipv4_lpm'
[13:17:00.031] [bmv2] [D] [thread 3705] [12.0] [cxt 0] Looking up key:
* ipv4.dstAddr        : 00000000

[13:17:00.031] [bmv2] [D] [thread 3705] [12.0] [cxt 0] Table 'ipv4_lpm': miss
[13:17:00.031] [bmv2] [D] [thread 3705] [12.0] [cxt 0] Action entry is _drop - 
[13:17:00.031] [bmv2] [T] [thread 3705] [12.0] [cxt 0] Action _drop
[13:17:00.031] [bmv2] [T] [thread 3705] [12.0] [cxt 0] ip_forward.p4(185) Primitive mark_to_drop(standard_metadata)
[13:17:00.031] [bmv2] [D] [thread 3705] [12.0] [cxt 0] Pipeline 'ingress': end
[13:17:00.031] [bmv2] [D] [thread 3705] [12.0] [cxt 0] Egress port is 511
[13:17:00.031] [bmv2] [D] [thread 3705] [12.0] [cxt 0] Dropping packet at the end of ingress
[13:17:00.082] [bmv2] [D] [thread 3705] [13.0] [cxt 0] Processing packet received on port 1
[13:17:00.082] [bmv2] [D] [thread 3705] [13.0] [cxt 0] Parser 'parser': start
[13:17:00.082] [bmv2] [D] [thread 3705] [13.0] [cxt 0] Parser 'parser' entering state 'start'
[13:17:00.082] [bmv2] [D] [thread 3705] [13.0] [cxt 0] Parser state 'start' has no switch, going to default next state
[13:17:00.082] [bmv2] [T] [thread 3705] [13.0] [cxt 0] Bytes parsed: 0
[13:17:00.082] [bmv2] [D] [thread 3705] [13.0] [cxt 0] Parser 'parser' entering state 'parse_ethernet'
[13:17:00.082] [bmv2] [D] [thread 3705] [13.0] [cxt 0] Extracting header 'ethernet'
[13:17:00.082] [bmv2] [D] [thread 3705] [13.0] [cxt 0] Parser state 'parse_ethernet': key is 86dd
[13:17:00.082] [bmv2] [T] [thread 3705] [13.0] [cxt 0] Bytes parsed: 14
[13:17:00.082] [bmv2] [T] [thread 3705] [13.0] [cxt 0] Skipping checksum 'cksum_0' verification because target field invalid
[13:17:00.082] [bmv2] [D] [thread 3705] [13.0] [cxt 0] Parser 'parser': end
[13:17:00.082] [bmv2] [D] [thread 3705] [13.0] [cxt 0] Pipeline 'ingress': start
[13:17:00.082] [bmv2] [T] [thread 3705] [13.0] [cxt 0] Applying table 'ipv4_lpm'
[13:17:00.082] [bmv2] [D] [thread 3705] [13.0] [cxt 0] Looking up key:
* ipv4.dstAddr        : 00000000

[13:17:00.082] [bmv2] [D] [thread 3705] [13.0] [cxt 0] Table 'ipv4_lpm': miss
[13:17:00.082] [bmv2] [D] [thread 3705] [13.0] [cxt 0] Action entry is _drop - 
[13:17:00.082] [bmv2] [T] [thread 3705] [13.0] [cxt 0] Action _drop
[13:17:00.082] [bmv2] [T] [thread 3705] [13.0] [cxt 0] ip_forward.p4(185) Primitive mark_to_drop(standard_metadata)
[13:17:00.082] [bmv2] [D] [thread 3705] [13.0] [cxt 0] Pipeline 'ingress': end
[13:17:00.082] [bmv2] [D] [thread 3705] [13.0] [cxt 0] Egress port is 511
[13:17:00.082] [bmv2] [D] [thread 3705] [13.0] [cxt 0] Dropping packet at the end of ingress
[13:17:00.113] [bmv2] [D] [thread 3705] [14.0] [cxt 0] Processing packet received on port 1
[13:17:00.113] [bmv2] [D] [thread 3705] [14.0] [cxt 0] Parser 'parser': start
[13:17:00.113] [bmv2] [D] [thread 3705] [14.0] [cxt 0] Parser 'parser' entering state 'start'
[13:17:00.113] [bmv2] [D] [thread 3705] [14.0] [cxt 0] Parser state 'start' has no switch, going to default next state
[13:17:00.113] [bmv2] [T] [thread 3705] [14.0] [cxt 0] Bytes parsed: 0
[13:17:00.113] [bmv2] [D] [thread 3705] [14.0] [cxt 0] Parser 'parser' entering state 'parse_ethernet'
[13:17:00.113] [bmv2] [D] [thread 3705] [14.0] [cxt 0] Extracting header 'ethernet'
[13:17:00.113] [bmv2] [D] [thread 3705] [14.0] [cxt 0] Parser state 'parse_ethernet': key is 86dd
[13:17:00.113] [bmv2] [T] [thread 3705] [14.0] [cxt 0] Bytes parsed: 14
[13:17:00.113] [bmv2] [T] [thread 3705] [14.0] [cxt 0] Skipping checksum 'cksum_0' verification because target field invalid
[13:17:00.113] [bmv2] [D] [thread 3705] [14.0] [cxt 0] Parser 'parser': end
[13:17:00.113] [bmv2] [D] [thread 3705] [14.0] [cxt 0] Pipeline 'ingress': start
[13:17:00.113] [bmv2] [T] [thread 3705] [14.0] [cxt 0] Applying table 'ipv4_lpm'
[13:17:00.113] [bmv2] [D] [thread 3705] [14.0] [cxt 0] Looking up key:
* ipv4.dstAddr        : 00000000

[13:17:00.113] [bmv2] [D] [thread 3705] [14.0] [cxt 0] Table 'ipv4_lpm': miss
[13:17:00.113] [bmv2] [D] [thread 3705] [14.0] [cxt 0] Action entry is _drop - 
[13:17:00.113] [bmv2] [T] [thread 3705] [14.0] [cxt 0] Action _drop
[13:17:00.113] [bmv2] [T] [thread 3705] [14.0] [cxt 0] ip_forward.p4(185) Primitive mark_to_drop(standard_metadata)
[13:17:00.113] [bmv2] [D] [thread 3705] [14.0] [cxt 0] Pipeline 'ingress': end
[13:17:00.113] [bmv2] [D] [thread 3705] [14.0] [cxt 0] Egress port is 511
[13:17:00.113] [bmv2] [D] [thread 3705] [14.0] [cxt 0] Dropping packet at the end of ingress
[13:17:00.124] [bmv2] [D] [thread 3705] [15.0] [cxt 0] Processing packet received on port 1
[13:17:00.124] [bmv2] [D] [thread 3705] [15.0] [cxt 0] Parser 'parser': start
[13:17:00.124] [bmv2] [D] [thread 3705] [15.0] [cxt 0] Parser 'parser' entering state 'start'
[13:17:00.124] [bmv2] [D] [thread 3705] [15.0] [cxt 0] Parser state 'start' has no switch, going to default next state
[13:17:00.124] [bmv2] [T] [thread 3705] [15.0] [cxt 0] Bytes parsed: 0
[13:17:00.124] [bmv2] [D] [thread 3705] [15.0] [cxt 0] Parser 'parser' entering state 'parse_ethernet'
[13:17:00.124] [bmv2] [D] [thread 3705] [15.0] [cxt 0] Extracting header 'ethernet'
[13:17:00.124] [bmv2] [D] [thread 3705] [15.0] [cxt 0] Parser state 'parse_ethernet': key is 86dd
[13:17:00.124] [bmv2] [T] [thread 3705] [15.0] [cxt 0] Bytes parsed: 14
[13:17:00.124] [bmv2] [T] [thread 3705] [15.0] [cxt 0] Skipping checksum 'cksum_0' verification because target field invalid
[13:17:00.124] [bmv2] [D] [thread 3705] [15.0] [cxt 0] Parser 'parser': end
[13:17:00.124] [bmv2] [D] [thread 3705] [15.0] [cxt 0] Pipeline 'ingress': start
[13:17:00.124] [bmv2] [T] [thread 3705] [15.0] [cxt 0] Applying table 'ipv4_lpm'
[13:17:00.124] [bmv2] [D] [thread 3705] [15.0] [cxt 0] Looking up key:
* ipv4.dstAddr        : 00000000

[13:17:00.124] [bmv2] [D] [thread 3705] [15.0] [cxt 0] Table 'ipv4_lpm': miss
[13:17:00.124] [bmv2] [D] [thread 3705] [15.0] [cxt 0] Action entry is _drop - 
[13:17:00.124] [bmv2] [T] [thread 3705] [15.0] [cxt 0] Action _drop
[13:17:00.124] [bmv2] [T] [thread 3705] [15.0] [cxt 0] ip_forward.p4(185) Primitive mark_to_drop(standard_metadata)
[13:17:00.124] [bmv2] [D] [thread 3705] [15.0] [cxt 0] Pipeline 'ingress': end
[13:17:00.124] [bmv2] [D] [thread 3705] [15.0] [cxt 0] Egress port is 511
[13:17:00.124] [bmv2] [D] [thread 3705] [15.0] [cxt 0] Dropping packet at the end of ingress
[13:17:00.147] [bmv2] [D] [thread 3705] [16.0] [cxt 0] Processing packet received on port 2
[13:17:00.147] [bmv2] [D] [thread 3705] [16.0] [cxt 0] Parser 'parser': start
[13:17:00.147] [bmv2] [D] [thread 3705] [16.0] [cxt 0] Parser 'parser' entering state 'start'
[13:17:00.147] [bmv2] [D] [thread 3705] [16.0] [cxt 0] Parser state 'start' has no switch, going to default next state
[13:17:00.147] [bmv2] [T] [thread 3705] [16.0] [cxt 0] Bytes parsed: 0
[13:17:00.147] [bmv2] [D] [thread 3705] [16.0] [cxt 0] Parser 'parser' entering state 'parse_ethernet'
[13:17:00.147] [bmv2] [D] [thread 3705] [16.0] [cxt 0] Extracting header 'ethernet'
[13:17:00.147] [bmv2] [D] [thread 3705] [16.0] [cxt 0] Parser state 'parse_ethernet': key is 86dd
[13:17:00.147] [bmv2] [T] [thread 3705] [16.0] [cxt 0] Bytes parsed: 14
[13:17:00.147] [bmv2] [T] [thread 3705] [16.0] [cxt 0] Skipping checksum 'cksum_0' verification because target field invalid
[13:17:00.147] [bmv2] [D] [thread 3705] [16.0] [cxt 0] Parser 'parser': end
[13:17:00.147] [bmv2] [D] [thread 3705] [16.0] [cxt 0] Pipeline 'ingress': start
[13:17:00.147] [bmv2] [T] [thread 3705] [16.0] [cxt 0] Applying table 'ipv4_lpm'
[13:17:00.147] [bmv2] [D] [thread 3705] [16.0] [cxt 0] Looking up key:
* ipv4.dstAddr        : 00000000

[13:17:00.147] [bmv2] [D] [thread 3705] [16.0] [cxt 0] Table 'ipv4_lpm': miss
[13:17:00.147] [bmv2] [D] [thread 3705] [16.0] [cxt 0] Action entry is _drop - 
[13:17:00.147] [bmv2] [T] [thread 3705] [16.0] [cxt 0] Action _drop
[13:17:00.147] [bmv2] [T] [thread 3705] [16.0] [cxt 0] ip_forward.p4(185) Primitive mark_to_drop(standard_metadata)
[13:17:00.147] [bmv2] [D] [thread 3705] [16.0] [cxt 0] Pipeline 'ingress': end
[13:17:00.147] [bmv2] [D] [thread 3705] [16.0] [cxt 0] Egress port is 511
[13:17:00.147] [bmv2] [D] [thread 3705] [16.0] [cxt 0] Dropping packet at the end of ingress
[13:17:00.203] [bmv2] [D] [thread 3705] [17.0] [cxt 0] Processing packet received on port 2
[13:17:00.203] [bmv2] [D] [thread 3705] [17.0] [cxt 0] Parser 'parser': start
[13:17:00.203] [bmv2] [D] [thread 3705] [17.0] [cxt 0] Parser 'parser' entering state 'start'
[13:17:00.203] [bmv2] [D] [thread 3705] [17.0] [cxt 0] Parser state 'start' has no switch, going to default next state
[13:17:00.203] [bmv2] [T] [thread 3705] [17.0] [cxt 0] Bytes parsed: 0
[13:17:00.203] [bmv2] [D] [thread 3705] [17.0] [cxt 0] Parser 'parser' entering state 'parse_ethernet'
[13:17:00.203] [bmv2] [D] [thread 3705] [17.0] [cxt 0] Extracting header 'ethernet'
[13:17:00.203] [bmv2] [D] [thread 3705] [17.0] [cxt 0] Parser state 'parse_ethernet': key is 86dd
[13:17:00.203] [bmv2] [T] [thread 3705] [17.0] [cxt 0] Bytes parsed: 14
[13:17:00.203] [bmv2] [T] [thread 3705] [17.0] [cxt 0] Skipping checksum 'cksum_0' verification because target field invalid
[13:17:00.203] [bmv2] [D] [thread 3705] [17.0] [cxt 0] Parser 'parser': end
[13:17:00.203] [bmv2] [D] [thread 3705] [17.0] [cxt 0] Pipeline 'ingress': start
[13:17:00.203] [bmv2] [T] [thread 3705] [17.0] [cxt 0] Applying table 'ipv4_lpm'
[13:17:00.203] [bmv2] [D] [thread 3705] [17.0] [cxt 0] Looking up key:
* ipv4.dstAddr        : 00000000

[13:17:00.203] [bmv2] [D] [thread 3705] [17.0] [cxt 0] Table 'ipv4_lpm': miss
[13:17:00.203] [bmv2] [D] [thread 3705] [17.0] [cxt 0] Action entry is _drop - 
[13:17:00.203] [bmv2] [T] [thread 3705] [17.0] [cxt 0] Action _drop
[13:17:00.203] [bmv2] [T] [thread 3705] [17.0] [cxt 0] ip_forward.p4(185) Primitive mark_to_drop(standard_metadata)
[13:17:00.203] [bmv2] [D] [thread 3705] [17.0] [cxt 0] Pipeline 'ingress': end
[13:17:00.203] [bmv2] [D] [thread 3705] [17.0] [cxt 0] Egress port is 511
[13:17:00.203] [bmv2] [D] [thread 3705] [17.0] [cxt 0] Dropping packet at the end of ingress
[13:17:00.318] [bmv2] [D] [thread 3705] [18.0] [cxt 0] Processing packet received on port 2
[13:17:00.318] [bmv2] [D] [thread 3705] [18.0] [cxt 0] Parser 'parser': start
[13:17:00.318] [bmv2] [D] [thread 3705] [18.0] [cxt 0] Parser 'parser' entering state 'start'
[13:17:00.318] [bmv2] [D] [thread 3705] [18.0] [cxt 0] Parser state 'start' has no switch, going to default next state
[13:17:00.318] [bmv2] [T] [thread 3705] [18.0] [cxt 0] Bytes parsed: 0
[13:17:00.318] [bmv2] [D] [thread 3705] [18.0] [cxt 0] Parser 'parser' entering state 'parse_ethernet'
[13:17:00.318] [bmv2] [D] [thread 3705] [18.0] [cxt 0] Extracting header 'ethernet'
[13:17:00.318] [bmv2] [D] [thread 3705] [18.0] [cxt 0] Parser state 'parse_ethernet': key is 86dd
[13:17:00.318] [bmv2] [T] [thread 3705] [18.0] [cxt 0] Bytes parsed: 14
[13:17:00.318] [bmv2] [T] [thread 3705] [18.0] [cxt 0] Skipping checksum 'cksum_0' verification because target field invalid
[13:17:00.318] [bmv2] [D] [thread 3705] [18.0] [cxt 0] Parser 'parser': end
[13:17:00.318] [bmv2] [D] [thread 3705] [18.0] [cxt 0] Pipeline 'ingress': start
[13:17:00.318] [bmv2] [T] [thread 3705] [18.0] [cxt 0] Applying table 'ipv4_lpm'
[13:17:00.318] [bmv2] [D] [thread 3705] [18.0] [cxt 0] Looking up key:
* ipv4.dstAddr        : 00000000

[13:17:00.318] [bmv2] [D] [thread 3705] [18.0] [cxt 0] Table 'ipv4_lpm': miss
[13:17:00.318] [bmv2] [D] [thread 3705] [18.0] [cxt 0] Action entry is _drop - 
[13:17:00.318] [bmv2] [T] [thread 3705] [18.0] [cxt 0] Action _drop
[13:17:00.319] [bmv2] [T] [thread 3705] [18.0] [cxt 0] ip_forward.p4(185) Primitive mark_to_drop(standard_metadata)
[13:17:00.319] [bmv2] [D] [thread 3705] [18.0] [cxt 0] Pipeline 'ingress': end
[13:17:00.319] [bmv2] [D] [thread 3705] [18.0] [cxt 0] Egress port is 511
[13:17:00.319] [bmv2] [D] [thread 3705] [18.0] [cxt 0] Dropping packet at the end of ingress
[13:17:00.319] [bmv2] [D] [thread 3705] [19.0] [cxt 0] Processing packet received on port 2
[13:17:00.319] [bmv2] [D] [thread 3705] [19.0] [cxt 0] Parser 'parser': start
[13:17:00.319] [bmv2] [D] [thread 3705] [19.0] [cxt 0] Parser 'parser' entering state 'start'
[13:17:00.319] [bmv2] [D] [thread 3705] [19.0] [cxt 0] Parser state 'start' has no switch, going to default next state
[13:17:00.319] [bmv2] [T] [thread 3705] [19.0] [cxt 0] Bytes parsed: 0
[13:17:00.319] [bmv2] [D] [thread 3705] [19.0] [cxt 0] Parser 'parser' entering state 'parse_ethernet'
[13:17:00.319] [bmv2] [D] [thread 3705] [19.0] [cxt 0] Extracting header 'ethernet'
[13:17:00.319] [bmv2] [D] [thread 3705] [19.0] [cxt 0] Parser state 'parse_ethernet': key is 86dd
[13:17:00.319] [bmv2] [T] [thread 3705] [19.0] [cxt 0] Bytes parsed: 14
[13:17:00.319] [bmv2] [T] [thread 3705] [19.0] [cxt 0] Skipping checksum 'cksum_0' verification because target field invalid
[13:17:00.319] [bmv2] [D] [thread 3705] [19.0] [cxt 0] Parser 'parser': end
[13:17:00.319] [bmv2] [D] [thread 3705] [19.0] [cxt 0] Pipeline 'ingress': start
[13:17:00.319] [bmv2] [T] [thread 3705] [19.0] [cxt 0] Applying table 'ipv4_lpm'
[13:17:00.319] [bmv2] [D] [thread 3705] [19.0] [cxt 0] Looking up key:
* ipv4.dstAddr        : 00000000

[13:17:00.319] [bmv2] [D] [thread 3705] [19.0] [cxt 0] Table 'ipv4_lpm': miss
[13:17:00.319] [bmv2] [D] [thread 3705] [19.0] [cxt 0] Action entry is _drop - 
[13:17:00.319] [bmv2] [T] [thread 3705] [19.0] [cxt 0] Action _drop
[13:17:00.319] [bmv2] [T] [thread 3705] [19.0] [cxt 0] ip_forward.p4(185) Primitive mark_to_drop(standard_metadata)
[13:17:00.319] [bmv2] [D] [thread 3705] [19.0] [cxt 0] Pipeline 'ingress': end
[13:17:00.319] [bmv2] [D] [thread 3705] [19.0] [cxt 0] Egress port is 511
[13:17:00.319] [bmv2] [D] [thread 3705] [19.0] [cxt 0] Dropping packet at the end of ingress
[13:17:00.326] [bmv2] [D] [thread 3705] [20.0] [cxt 0] Processing packet received on port 2
[13:17:00.326] [bmv2] [D] [thread 3705] [20.0] [cxt 0] Parser 'parser': start
[13:17:00.326] [bmv2] [D] [thread 3705] [20.0] [cxt 0] Parser 'parser' entering state 'start'
[13:17:00.326] [bmv2] [D] [thread 3705] [20.0] [cxt 0] Parser state 'start' has no switch, going to default next state
[13:17:00.326] [bmv2] [T] [thread 3705] [20.0] [cxt 0] Bytes parsed: 0
[13:17:00.326] [bmv2] [D] [thread 3705] [20.0] [cxt 0] Parser 'parser' entering state 'parse_ethernet'
[13:17:00.326] [bmv2] [D] [thread 3705] [20.0] [cxt 0] Extracting header 'ethernet'
[13:17:00.326] [bmv2] [D] [thread 3705] [20.0] [cxt 0] Parser state 'parse_ethernet': key is 86dd
[13:17:00.326] [bmv2] [T] [thread 3705] [20.0] [cxt 0] Bytes parsed: 14
[13:17:00.326] [bmv2] [T] [thread 3705] [20.0] [cxt 0] Skipping checksum 'cksum_0' verification because target field invalid
[13:17:00.326] [bmv2] [D] [thread 3705] [20.0] [cxt 0] Parser 'parser': end
[13:17:00.326] [bmv2] [D] [thread 3705] [20.0] [cxt 0] Pipeline 'ingress': start
[13:17:00.326] [bmv2] [T] [thread 3705] [20.0] [cxt 0] Applying table 'ipv4_lpm'
[13:17:00.326] [bmv2] [D] [thread 3705] [20.0] [cxt 0] Looking up key:
* ipv4.dstAddr        : 00000000

[13:17:00.326] [bmv2] [D] [thread 3705] [20.0] [cxt 0] Table 'ipv4_lpm': miss
[13:17:00.326] [bmv2] [D] [thread 3705] [20.0] [cxt 0] Action entry is _drop - 
[13:17:00.326] [bmv2] [T] [thread 3705] [20.0] [cxt 0] Action _drop
[13:17:00.326] [bmv2] [T] [thread 3705] [20.0] [cxt 0] ip_forward.p4(185) Primitive mark_to_drop(standard_metadata)
[13:17:00.326] [bmv2] [D] [thread 3705] [20.0] [cxt 0] Pipeline 'ingress': end
[13:17:00.326] [bmv2] [D] [thread 3705] [20.0] [cxt 0] Egress port is 511
[13:17:00.326] [bmv2] [D] [thread 3705] [20.0] [cxt 0] Dropping packet at the end of ingress
[13:17:00.364] [bmv2] [D] [thread 3705] [21.0] [cxt 0] Processing packet received on port 1
[13:17:00.364] [bmv2] [D] [thread 3705] [21.0] [cxt 0] Parser 'parser': start
[13:17:00.364] [bmv2] [D] [thread 3705] [21.0] [cxt 0] Parser 'parser' entering state 'start'
[13:17:00.364] [bmv2] [D] [thread 3705] [21.0] [cxt 0] Parser state 'start' has no switch, going to default next state
[13:17:00.364] [bmv2] [T] [thread 3705] [21.0] [cxt 0] Bytes parsed: 0
[13:17:00.364] [bmv2] [D] [thread 3705] [21.0] [cxt 0] Parser 'parser' entering state 'parse_ethernet'
[13:17:00.364] [bmv2] [D] [thread 3705] [21.0] [cxt 0] Extracting header 'ethernet'
[13:17:00.364] [bmv2] [D] [thread 3705] [21.0] [cxt 0] Parser state 'parse_ethernet': key is 86dd
[13:17:00.364] [bmv2] [T] [thread 3705] [21.0] [cxt 0] Bytes parsed: 14
[13:17:00.364] [bmv2] [T] [thread 3705] [21.0] [cxt 0] Skipping checksum 'cksum_0' verification because target field invalid
[13:17:00.364] [bmv2] [D] [thread 3705] [21.0] [cxt 0] Parser 'parser': end
[13:17:00.364] [bmv2] [D] [thread 3705] [21.0] [cxt 0] Pipeline 'ingress': start
[13:17:00.364] [bmv2] [T] [thread 3705] [21.0] [cxt 0] Applying table 'ipv4_lpm'
[13:17:00.364] [bmv2] [D] [thread 3705] [21.0] [cxt 0] Looking up key:
* ipv4.dstAddr        : 00000000

[13:17:00.364] [bmv2] [D] [thread 3705] [21.0] [cxt 0] Table 'ipv4_lpm': miss
[13:17:00.364] [bmv2] [D] [thread 3705] [21.0] [cxt 0] Action entry is _drop - 
[13:17:00.364] [bmv2] [T] [thread 3705] [21.0] [cxt 0] Action _drop
[13:17:00.365] [bmv2] [T] [thread 3705] [21.0] [cxt 0] ip_forward.p4(185) Primitive mark_to_drop(standard_metadata)
[13:17:00.365] [bmv2] [D] [thread 3705] [21.0] [cxt 0] Pipeline 'ingress': end
[13:17:00.365] [bmv2] [D] [thread 3705] [21.0] [cxt 0] Egress port is 511
[13:17:00.365] [bmv2] [D] [thread 3705] [21.0] [cxt 0] Dropping packet at the end of ingress
[13:17:00.402] [bmv2] [D] [thread 3705] [22.0] [cxt 0] Processing packet received on port 2
[13:17:00.402] [bmv2] [D] [thread 3705] [22.0] [cxt 0] Parser 'parser': start
[13:17:00.402] [bmv2] [D] [thread 3705] [22.0] [cxt 0] Parser 'parser' entering state 'start'
[13:17:00.403] [bmv2] [D] [thread 3705] [22.0] [cxt 0] Parser state 'start' has no switch, going to default next state
[13:17:00.403] [bmv2] [T] [thread 3705] [22.0] [cxt 0] Bytes parsed: 0
[13:17:00.403] [bmv2] [D] [thread 3705] [22.0] [cxt 0] Parser 'parser' entering state 'parse_ethernet'
[13:17:00.403] [bmv2] [D] [thread 3705] [22.0] [cxt 0] Extracting header 'ethernet'
[13:17:00.403] [bmv2] [D] [thread 3705] [22.0] [cxt 0] Parser state 'parse_ethernet': key is 86dd
[13:17:00.403] [bmv2] [T] [thread 3705] [22.0] [cxt 0] Bytes parsed: 14
[13:17:00.403] [bmv2] [T] [thread 3705] [22.0] [cxt 0] Skipping checksum 'cksum_0' verification because target field invalid
[13:17:00.403] [bmv2] [D] [thread 3705] [22.0] [cxt 0] Parser 'parser': end
[13:17:00.403] [bmv2] [D] [thread 3705] [22.0] [cxt 0] Pipeline 'ingress': start
[13:17:00.403] [bmv2] [T] [thread 3705] [22.0] [cxt 0] Applying table 'ipv4_lpm'
[13:17:00.403] [bmv2] [D] [thread 3705] [22.0] [cxt 0] Looking up key:
* ipv4.dstAddr        : 00000000

[13:17:00.403] [bmv2] [D] [thread 3705] [22.0] [cxt 0] Table 'ipv4_lpm': miss
[13:17:00.403] [bmv2] [D] [thread 3705] [22.0] [cxt 0] Action entry is _drop - 
[13:17:00.403] [bmv2] [T] [thread 3705] [22.0] [cxt 0] Action _drop
[13:17:00.403] [bmv2] [T] [thread 3705] [22.0] [cxt 0] ip_forward.p4(185) Primitive mark_to_drop(standard_metadata)
[13:17:00.403] [bmv2] [D] [thread 3705] [22.0] [cxt 0] Pipeline 'ingress': end
[13:17:00.403] [bmv2] [D] [thread 3705] [22.0] [cxt 0] Egress port is 511
[13:17:00.403] [bmv2] [D] [thread 3705] [22.0] [cxt 0] Dropping packet at the end of ingress
[13:17:00.409] [bmv2] [D] [thread 3705] [23.0] [cxt 0] Processing packet received on port 2
[13:17:00.409] [bmv2] [D] [thread 3705] [23.0] [cxt 0] Parser 'parser': start
[13:17:00.409] [bmv2] [D] [thread 3705] [23.0] [cxt 0] Parser 'parser' entering state 'start'
[13:17:00.409] [bmv2] [D] [thread 3705] [23.0] [cxt 0] Parser state 'start' has no switch, going to default next state
[13:17:00.409] [bmv2] [T] [thread 3705] [23.0] [cxt 0] Bytes parsed: 0
[13:17:00.409] [bmv2] [D] [thread 3705] [23.0] [cxt 0] Parser 'parser' entering state 'parse_ethernet'
[13:17:00.409] [bmv2] [D] [thread 3705] [23.0] [cxt 0] Extracting header 'ethernet'
[13:17:00.409] [bmv2] [D] [thread 3705] [23.0] [cxt 0] Parser state 'parse_ethernet': key is 86dd
[13:17:00.409] [bmv2] [T] [thread 3705] [23.0] [cxt 0] Bytes parsed: 14
[13:17:00.409] [bmv2] [T] [thread 3705] [23.0] [cxt 0] Skipping checksum 'cksum_0' verification because target field invalid
[13:17:00.409] [bmv2] [D] [thread 3705] [23.0] [cxt 0] Parser 'parser': end
[13:17:00.409] [bmv2] [D] [thread 3705] [23.0] [cxt 0] Pipeline 'ingress': start
[13:17:00.409] [bmv2] [T] [thread 3705] [23.0] [cxt 0] Applying table 'ipv4_lpm'
[13:17:00.409] [bmv2] [D] [thread 3705] [23.0] [cxt 0] Looking up key:
* ipv4.dstAddr        : 00000000

[13:17:00.409] [bmv2] [D] [thread 3705] [23.0] [cxt 0] Table 'ipv4_lpm': miss
[13:17:00.409] [bmv2] [D] [thread 3705] [23.0] [cxt 0] Action entry is _drop - 
[13:17:00.409] [bmv2] [T] [thread 3705] [23.0] [cxt 0] Action _drop
[13:17:00.409] [bmv2] [T] [thread 3705] [23.0] [cxt 0] ip_forward.p4(185) Primitive mark_to_drop(standard_metadata)
[13:17:00.409] [bmv2] [D] [thread 3705] [23.0] [cxt 0] Pipeline 'ingress': end
[13:17:00.409] [bmv2] [D] [thread 3705] [23.0] [cxt 0] Egress port is 511
[13:17:00.409] [bmv2] [D] [thread 3705] [23.0] [cxt 0] Dropping packet at the end of ingress
[13:17:00.410] [bmv2] [D] [thread 3705] [24.0] [cxt 0] Processing packet received on port 2
[13:17:00.410] [bmv2] [D] [thread 3705] [24.0] [cxt 0] Parser 'parser': start
[13:17:00.410] [bmv2] [D] [thread 3705] [24.0] [cxt 0] Parser 'parser' entering state 'start'
[13:17:00.410] [bmv2] [D] [thread 3705] [24.0] [cxt 0] Parser state 'start' has no switch, going to default next state
[13:17:00.410] [bmv2] [T] [thread 3705] [24.0] [cxt 0] Bytes parsed: 0
[13:17:00.410] [bmv2] [D] [thread 3705] [24.0] [cxt 0] Parser 'parser' entering state 'parse_ethernet'
[13:17:00.410] [bmv2] [D] [thread 3705] [24.0] [cxt 0] Extracting header 'ethernet'
[13:17:00.410] [bmv2] [D] [thread 3705] [24.0] [cxt 0] Parser state 'parse_ethernet': key is 86dd
[13:17:00.410] [bmv2] [T] [thread 3705] [24.0] [cxt 0] Bytes parsed: 14
[13:17:00.410] [bmv2] [T] [thread 3705] [24.0] [cxt 0] Skipping checksum 'cksum_0' verification because target field invalid
[13:17:00.410] [bmv2] [D] [thread 3705] [24.0] [cxt 0] Parser 'parser': end
[13:17:00.410] [bmv2] [D] [thread 3705] [24.0] [cxt 0] Pipeline 'ingress': start
[13:17:00.410] [bmv2] [T] [thread 3705] [24.0] [cxt 0] Applying table 'ipv4_lpm'
[13:17:00.410] [bmv2] [D] [thread 3705] [24.0] [cxt 0] Looking up key:
* ipv4.dstAddr        : 00000000

[13:17:00.410] [bmv2] [D] [thread 3705] [24.0] [cxt 0] Table 'ipv4_lpm': miss
[13:17:00.410] [bmv2] [D] [thread 3705] [24.0] [cxt 0] Action entry is _drop - 
[13:17:00.410] [bmv2] [T] [thread 3705] [24.0] [cxt 0] Action _drop
[13:17:00.410] [bmv2] [T] [thread 3705] [24.0] [cxt 0] ip_forward.p4(185) Primitive mark_to_drop(standard_metadata)
[13:17:00.410] [bmv2] [D] [thread 3705] [24.0] [cxt 0] Pipeline 'ingress': end
[13:17:00.410] [bmv2] [D] [thread 3705] [24.0] [cxt 0] Egress port is 511
[13:17:00.410] [bmv2] [D] [thread 3705] [24.0] [cxt 0] Dropping packet at the end of ingress
[13:17:00.420] [bmv2] [D] [thread 3705] [25.0] [cxt 0] Processing packet received on port 2
[13:17:00.420] [bmv2] [D] [thread 3705] [25.0] [cxt 0] Parser 'parser': start
[13:17:00.420] [bmv2] [D] [thread 3705] [25.0] [cxt 0] Parser 'parser' entering state 'start'
[13:17:00.420] [bmv2] [D] [thread 3705] [25.0] [cxt 0] Parser state 'start' has no switch, going to default next state
[13:17:00.420] [bmv2] [T] [thread 3705] [25.0] [cxt 0] Bytes parsed: 0
[13:17:00.420] [bmv2] [D] [thread 3705] [25.0] [cxt 0] Parser 'parser' entering state 'parse_ethernet'
[13:17:00.420] [bmv2] [D] [thread 3705] [25.0] [cxt 0] Extracting header 'ethernet'
[13:17:00.420] [bmv2] [D] [thread 3705] [25.0] [cxt 0] Parser state 'parse_ethernet': key is 86dd
[13:17:00.420] [bmv2] [T] [thread 3705] [25.0] [cxt 0] Bytes parsed: 14
[13:17:00.420] [bmv2] [T] [thread 3705] [25.0] [cxt 0] Skipping checksum 'cksum_0' verification because target field invalid
[13:17:00.420] [bmv2] [D] [thread 3705] [25.0] [cxt 0] Parser 'parser': end
[13:17:00.420] [bmv2] [D] [thread 3705] [25.0] [cxt 0] Pipeline 'ingress': start
[13:17:00.420] [bmv2] [T] [thread 3705] [25.0] [cxt 0] Applying table 'ipv4_lpm'
[13:17:00.421] [bmv2] [D] [thread 3705] [25.0] [cxt 0] Looking up key:
* ipv4.dstAddr        : 00000000

[13:17:00.421] [bmv2] [D] [thread 3705] [25.0] [cxt 0] Table 'ipv4_lpm': miss
[13:17:00.421] [bmv2] [D] [thread 3705] [25.0] [cxt 0] Action entry is _drop - 
[13:17:00.421] [bmv2] [T] [thread 3705] [25.0] [cxt 0] Action _drop
[13:17:00.421] [bmv2] [T] [thread 3705] [25.0] [cxt 0] ip_forward.p4(185) Primitive mark_to_drop(standard_metadata)
[13:17:00.421] [bmv2] [D] [thread 3705] [25.0] [cxt 0] Pipeline 'ingress': end
[13:17:00.421] [bmv2] [D] [thread 3705] [25.0] [cxt 0] Egress port is 511
[13:17:00.421] [bmv2] [D] [thread 3705] [25.0] [cxt 0] Dropping packet at the end of ingress
[13:17:00.502] [bmv2] [D] [thread 3705] [26.0] [cxt 0] Processing packet received on port 2
[13:17:00.502] [bmv2] [D] [thread 3705] [26.0] [cxt 0] Parser 'parser': start
[13:17:00.502] [bmv2] [D] [thread 3705] [26.0] [cxt 0] Parser 'parser' entering state 'start'
[13:17:00.502] [bmv2] [D] [thread 3705] [26.0] [cxt 0] Parser state 'start' has no switch, going to default next state
[13:17:00.502] [bmv2] [T] [thread 3705] [26.0] [cxt 0] Bytes parsed: 0
[13:17:00.502] [bmv2] [D] [thread 3705] [26.0] [cxt 0] Parser 'parser' entering state 'parse_ethernet'
[13:17:00.502] [bmv2] [D] [thread 3705] [26.0] [cxt 0] Extracting header 'ethernet'
[13:17:00.502] [bmv2] [D] [thread 3705] [26.0] [cxt 0] Parser state 'parse_ethernet': key is 86dd
[13:17:00.502] [bmv2] [T] [thread 3705] [26.0] [cxt 0] Bytes parsed: 14
[13:17:00.502] [bmv2] [T] [thread 3705] [26.0] [cxt 0] Skipping checksum 'cksum_0' verification because target field invalid
[13:17:00.502] [bmv2] [D] [thread 3705] [26.0] [cxt 0] Parser 'parser': end
[13:17:00.502] [bmv2] [D] [thread 3705] [26.0] [cxt 0] Pipeline 'ingress': start
[13:17:00.502] [bmv2] [T] [thread 3705] [26.0] [cxt 0] Applying table 'ipv4_lpm'
[13:17:00.503] [bmv2] [D] [thread 3705] [26.0] [cxt 0] Looking up key:
* ipv4.dstAddr        : 00000000

[13:17:00.503] [bmv2] [D] [thread 3705] [26.0] [cxt 0] Table 'ipv4_lpm': miss
[13:17:00.503] [bmv2] [D] [thread 3705] [26.0] [cxt 0] Action entry is _drop - 
[13:17:00.503] [bmv2] [T] [thread 3705] [26.0] [cxt 0] Action _drop
[13:17:00.503] [bmv2] [T] [thread 3705] [26.0] [cxt 0] ip_forward.p4(185) Primitive mark_to_drop(standard_metadata)
[13:17:00.503] [bmv2] [D] [thread 3705] [26.0] [cxt 0] Pipeline 'ingress': end
[13:17:00.503] [bmv2] [D] [thread 3705] [26.0] [cxt 0] Egress port is 511
[13:17:00.503] [bmv2] [D] [thread 3705] [26.0] [cxt 0] Dropping packet at the end of ingress
[13:17:00.615] [bmv2] [D] [thread 3705] [27.0] [cxt 0] Processing packet received on port 1
[13:17:00.615] [bmv2] [D] [thread 3705] [27.0] [cxt 0] Parser 'parser': start
[13:17:00.615] [bmv2] [D] [thread 3705] [27.0] [cxt 0] Parser 'parser' entering state 'start'
[13:17:00.615] [bmv2] [D] [thread 3705] [27.0] [cxt 0] Parser state 'start' has no switch, going to default next state
[13:17:00.615] [bmv2] [T] [thread 3705] [27.0] [cxt 0] Bytes parsed: 0
[13:17:00.615] [bmv2] [D] [thread 3705] [27.0] [cxt 0] Parser 'parser' entering state 'parse_ethernet'
[13:17:00.615] [bmv2] [D] [thread 3705] [27.0] [cxt 0] Extracting header 'ethernet'
[13:17:00.615] [bmv2] [D] [thread 3705] [27.0] [cxt 0] Parser state 'parse_ethernet': key is 86dd
[13:17:00.615] [bmv2] [T] [thread 3705] [27.0] [cxt 0] Bytes parsed: 14
[13:17:00.615] [bmv2] [T] [thread 3705] [27.0] [cxt 0] Skipping checksum 'cksum_0' verification because target field invalid
[13:17:00.615] [bmv2] [D] [thread 3705] [27.0] [cxt 0] Parser 'parser': end
[13:17:00.615] [bmv2] [D] [thread 3705] [27.0] [cxt 0] Pipeline 'ingress': start
[13:17:00.615] [bmv2] [T] [thread 3705] [27.0] [cxt 0] Applying table 'ipv4_lpm'
[13:17:00.615] [bmv2] [D] [thread 3705] [27.0] [cxt 0] Looking up key:
* ipv4.dstAddr        : 00000000

[13:17:00.615] [bmv2] [D] [thread 3705] [27.0] [cxt 0] Table 'ipv4_lpm': miss
[13:17:00.615] [bmv2] [D] [thread 3705] [27.0] [cxt 0] Action entry is _drop - 
[13:17:00.615] [bmv2] [T] [thread 3705] [27.0] [cxt 0] Action _drop
[13:17:00.615] [bmv2] [T] [thread 3705] [27.0] [cxt 0] ip_forward.p4(185) Primitive mark_to_drop(standard_metadata)
[13:17:00.615] [bmv2] [D] [thread 3705] [27.0] [cxt 0] Pipeline 'ingress': end
[13:17:00.615] [bmv2] [D] [thread 3705] [27.0] [cxt 0] Egress port is 511
[13:17:00.615] [bmv2] [D] [thread 3705] [27.0] [cxt 0] Dropping packet at the end of ingress
[13:17:00.661] [bmv2] [D] [thread 3705] [28.0] [cxt 0] Processing packet received on port 2
[13:17:00.661] [bmv2] [D] [thread 3705] [28.0] [cxt 0] Parser 'parser': start
[13:17:00.661] [bmv2] [D] [thread 3705] [28.0] [cxt 0] Parser 'parser' entering state 'start'
[13:17:00.661] [bmv2] [D] [thread 3705] [28.0] [cxt 0] Parser state 'start' has no switch, going to default next state
[13:17:00.661] [bmv2] [T] [thread 3705] [28.0] [cxt 0] Bytes parsed: 0
[13:17:00.661] [bmv2] [D] [thread 3705] [28.0] [cxt 0] Parser 'parser' entering state 'parse_ethernet'
[13:17:00.661] [bmv2] [D] [thread 3705] [28.0] [cxt 0] Extracting header 'ethernet'
[13:17:00.661] [bmv2] [D] [thread 3705] [28.0] [cxt 0] Parser state 'parse_ethernet': key is 86dd
[13:17:00.661] [bmv2] [T] [thread 3705] [28.0] [cxt 0] Bytes parsed: 14
[13:17:00.661] [bmv2] [T] [thread 3705] [28.0] [cxt 0] Skipping checksum 'cksum_0' verification because target field invalid
[13:17:00.661] [bmv2] [D] [thread 3705] [28.0] [cxt 0] Parser 'parser': end
[13:17:00.661] [bmv2] [D] [thread 3705] [28.0] [cxt 0] Pipeline 'ingress': start
[13:17:00.661] [bmv2] [T] [thread 3705] [28.0] [cxt 0] Applying table 'ipv4_lpm'
[13:17:00.661] [bmv2] [D] [thread 3705] [28.0] [cxt 0] Looking up key:
* ipv4.dstAddr        : 00000000

[13:17:00.661] [bmv2] [D] [thread 3705] [28.0] [cxt 0] Table 'ipv4_lpm': miss
[13:17:00.661] [bmv2] [D] [thread 3705] [28.0] [cxt 0] Action entry is _drop - 
[13:17:00.661] [bmv2] [T] [thread 3705] [28.0] [cxt 0] Action _drop
[13:17:00.661] [bmv2] [T] [thread 3705] [28.0] [cxt 0] ip_forward.p4(185) Primitive mark_to_drop(standard_metadata)
[13:17:00.661] [bmv2] [D] [thread 3705] [28.0] [cxt 0] Pipeline 'ingress': end
[13:17:00.661] [bmv2] [D] [thread 3705] [28.0] [cxt 0] Egress port is 511
[13:17:00.661] [bmv2] [D] [thread 3705] [28.0] [cxt 0] Dropping packet at the end of ingress
[13:17:00.714] [bmv2] [D] [thread 3705] [29.0] [cxt 0] Processing packet received on port 2
[13:17:00.714] [bmv2] [D] [thread 3705] [29.0] [cxt 0] Parser 'parser': start
[13:17:00.714] [bmv2] [D] [thread 3705] [29.0] [cxt 0] Parser 'parser' entering state 'start'
[13:17:00.714] [bmv2] [D] [thread 3705] [29.0] [cxt 0] Parser state 'start' has no switch, going to default next state
[13:17:00.714] [bmv2] [T] [thread 3705] [29.0] [cxt 0] Bytes parsed: 0
[13:17:00.714] [bmv2] [D] [thread 3705] [29.0] [cxt 0] Parser 'parser' entering state 'parse_ethernet'
[13:17:00.714] [bmv2] [D] [thread 3705] [29.0] [cxt 0] Extracting header 'ethernet'
[13:17:00.714] [bmv2] [D] [thread 3705] [29.0] [cxt 0] Parser state 'parse_ethernet': key is 86dd
[13:17:00.714] [bmv2] [T] [thread 3705] [29.0] [cxt 0] Bytes parsed: 14
[13:17:00.714] [bmv2] [T] [thread 3705] [29.0] [cxt 0] Skipping checksum 'cksum_0' verification because target field invalid
[13:17:00.714] [bmv2] [D] [thread 3705] [29.0] [cxt 0] Parser 'parser': end
[13:17:00.714] [bmv2] [D] [thread 3705] [29.0] [cxt 0] Pipeline 'ingress': start
[13:17:00.714] [bmv2] [T] [thread 3705] [29.0] [cxt 0] Applying table 'ipv4_lpm'
[13:17:00.714] [bmv2] [D] [thread 3705] [29.0] [cxt 0] Looking up key:
* ipv4.dstAddr        : 00000000

[13:17:00.714] [bmv2] [D] [thread 3705] [29.0] [cxt 0] Table 'ipv4_lpm': miss
[13:17:00.714] [bmv2] [D] [thread 3705] [29.0] [cxt 0] Action entry is _drop - 
[13:17:00.714] [bmv2] [T] [thread 3705] [29.0] [cxt 0] Action _drop
[13:17:00.714] [bmv2] [T] [thread 3705] [29.0] [cxt 0] ip_forward.p4(185) Primitive mark_to_drop(standard_metadata)
[13:17:00.714] [bmv2] [D] [thread 3705] [29.0] [cxt 0] Pipeline 'ingress': end
[13:17:00.714] [bmv2] [D] [thread 3705] [29.0] [cxt 0] Egress port is 511
[13:17:00.714] [bmv2] [D] [thread 3705] [29.0] [cxt 0] Dropping packet at the end of ingress
[13:17:00.755] [bmv2] [D] [thread 3705] [30.0] [cxt 0] Processing packet received on port 2
[13:17:00.755] [bmv2] [D] [thread 3705] [30.0] [cxt 0] Parser 'parser': start
[13:17:00.755] [bmv2] [D] [thread 3705] [30.0] [cxt 0] Parser 'parser' entering state 'start'
[13:17:00.755] [bmv2] [D] [thread 3705] [30.0] [cxt 0] Parser state 'start' has no switch, going to default next state
[13:17:00.755] [bmv2] [T] [thread 3705] [30.0] [cxt 0] Bytes parsed: 0
[13:17:00.755] [bmv2] [D] [thread 3705] [30.0] [cxt 0] Parser 'parser' entering state 'parse_ethernet'
[13:17:00.755] [bmv2] [D] [thread 3705] [30.0] [cxt 0] Extracting header 'ethernet'
[13:17:00.755] [bmv2] [D] [thread 3705] [30.0] [cxt 0] Parser state 'parse_ethernet': key is 86dd
[13:17:00.755] [bmv2] [T] [thread 3705] [30.0] [cxt 0] Bytes parsed: 14
[13:17:00.755] [bmv2] [T] [thread 3705] [30.0] [cxt 0] Skipping checksum 'cksum_0' verification because target field invalid
[13:17:00.755] [bmv2] [D] [thread 3705] [30.0] [cxt 0] Parser 'parser': end
[13:17:00.755] [bmv2] [D] [thread 3705] [30.0] [cxt 0] Pipeline 'ingress': start
[13:17:00.755] [bmv2] [T] [thread 3705] [30.0] [cxt 0] Applying table 'ipv4_lpm'
[13:17:00.755] [bmv2] [D] [thread 3705] [30.0] [cxt 0] Looking up key:
* ipv4.dstAddr        : 00000000

[13:17:00.755] [bmv2] [D] [thread 3705] [30.0] [cxt 0] Table 'ipv4_lpm': miss
[13:17:00.755] [bmv2] [D] [thread 3705] [30.0] [cxt 0] Action entry is _drop - 
[13:17:00.755] [bmv2] [T] [thread 3705] [30.0] [cxt 0] Action _drop
[13:17:00.755] [bmv2] [T] [thread 3705] [30.0] [cxt 0] ip_forward.p4(185) Primitive mark_to_drop(standard_metadata)
[13:17:00.755] [bmv2] [D] [thread 3705] [30.0] [cxt 0] Pipeline 'ingress': end
[13:17:00.755] [bmv2] [D] [thread 3705] [30.0] [cxt 0] Egress port is 511
[13:17:00.755] [bmv2] [D] [thread 3705] [30.0] [cxt 0] Dropping packet at the end of ingress
[13:17:00.815] [bmv2] [D] [thread 3705] [31.0] [cxt 0] Processing packet received on port 1
[13:17:00.815] [bmv2] [D] [thread 3705] [31.0] [cxt 0] Parser 'parser': start
[13:17:00.815] [bmv2] [D] [thread 3705] [31.0] [cxt 0] Parser 'parser' entering state 'start'
[13:17:00.815] [bmv2] [D] [thread 3705] [31.0] [cxt 0] Parser state 'start' has no switch, going to default next state
[13:17:00.815] [bmv2] [T] [thread 3705] [31.0] [cxt 0] Bytes parsed: 0
[13:17:00.815] [bmv2] [D] [thread 3705] [31.0] [cxt 0] Parser 'parser' entering state 'parse_ethernet'
[13:17:00.815] [bmv2] [D] [thread 3705] [31.0] [cxt 0] Extracting header 'ethernet'
[13:17:00.815] [bmv2] [D] [thread 3705] [31.0] [cxt 0] Parser state 'parse_ethernet': key is 86dd
[13:17:00.815] [bmv2] [T] [thread 3705] [31.0] [cxt 0] Bytes parsed: 14
[13:17:00.815] [bmv2] [T] [thread 3705] [31.0] [cxt 0] Skipping checksum 'cksum_0' verification because target field invalid
[13:17:00.815] [bmv2] [D] [thread 3705] [31.0] [cxt 0] Parser 'parser': end
[13:17:00.815] [bmv2] [D] [thread 3705] [31.0] [cxt 0] Pipeline 'ingress': start
[13:17:00.815] [bmv2] [T] [thread 3705] [31.0] [cxt 0] Applying table 'ipv4_lpm'
[13:17:00.815] [bmv2] [D] [thread 3705] [31.0] [cxt 0] Looking up key:
* ipv4.dstAddr        : 00000000

[13:17:00.815] [bmv2] [D] [thread 3705] [31.0] [cxt 0] Table 'ipv4_lpm': miss
[13:17:00.815] [bmv2] [D] [thread 3705] [31.0] [cxt 0] Action entry is _drop - 
[13:17:00.815] [bmv2] [T] [thread 3705] [31.0] [cxt 0] Action _drop
[13:17:00.815] [bmv2] [T] [thread 3705] [31.0] [cxt 0] ip_forward.p4(185) Primitive mark_to_drop(standard_metadata)
[13:17:00.815] [bmv2] [D] [thread 3705] [31.0] [cxt 0] Pipeline 'ingress': end
[13:17:00.815] [bmv2] [D] [thread 3705] [31.0] [cxt 0] Egress port is 511
[13:17:00.815] [bmv2] [D] [thread 3705] [31.0] [cxt 0] Dropping packet at the end of ingress
[13:17:00.912] [bmv2] [D] [thread 3705] [32.0] [cxt 0] Processing packet received on port 2
[13:17:00.912] [bmv2] [D] [thread 3705] [32.0] [cxt 0] Parser 'parser': start
[13:17:00.912] [bmv2] [D] [thread 3705] [32.0] [cxt 0] Parser 'parser' entering state 'start'
[13:17:00.912] [bmv2] [D] [thread 3705] [32.0] [cxt 0] Parser state 'start' has no switch, going to default next state
[13:17:00.912] [bmv2] [T] [thread 3705] [32.0] [cxt 0] Bytes parsed: 0
[13:17:00.912] [bmv2] [D] [thread 3705] [32.0] [cxt 0] Parser 'parser' entering state 'parse_ethernet'
[13:17:00.912] [bmv2] [D] [thread 3705] [32.0] [cxt 0] Extracting header 'ethernet'
[13:17:00.912] [bmv2] [D] [thread 3705] [32.0] [cxt 0] Parser state 'parse_ethernet': key is 86dd
[13:17:00.912] [bmv2] [T] [thread 3705] [32.0] [cxt 0] Bytes parsed: 14
[13:17:00.912] [bmv2] [T] [thread 3705] [32.0] [cxt 0] Skipping checksum 'cksum_0' verification because target field invalid
[13:17:00.912] [bmv2] [D] [thread 3705] [32.0] [cxt 0] Parser 'parser': end
[13:17:00.912] [bmv2] [D] [thread 3705] [32.0] [cxt 0] Pipeline 'ingress': start
[13:17:00.912] [bmv2] [T] [thread 3705] [32.0] [cxt 0] Applying table 'ipv4_lpm'
[13:17:00.912] [bmv2] [D] [thread 3705] [32.0] [cxt 0] Looking up key:
* ipv4.dstAddr        : 00000000

[13:17:00.912] [bmv2] [D] [thread 3705] [32.0] [cxt 0] Table 'ipv4_lpm': miss
[13:17:00.912] [bmv2] [D] [thread 3705] [32.0] [cxt 0] Action entry is _drop - 
[13:17:00.912] [bmv2] [T] [thread 3705] [32.0] [cxt 0] Action _drop
[13:17:00.912] [bmv2] [T] [thread 3705] [32.0] [cxt 0] ip_forward.p4(185) Primitive mark_to_drop(standard_metadata)
[13:17:00.912] [bmv2] [D] [thread 3705] [32.0] [cxt 0] Pipeline 'ingress': end
[13:17:00.912] [bmv2] [D] [thread 3705] [32.0] [cxt 0] Egress port is 511
[13:17:00.912] [bmv2] [D] [thread 3705] [32.0] [cxt 0] Dropping packet at the end of ingress
[13:17:00.912] [bmv2] [D] [thread 3705] [33.0] [cxt 0] Processing packet received on port 2
[13:17:00.912] [bmv2] [D] [thread 3705] [33.0] [cxt 0] Parser 'parser': start
[13:17:00.912] [bmv2] [D] [thread 3705] [33.0] [cxt 0] Parser 'parser' entering state 'start'
[13:17:00.912] [bmv2] [D] [thread 3705] [33.0] [cxt 0] Parser state 'start' has no switch, going to default next state
[13:17:00.912] [bmv2] [T] [thread 3705] [33.0] [cxt 0] Bytes parsed: 0
[13:17:00.912] [bmv2] [D] [thread 3705] [33.0] [cxt 0] Parser 'parser' entering state 'parse_ethernet'
[13:17:00.912] [bmv2] [D] [thread 3705] [33.0] [cxt 0] Extracting header 'ethernet'
[13:17:00.912] [bmv2] [D] [thread 3705] [33.0] [cxt 0] Parser state 'parse_ethernet': key is 86dd
[13:17:00.912] [bmv2] [T] [thread 3705] [33.0] [cxt 0] Bytes parsed: 14
[13:17:00.912] [bmv2] [T] [thread 3705] [33.0] [cxt 0] Skipping checksum 'cksum_0' verification because target field invalid
[13:17:00.912] [bmv2] [D] [thread 3705] [33.0] [cxt 0] Parser 'parser': end
[13:17:00.912] [bmv2] [D] [thread 3705] [33.0] [cxt 0] Pipeline 'ingress': start
[13:17:00.912] [bmv2] [T] [thread 3705] [33.0] [cxt 0] Applying table 'ipv4_lpm'
[13:17:00.912] [bmv2] [D] [thread 3705] [33.0] [cxt 0] Looking up key:
* ipv4.dstAddr        : 00000000

[13:17:00.912] [bmv2] [D] [thread 3705] [33.0] [cxt 0] Table 'ipv4_lpm': miss
[13:17:00.912] [bmv2] [D] [thread 3705] [33.0] [cxt 0] Action entry is _drop - 
[13:17:00.912] [bmv2] [T] [thread 3705] [33.0] [cxt 0] Action _drop
[13:17:00.912] [bmv2] [T] [thread 3705] [33.0] [cxt 0] ip_forward.p4(185) Primitive mark_to_drop(standard_metadata)
[13:17:00.912] [bmv2] [D] [thread 3705] [33.0] [cxt 0] Pipeline 'ingress': end
[13:17:00.912] [bmv2] [D] [thread 3705] [33.0] [cxt 0] Egress port is 511
[13:17:00.912] [bmv2] [D] [thread 3705] [33.0] [cxt 0] Dropping packet at the end of ingress
[13:17:00.983] [bmv2] [D] [thread 3705] [34.0] [cxt 0] Processing packet received on port 1
[13:17:00.983] [bmv2] [D] [thread 3705] [34.0] [cxt 0] Parser 'parser': start
[13:17:00.983] [bmv2] [D] [thread 3705] [34.0] [cxt 0] Parser 'parser' entering state 'start'
[13:17:00.983] [bmv2] [D] [thread 3705] [34.0] [cxt 0] Parser state 'start' has no switch, going to default next state
[13:17:00.983] [bmv2] [T] [thread 3705] [34.0] [cxt 0] Bytes parsed: 0
[13:17:00.983] [bmv2] [D] [thread 3705] [34.0] [cxt 0] Parser 'parser' entering state 'parse_ethernet'
[13:17:00.983] [bmv2] [D] [thread 3705] [34.0] [cxt 0] Extracting header 'ethernet'
[13:17:00.983] [bmv2] [D] [thread 3705] [34.0] [cxt 0] Parser state 'parse_ethernet': key is 86dd
[13:17:00.983] [bmv2] [T] [thread 3705] [34.0] [cxt 0] Bytes parsed: 14
[13:17:00.983] [bmv2] [T] [thread 3705] [34.0] [cxt 0] Skipping checksum 'cksum_0' verification because target field invalid
[13:17:00.983] [bmv2] [D] [thread 3705] [34.0] [cxt 0] Parser 'parser': end
[13:17:00.983] [bmv2] [D] [thread 3705] [34.0] [cxt 0] Pipeline 'ingress': start
[13:17:00.983] [bmv2] [T] [thread 3705] [34.0] [cxt 0] Applying table 'ipv4_lpm'
[13:17:00.983] [bmv2] [D] [thread 3705] [34.0] [cxt 0] Looking up key:
* ipv4.dstAddr        : 00000000

[13:17:00.983] [bmv2] [D] [thread 3705] [34.0] [cxt 0] Table 'ipv4_lpm': miss
[13:17:00.983] [bmv2] [D] [thread 3705] [34.0] [cxt 0] Action entry is _drop - 
[13:17:00.983] [bmv2] [T] [thread 3705] [34.0] [cxt 0] Action _drop
[13:17:00.983] [bmv2] [T] [thread 3705] [34.0] [cxt 0] ip_forward.p4(185) Primitive mark_to_drop(standard_metadata)
[13:17:00.983] [bmv2] [D] [thread 3705] [34.0] [cxt 0] Pipeline 'ingress': end
[13:17:00.983] [bmv2] [D] [thread 3705] [34.0] [cxt 0] Egress port is 511
[13:17:00.983] [bmv2] [D] [thread 3705] [34.0] [cxt 0] Dropping packet at the end of ingress
[13:17:01.112] [bmv2] [D] [thread 3705] [35.0] [cxt 0] Processing packet received on port 2
[13:17:01.112] [bmv2] [D] [thread 3705] [35.0] [cxt 0] Parser 'parser': start
[13:17:01.112] [bmv2] [D] [thread 3705] [35.0] [cxt 0] Parser 'parser' entering state 'start'
[13:17:01.112] [bmv2] [D] [thread 3705] [35.0] [cxt 0] Parser state 'start' has no switch, going to default next state
[13:17:01.112] [bmv2] [T] [thread 3705] [35.0] [cxt 0] Bytes parsed: 0
[13:17:01.112] [bmv2] [D] [thread 3705] [35.0] [cxt 0] Parser 'parser' entering state 'parse_ethernet'
[13:17:01.112] [bmv2] [D] [thread 3705] [35.0] [cxt 0] Extracting header 'ethernet'
[13:17:01.112] [bmv2] [D] [thread 3705] [35.0] [cxt 0] Parser state 'parse_ethernet': key is 86dd
[13:17:01.112] [bmv2] [T] [thread 3705] [35.0] [cxt 0] Bytes parsed: 14
[13:17:01.112] [bmv2] [T] [thread 3705] [35.0] [cxt 0] Skipping checksum 'cksum_0' verification because target field invalid
[13:17:01.112] [bmv2] [D] [thread 3705] [35.0] [cxt 0] Parser 'parser': end
[13:17:01.112] [bmv2] [D] [thread 3705] [35.0] [cxt 0] Pipeline 'ingress': start
[13:17:01.112] [bmv2] [T] [thread 3705] [35.0] [cxt 0] Applying table 'ipv4_lpm'
[13:17:01.112] [bmv2] [D] [thread 3705] [35.0] [cxt 0] Looking up key:
* ipv4.dstAddr        : 00000000

[13:17:01.112] [bmv2] [D] [thread 3705] [35.0] [cxt 0] Table 'ipv4_lpm': miss
[13:17:01.112] [bmv2] [D] [thread 3705] [35.0] [cxt 0] Action entry is _drop - 
[13:17:01.112] [bmv2] [T] [thread 3705] [35.0] [cxt 0] Action _drop
[13:17:01.112] [bmv2] [T] [thread 3705] [35.0] [cxt 0] ip_forward.p4(185) Primitive mark_to_drop(standard_metadata)
[13:17:01.112] [bmv2] [D] [thread 3705] [35.0] [cxt 0] Pipeline 'ingress': end
[13:17:01.112] [bmv2] [D] [thread 3705] [35.0] [cxt 0] Egress port is 511
[13:17:01.112] [bmv2] [D] [thread 3705] [35.0] [cxt 0] Dropping packet at the end of ingress
[13:17:01.126] [bmv2] [D] [thread 3705] [36.0] [cxt 0] Processing packet received on port 1
[13:17:01.126] [bmv2] [D] [thread 3705] [36.0] [cxt 0] Parser 'parser': start
[13:17:01.126] [bmv2] [D] [thread 3705] [36.0] [cxt 0] Parser 'parser' entering state 'start'
[13:17:01.126] [bmv2] [D] [thread 3705] [36.0] [cxt 0] Parser state 'start' has no switch, going to default next state
[13:17:01.126] [bmv2] [T] [thread 3705] [36.0] [cxt 0] Bytes parsed: 0
[13:17:01.126] [bmv2] [D] [thread 3705] [36.0] [cxt 0] Parser 'parser' entering state 'parse_ethernet'
[13:17:01.126] [bmv2] [D] [thread 3705] [36.0] [cxt 0] Extracting header 'ethernet'
[13:17:01.126] [bmv2] [D] [thread 3705] [36.0] [cxt 0] Parser state 'parse_ethernet': key is 86dd
[13:17:01.126] [bmv2] [T] [thread 3705] [36.0] [cxt 0] Bytes parsed: 14
[13:17:01.126] [bmv2] [T] [thread 3705] [36.0] [cxt 0] Skipping checksum 'cksum_0' verification because target field invalid
[13:17:01.126] [bmv2] [D] [thread 3705] [36.0] [cxt 0] Parser 'parser': end
[13:17:01.126] [bmv2] [D] [thread 3705] [36.0] [cxt 0] Pipeline 'ingress': start
[13:17:01.126] [bmv2] [T] [thread 3705] [36.0] [cxt 0] Applying table 'ipv4_lpm'
[13:17:01.126] [bmv2] [D] [thread 3705] [36.0] [cxt 0] Looking up key:
* ipv4.dstAddr        : 00000000

[13:17:01.126] [bmv2] [D] [thread 3705] [36.0] [cxt 0] Table 'ipv4_lpm': miss
[13:17:01.126] [bmv2] [D] [thread 3705] [36.0] [cxt 0] Action entry is _drop - 
[13:17:01.126] [bmv2] [T] [thread 3705] [36.0] [cxt 0] Action _drop
[13:17:01.126] [bmv2] [T] [thread 3705] [36.0] [cxt 0] ip_forward.p4(185) Primitive mark_to_drop(standard_metadata)
[13:17:01.126] [bmv2] [D] [thread 3705] [36.0] [cxt 0] Pipeline 'ingress': end
[13:17:01.126] [bmv2] [D] [thread 3705] [36.0] [cxt 0] Egress port is 511
[13:17:01.126] [bmv2] [D] [thread 3705] [36.0] [cxt 0] Dropping packet at the end of ingress
[13:17:01.421] [bmv2] [D] [thread 3705] [37.0] [cxt 0] Processing packet received on port 2
[13:17:01.421] [bmv2] [D] [thread 3705] [37.0] [cxt 0] Parser 'parser': start
[13:17:01.421] [bmv2] [D] [thread 3705] [37.0] [cxt 0] Parser 'parser' entering state 'start'
[13:17:01.421] [bmv2] [D] [thread 3705] [37.0] [cxt 0] Parser state 'start' has no switch, going to default next state
[13:17:01.421] [bmv2] [T] [thread 3705] [37.0] [cxt 0] Bytes parsed: 0
[13:17:01.421] [bmv2] [D] [thread 3705] [37.0] [cxt 0] Parser 'parser' entering state 'parse_ethernet'
[13:17:01.421] [bmv2] [D] [thread 3705] [37.0] [cxt 0] Extracting header 'ethernet'
[13:17:01.421] [bmv2] [D] [thread 3705] [37.0] [cxt 0] Parser state 'parse_ethernet': key is 86dd
[13:17:01.421] [bmv2] [T] [thread 3705] [37.0] [cxt 0] Bytes parsed: 14
[13:17:01.421] [bmv2] [T] [thread 3705] [37.0] [cxt 0] Skipping checksum 'cksum_0' verification because target field invalid
[13:17:01.421] [bmv2] [D] [thread 3705] [37.0] [cxt 0] Parser 'parser': end
[13:17:01.421] [bmv2] [D] [thread 3705] [37.0] [cxt 0] Pipeline 'ingress': start
[13:17:01.421] [bmv2] [T] [thread 3705] [37.0] [cxt 0] Applying table 'ipv4_lpm'
[13:17:01.421] [bmv2] [D] [thread 3705] [37.0] [cxt 0] Looking up key:
* ipv4.dstAddr        : 00000000

[13:17:01.421] [bmv2] [D] [thread 3705] [37.0] [cxt 0] Table 'ipv4_lpm': miss
[13:17:01.421] [bmv2] [D] [thread 3705] [37.0] [cxt 0] Action entry is _drop - 
[13:17:01.421] [bmv2] [T] [thread 3705] [37.0] [cxt 0] Action _drop
[13:17:01.421] [bmv2] [T] [thread 3705] [37.0] [cxt 0] ip_forward.p4(185) Primitive mark_to_drop(standard_metadata)
[13:17:01.421] [bmv2] [D] [thread 3705] [37.0] [cxt 0] Pipeline 'ingress': end
[13:17:01.421] [bmv2] [D] [thread 3705] [37.0] [cxt 0] Egress port is 511
[13:17:01.421] [bmv2] [D] [thread 3705] [37.0] [cxt 0] Dropping packet at the end of ingress
[13:17:01.441] [bmv2] [D] [thread 3705] [38.0] [cxt 0] Processing packet received on port 2
[13:17:01.441] [bmv2] [D] [thread 3705] [38.0] [cxt 0] Parser 'parser': start
[13:17:01.441] [bmv2] [D] [thread 3705] [38.0] [cxt 0] Parser 'parser' entering state 'start'
[13:17:01.441] [bmv2] [D] [thread 3705] [38.0] [cxt 0] Parser state 'start' has no switch, going to default next state
[13:17:01.441] [bmv2] [T] [thread 3705] [38.0] [cxt 0] Bytes parsed: 0
[13:17:01.441] [bmv2] [D] [thread 3705] [38.0] [cxt 0] Parser 'parser' entering state 'parse_ethernet'
[13:17:01.441] [bmv2] [D] [thread 3705] [38.0] [cxt 0] Extracting header 'ethernet'
[13:17:01.441] [bmv2] [D] [thread 3705] [38.0] [cxt 0] Parser state 'parse_ethernet': key is 86dd
[13:17:01.441] [bmv2] [T] [thread 3705] [38.0] [cxt 0] Bytes parsed: 14
[13:17:01.441] [bmv2] [T] [thread 3705] [38.0] [cxt 0] Skipping checksum 'cksum_0' verification because target field invalid
[13:17:01.441] [bmv2] [D] [thread 3705] [38.0] [cxt 0] Parser 'parser': end
[13:17:01.441] [bmv2] [D] [thread 3705] [38.0] [cxt 0] Pipeline 'ingress': start
[13:17:01.441] [bmv2] [T] [thread 3705] [38.0] [cxt 0] Applying table 'ipv4_lpm'
[13:17:01.441] [bmv2] [D] [thread 3705] [38.0] [cxt 0] Looking up key:
* ipv4.dstAddr        : 00000000

[13:17:01.441] [bmv2] [D] [thread 3705] [38.0] [cxt 0] Table 'ipv4_lpm': miss
[13:17:01.441] [bmv2] [D] [thread 3705] [38.0] [cxt 0] Action entry is _drop - 
[13:17:01.441] [bmv2] [T] [thread 3705] [38.0] [cxt 0] Action _drop
[13:17:01.441] [bmv2] [T] [thread 3705] [38.0] [cxt 0] ip_forward.p4(185) Primitive mark_to_drop(standard_metadata)
[13:17:01.441] [bmv2] [D] [thread 3705] [38.0] [cxt 0] Pipeline 'ingress': end
[13:17:01.441] [bmv2] [D] [thread 3705] [38.0] [cxt 0] Egress port is 511
[13:17:01.441] [bmv2] [D] [thread 3705] [38.0] [cxt 0] Dropping packet at the end of ingress
[13:17:02.826] [bmv2] [T] [thread 3787] bm_get_config
[13:17:02.828] [bmv2] [T] [thread 3787] bm_table_add_entry
[13:17:02.828] [bmv2] [D] [thread 3787] Entry 0 added to table 'ipv4_lpm'
[13:17:02.828] [bmv2] [D] [thread 3787] Dumping entry 0
Match key:
* ipv4.dstAddr        : LPM       0a010102/32
Action entry: set_nhop - a010102,1,

[13:17:02.828] [bmv2] [T] [thread 3787] bm_table_add_entry
[13:17:02.828] [bmv2] [D] [thread 3787] Entry 1 added to table 'ipv4_lpm'
[13:17:02.828] [bmv2] [D] [thread 3787] Dumping entry 1
Match key:
* ipv4.dstAddr        : LPM       0a020202/32
Action entry: set_nhop - a020202,2,

[13:17:02.828] [bmv2] [T] [thread 3787] bm_table_add_entry
[13:17:02.829] [bmv2] [D] [thread 3787] Entry 2 added to table 'ipv4_lpm'
[13:17:02.829] [bmv2] [D] [thread 3787] Dumping entry 2
Match key:
* ipv4.dstAddr        : LPM       0a030302/32
Action entry: set_nhop - a030302,2,

