Calling target program-options parser
[13:17:00.671] [bmv2] [D] [thread 3729] Set default default entry for table 'ipv4_lpm': _drop - 
Adding interface s3-eth1 as port 1
[13:17:00.672] [bmv2] [D] [thread 3729] Adding interface s3-eth1 as port 1
Adding interface s3-eth2 as port 2
[13:17:00.703] [bmv2] [D] [thread 3729] Adding interface s3-eth2 as port 2
[13:17:00.731] [bmv2] [I] [thread 3729] Starting Thrift server on port 9092
[13:17:00.731] [bmv2] [I] [thread 3729] Thrift server was started
[13:17:00.743] [bmv2] [D] [thread 3735] [0.0] [cxt 0] Processing packet received on port 2
[13:17:00.743] [bmv2] [D] [thread 3735] [0.0] [cxt 0] Parser 'parser': start
[13:17:00.743] [bmv2] [D] [thread 3735] [0.0] [cxt 0] Parser 'parser' entering state 'start'
[13:17:00.743] [bmv2] [D] [thread 3735] [0.0] [cxt 0] Parser state 'start' has no switch, going to default next state
[13:17:00.743] [bmv2] [T] [thread 3735] [0.0] [cxt 0] Bytes parsed: 0
[13:17:00.743] [bmv2] [D] [thread 3735] [0.0] [cxt 0] Parser 'parser' entering state 'parse_ethernet'
[13:17:00.743] [bmv2] [D] [thread 3735] [0.0] [cxt 0] Extracting header 'ethernet'
[13:17:00.743] [bmv2] [D] [thread 3735] [0.0] [cxt 0] Parser state 'parse_ethernet': key is 86dd
[13:17:00.743] [bmv2] [T] [thread 3735] [0.0] [cxt 0] Bytes parsed: 14
[13:17:00.743] [bmv2] [T] [thread 3735] [0.0] [cxt 0] Skipping checksum 'cksum_0' verification because target field invalid
[13:17:00.743] [bmv2] [D] [thread 3735] [0.0] [cxt 0] Parser 'parser': end
[13:17:00.743] [bmv2] [D] [thread 3735] [0.0] [cxt 0] Pipeline 'ingress': start
[13:17:00.743] [bmv2] [T] [thread 3735] [0.0] [cxt 0] Applying table 'ipv4_lpm'
[13:17:00.743] [bmv2] [D] [thread 3735] [0.0] [cxt 0] Looking up key:
* ipv4.dstAddr        : 00000000

[13:17:00.743] [bmv2] [D] [thread 3735] [0.0] [cxt 0] Table 'ipv4_lpm': miss
[13:17:00.743] [bmv2] [D] [thread 3735] [0.0] [cxt 0] Action entry is _drop - 
[13:17:00.743] [bmv2] [T] [thread 3735] [0.0] [cxt 0] Action _drop
[13:17:00.743] [bmv2] [T] [thread 3735] [0.0] [cxt 0] ip_forward.p4(185) Primitive mark_to_drop(standard_metadata)
[13:17:00.743] [bmv2] [D] [thread 3735] [0.0] [cxt 0] Pipeline 'ingress': end
[13:17:00.743] [bmv2] [D] [thread 3735] [0.0] [cxt 0] Egress port is 511
[13:17:00.743] [bmv2] [D] [thread 3735] [0.0] [cxt 0] Dropping packet at the end of ingress
[13:17:00.779] [bmv2] [D] [thread 3735] [1.0] [cxt 0] Processing packet received on port 2
[13:17:00.779] [bmv2] [D] [thread 3735] [1.0] [cxt 0] Parser 'parser': start
[13:17:00.779] [bmv2] [D] [thread 3735] [1.0] [cxt 0] Parser 'parser' entering state 'start'
[13:17:00.779] [bmv2] [D] [thread 3735] [1.0] [cxt 0] Parser state 'start' has no switch, going to default next state
[13:17:00.779] [bmv2] [T] [thread 3735] [1.0] [cxt 0] Bytes parsed: 0
[13:17:00.779] [bmv2] [D] [thread 3735] [1.0] [cxt 0] Parser 'parser' entering state 'parse_ethernet'
[13:17:00.779] [bmv2] [D] [thread 3735] [1.0] [cxt 0] Extracting header 'ethernet'
[13:17:00.779] [bmv2] [D] [thread 3735] [1.0] [cxt 0] Parser state 'parse_ethernet': key is 86dd
[13:17:00.779] [bmv2] [T] [thread 3735] [1.0] [cxt 0] Bytes parsed: 14
[13:17:00.779] [bmv2] [T] [thread 3735] [1.0] [cxt 0] Skipping checksum 'cksum_0' verification because target field invalid
[13:17:00.779] [bmv2] [D] [thread 3735] [1.0] [cxt 0] Parser 'parser': end
[13:17:00.779] [bmv2] [D] [thread 3735] [1.0] [cxt 0] Pipeline 'ingress': start
[13:17:00.779] [bmv2] [T] [thread 3735] [1.0] [cxt 0] Applying table 'ipv4_lpm'
[13:17:00.779] [bmv2] [D] [thread 3735] [1.0] [cxt 0] Looking up key:
* ipv4.dstAddr        : 00000000

[13:17:00.779] [bmv2] [D] [thread 3735] [1.0] [cxt 0] Table 'ipv4_lpm': miss
[13:17:00.779] [bmv2] [D] [thread 3735] [1.0] [cxt 0] Action entry is _drop - 
[13:17:00.779] [bmv2] [T] [thread 3735] [1.0] [cxt 0] Action _drop
[13:17:00.779] [bmv2] [T] [thread 3735] [1.0] [cxt 0] ip_forward.p4(185) Primitive mark_to_drop(standard_metadata)
[13:17:00.779] [bmv2] [D] [thread 3735] [1.0] [cxt 0] Pipeline 'ingress': end
[13:17:00.779] [bmv2] [D] [thread 3735] [1.0] [cxt 0] Egress port is 511
[13:17:00.779] [bmv2] [D] [thread 3735] [1.0] [cxt 0] Dropping packet at the end of ingress
[13:17:00.944] [bmv2] [D] [thread 3735] [2.0] [cxt 0] Processing packet received on port 2
[13:17:00.944] [bmv2] [D] [thread 3735] [2.0] [cxt 0] Parser 'parser': start
[13:17:00.944] [bmv2] [D] [thread 3735] [2.0] [cxt 0] Parser 'parser' entering state 'start'
[13:17:00.944] [bmv2] [D] [thread 3735] [2.0] [cxt 0] Parser state 'start' has no switch, going to default next state
[13:17:00.944] [bmv2] [T] [thread 3735] [2.0] [cxt 0] Bytes parsed: 0
[13:17:00.944] [bmv2] [D] [thread 3735] [2.0] [cxt 0] Parser 'parser' entering state 'parse_ethernet'
[13:17:00.944] [bmv2] [D] [thread 3735] [2.0] [cxt 0] Extracting header 'ethernet'
[13:17:00.944] [bmv2] [D] [thread 3735] [2.0] [cxt 0] Parser state 'parse_ethernet': key is 86dd
[13:17:00.944] [bmv2] [T] [thread 3735] [2.0] [cxt 0] Bytes parsed: 14
[13:17:00.944] [bmv2] [T] [thread 3735] [2.0] [cxt 0] Skipping checksum 'cksum_0' verification because target field invalid
[13:17:00.944] [bmv2] [D] [thread 3735] [2.0] [cxt 0] Parser 'parser': end
[13:17:00.944] [bmv2] [D] [thread 3735] [2.0] [cxt 0] Pipeline 'ingress': start
[13:17:00.944] [bmv2] [T] [thread 3735] [2.0] [cxt 0] Applying table 'ipv4_lpm'
[13:17:00.944] [bmv2] [D] [thread 3735] [2.0] [cxt 0] Looking up key:
* ipv4.dstAddr        : 00000000

[13:17:00.944] [bmv2] [D] [thread 3735] [2.0] [cxt 0] Table 'ipv4_lpm': miss
[13:17:00.944] [bmv2] [D] [thread 3735] [2.0] [cxt 0] Action entry is _drop - 
[13:17:00.944] [bmv2] [T] [thread 3735] [2.0] [cxt 0] Action _drop
[13:17:00.944] [bmv2] [T] [thread 3735] [2.0] [cxt 0] ip_forward.p4(185) Primitive mark_to_drop(standard_metadata)
[13:17:00.944] [bmv2] [D] [thread 3735] [2.0] [cxt 0] Pipeline 'ingress': end
[13:17:00.944] [bmv2] [D] [thread 3735] [2.0] [cxt 0] Egress port is 511
[13:17:00.944] [bmv2] [D] [thread 3735] [2.0] [cxt 0] Dropping packet at the end of ingress
[13:17:01.030] [bmv2] [D] [thread 3735] [3.0] [cxt 0] Processing packet received on port 2
[13:17:01.030] [bmv2] [D] [thread 3735] [3.0] [cxt 0] Parser 'parser': start
[13:17:01.030] [bmv2] [D] [thread 3735] [3.0] [cxt 0] Parser 'parser' entering state 'start'
[13:17:01.030] [bmv2] [D] [thread 3735] [3.0] [cxt 0] Parser state 'start' has no switch, going to default next state
[13:17:01.030] [bmv2] [T] [thread 3735] [3.0] [cxt 0] Bytes parsed: 0
[13:17:01.030] [bmv2] [D] [thread 3735] [3.0] [cxt 0] Parser 'parser' entering state 'parse_ethernet'
[13:17:01.030] [bmv2] [D] [thread 3735] [3.0] [cxt 0] Extracting header 'ethernet'
[13:17:01.030] [bmv2] [D] [thread 3735] [3.0] [cxt 0] Parser state 'parse_ethernet': key is 86dd
[13:17:01.030] [bmv2] [T] [thread 3735] [3.0] [cxt 0] Bytes parsed: 14
[13:17:01.030] [bmv2] [T] [thread 3735] [3.0] [cxt 0] Skipping checksum 'cksum_0' verification because target field invalid
[13:17:01.030] [bmv2] [D] [thread 3735] [3.0] [cxt 0] Parser 'parser': end
[13:17:01.030] [bmv2] [D] [thread 3735] [3.0] [cxt 0] Pipeline 'ingress': start
[13:17:01.030] [bmv2] [T] [thread 3735] [3.0] [cxt 0] Applying table 'ipv4_lpm'
[13:17:01.030] [bmv2] [D] [thread 3735] [3.0] [cxt 0] Looking up key:
* ipv4.dstAddr        : 00000000

[13:17:01.030] [bmv2] [D] [thread 3735] [3.0] [cxt 0] Table 'ipv4_lpm': miss
[13:17:01.030] [bmv2] [D] [thread 3735] [3.0] [cxt 0] Action entry is _drop - 
[13:17:01.030] [bmv2] [T] [thread 3735] [3.0] [cxt 0] Action _drop
[13:17:01.030] [bmv2] [T] [thread 3735] [3.0] [cxt 0] ip_forward.p4(185) Primitive mark_to_drop(standard_metadata)
[13:17:01.030] [bmv2] [D] [thread 3735] [3.0] [cxt 0] Pipeline 'ingress': end
[13:17:01.030] [bmv2] [D] [thread 3735] [3.0] [cxt 0] Egress port is 511
[13:17:01.030] [bmv2] [D] [thread 3735] [3.0] [cxt 0] Dropping packet at the end of ingress
[13:17:01.051] [bmv2] [D] [thread 3735] [4.0] [cxt 0] Processing packet received on port 2
[13:17:01.051] [bmv2] [D] [thread 3735] [4.0] [cxt 0] Parser 'parser': start
[13:17:01.051] [bmv2] [D] [thread 3735] [4.0] [cxt 0] Parser 'parser' entering state 'start'
[13:17:01.051] [bmv2] [D] [thread 3735] [4.0] [cxt 0] Parser state 'start' has no switch, going to default next state
[13:17:01.051] [bmv2] [T] [thread 3735] [4.0] [cxt 0] Bytes parsed: 0
[13:17:01.051] [bmv2] [D] [thread 3735] [4.0] [cxt 0] Parser 'parser' entering state 'parse_ethernet'
[13:17:01.051] [bmv2] [D] [thread 3735] [4.0] [cxt 0] Extracting header 'ethernet'
[13:17:01.051] [bmv2] [D] [thread 3735] [4.0] [cxt 0] Parser state 'parse_ethernet': key is 86dd
[13:17:01.051] [bmv2] [T] [thread 3735] [4.0] [cxt 0] Bytes parsed: 14
[13:17:01.051] [bmv2] [T] [thread 3735] [4.0] [cxt 0] Skipping checksum 'cksum_0' verification because target field invalid
[13:17:01.051] [bmv2] [D] [thread 3735] [4.0] [cxt 0] Parser 'parser': end
[13:17:01.051] [bmv2] [D] [thread 3735] [4.0] [cxt 0] Pipeline 'ingress': start
[13:17:01.051] [bmv2] [T] [thread 3735] [4.0] [cxt 0] Applying table 'ipv4_lpm'
[13:17:01.051] [bmv2] [D] [thread 3735] [4.0] [cxt 0] Looking up key:
* ipv4.dstAddr        : 00000000

[13:17:01.051] [bmv2] [D] [thread 3735] [4.0] [cxt 0] Table 'ipv4_lpm': miss
[13:17:01.051] [bmv2] [D] [thread 3735] [4.0] [cxt 0] Action entry is _drop - 
[13:17:01.051] [bmv2] [T] [thread 3735] [4.0] [cxt 0] Action _drop
[13:17:01.051] [bmv2] [T] [thread 3735] [4.0] [cxt 0] ip_forward.p4(185) Primitive mark_to_drop(standard_metadata)
[13:17:01.051] [bmv2] [D] [thread 3735] [4.0] [cxt 0] Pipeline 'ingress': end
[13:17:01.051] [bmv2] [D] [thread 3735] [4.0] [cxt 0] Egress port is 511
[13:17:01.051] [bmv2] [D] [thread 3735] [4.0] [cxt 0] Dropping packet at the end of ingress
[13:17:01.254] [bmv2] [D] [thread 3735] [5.0] [cxt 0] Processing packet received on port 2
[13:17:01.254] [bmv2] [D] [thread 3735] [5.0] [cxt 0] Parser 'parser': start
[13:17:01.254] [bmv2] [D] [thread 3735] [5.0] [cxt 0] Parser 'parser' entering state 'start'
[13:17:01.254] [bmv2] [D] [thread 3735] [5.0] [cxt 0] Parser state 'start' has no switch, going to default next state
[13:17:01.254] [bmv2] [T] [thread 3735] [5.0] [cxt 0] Bytes parsed: 0
[13:17:01.254] [bmv2] [D] [thread 3735] [5.0] [cxt 0] Parser 'parser' entering state 'parse_ethernet'
[13:17:01.254] [bmv2] [D] [thread 3735] [5.0] [cxt 0] Extracting header 'ethernet'
[13:17:01.254] [bmv2] [D] [thread 3735] [5.0] [cxt 0] Parser state 'parse_ethernet': key is 86dd
[13:17:01.254] [bmv2] [T] [thread 3735] [5.0] [cxt 0] Bytes parsed: 14
[13:17:01.254] [bmv2] [T] [thread 3735] [5.0] [cxt 0] Skipping checksum 'cksum_0' verification because target field invalid
[13:17:01.254] [bmv2] [D] [thread 3735] [5.0] [cxt 0] Parser 'parser': end
[13:17:01.254] [bmv2] [D] [thread 3735] [5.0] [cxt 0] Pipeline 'ingress': start
[13:17:01.255] [bmv2] [T] [thread 3735] [5.0] [cxt 0] Applying table 'ipv4_lpm'
[13:17:01.255] [bmv2] [D] [thread 3735] [5.0] [cxt 0] Looking up key:
* ipv4.dstAddr        : 00000000

[13:17:01.255] [bmv2] [D] [thread 3735] [5.0] [cxt 0] Table 'ipv4_lpm': miss
[13:17:01.255] [bmv2] [D] [thread 3735] [5.0] [cxt 0] Action entry is _drop - 
[13:17:01.255] [bmv2] [T] [thread 3735] [5.0] [cxt 0] Action _drop
[13:17:01.255] [bmv2] [T] [thread 3735] [5.0] [cxt 0] ip_forward.p4(185) Primitive mark_to_drop(standard_metadata)
[13:17:01.255] [bmv2] [D] [thread 3735] [5.0] [cxt 0] Pipeline 'ingress': end
[13:17:01.255] [bmv2] [D] [thread 3735] [5.0] [cxt 0] Egress port is 511
[13:17:01.255] [bmv2] [D] [thread 3735] [5.0] [cxt 0] Dropping packet at the end of ingress
[13:17:01.369] [bmv2] [D] [thread 3735] [6.0] [cxt 0] Processing packet received on port 1
[13:17:01.369] [bmv2] [D] [thread 3735] [6.0] [cxt 0] Parser 'parser': start
[13:17:01.369] [bmv2] [D] [thread 3735] [6.0] [cxt 0] Parser 'parser' entering state 'start'
[13:17:01.369] [bmv2] [D] [thread 3735] [6.0] [cxt 0] Parser state 'start' has no switch, going to default next state
[13:17:01.369] [bmv2] [T] [thread 3735] [6.0] [cxt 0] Bytes parsed: 0
[13:17:01.369] [bmv2] [D] [thread 3735] [6.0] [cxt 0] Parser 'parser' entering state 'parse_ethernet'
[13:17:01.369] [bmv2] [D] [thread 3735] [6.0] [cxt 0] Extracting header 'ethernet'
[13:17:01.369] [bmv2] [D] [thread 3735] [6.0] [cxt 0] Parser state 'parse_ethernet': key is 86dd
[13:17:01.369] [bmv2] [T] [thread 3735] [6.0] [cxt 0] Bytes parsed: 14
[13:17:01.369] [bmv2] [T] [thread 3735] [6.0] [cxt 0] Skipping checksum 'cksum_0' verification because target field invalid
[13:17:01.369] [bmv2] [D] [thread 3735] [6.0] [cxt 0] Parser 'parser': end
[13:17:01.369] [bmv2] [D] [thread 3735] [6.0] [cxt 0] Pipeline 'ingress': start
[13:17:01.369] [bmv2] [T] [thread 3735] [6.0] [cxt 0] Applying table 'ipv4_lpm'
[13:17:01.369] [bmv2] [D] [thread 3735] [6.0] [cxt 0] Looking up key:
* ipv4.dstAddr        : 00000000

[13:17:01.369] [bmv2] [D] [thread 3735] [6.0] [cxt 0] Table 'ipv4_lpm': miss
[13:17:01.369] [bmv2] [D] [thread 3735] [6.0] [cxt 0] Action entry is _drop - 
[13:17:01.369] [bmv2] [T] [thread 3735] [6.0] [cxt 0] Action _drop
[13:17:01.369] [bmv2] [T] [thread 3735] [6.0] [cxt 0] ip_forward.p4(185) Primitive mark_to_drop(standard_metadata)
[13:17:01.369] [bmv2] [D] [thread 3735] [6.0] [cxt 0] Pipeline 'ingress': end
[13:17:01.369] [bmv2] [D] [thread 3735] [6.0] [cxt 0] Egress port is 511
[13:17:01.369] [bmv2] [D] [thread 3735] [6.0] [cxt 0] Dropping packet at the end of ingress
[13:17:02.755] [bmv2] [T] [thread 3783] bm_get_config
[13:17:02.756] [bmv2] [T] [thread 3783] bm_table_add_entry
[13:17:02.757] [bmv2] [D] [thread 3783] Entry 0 added to table 'ipv4_lpm'
[13:17:02.757] [bmv2] [D] [thread 3783] Dumping entry 0
Match key:
* ipv4.dstAddr        : LPM       0a010102/32
Action entry: set_nhop - a010102,2,

[13:17:02.757] [bmv2] [T] [thread 3783] bm_table_add_entry
[13:17:02.757] [bmv2] [D] [thread 3783] Entry 1 added to table 'ipv4_lpm'
[13:17:02.757] [bmv2] [D] [thread 3783] Dumping entry 1
Match key:
* ipv4.dstAddr        : LPM       0a020202/32
Action entry: set_nhop - a020202,2,

[13:17:02.757] [bmv2] [T] [thread 3783] bm_table_add_entry
[13:17:02.757] [bmv2] [D] [thread 3783] Entry 2 added to table 'ipv4_lpm'
[13:17:02.757] [bmv2] [D] [thread 3783] Dumping entry 2
Match key:
* ipv4.dstAddr        : LPM       0a030302/32
Action entry: set_nhop - a030302,1,

open: No such file or directory
open: No such file or directory
