Calling target program-options parser
[06:46:39.371] [bmv2] [D] [thread 12096] Set default default entry for table 'MyIngress.phy_forward': MyIngress.drop - 
Adding interface s1-eth1 as port 1
[06:46:39.371] [bmv2] [D] [thread 12096] Adding interface s1-eth1 as port 1
Adding interface s1-eth2 as port 2
[06:46:39.406] [bmv2] [D] [thread 12096] Adding interface s1-eth2 as port 2
[06:46:39.438] [bmv2] [I] [thread 12096] Starting Thrift server on port 9090
[06:46:39.438] [bmv2] [I] [thread 12096] Thrift server was started
[06:46:41.810] [bmv2] [T] [thread 12127] bm_get_config
[06:46:41.812] [bmv2] [T] [thread 12127] bm_table_add_entry
[06:46:41.812] [bmv2] [D] [thread 12127] Entry 0 added to table 'MyIngress.phy_forward'
[06:46:41.812] [bmv2] [D] [thread 12127] Dumping entry 0
Match key:
* standard_metadata.ingress_port: EXACT     0001
Action entry: MyIngress.forward - 2,

[06:46:41.813] [bmv2] [T] [thread 12127] bm_table_add_entry
[06:46:41.813] [bmv2] [D] [thread 12127] Entry 1 added to table 'MyIngress.phy_forward'
[06:46:41.813] [bmv2] [D] [thread 12127] Dumping entry 1
Match key:
* standard_metadata.ingress_port: EXACT     0002
Action entry: MyIngress.forward - 1,

[06:46:50.663] [bmv2] [D] [thread 12102] [0.0] [cxt 0] Processing packet received on port 1
[06:46:50.663] [bmv2] [D] [thread 12102] [0.0] [cxt 0] Parser 'parser': start
[06:46:50.663] [bmv2] [D] [thread 12102] [0.0] [cxt 0] Parser 'parser' entering state 'start'
[06:46:50.663] [bmv2] [D] [thread 12102] [0.0] [cxt 0] Parser state 'start' has no switch, going to default next state
[06:46:50.663] [bmv2] [T] [thread 12102] [0.0] [cxt 0] Bytes parsed: 0
[06:46:50.663] [bmv2] [D] [thread 12102] [0.0] [cxt 0] Parser 'parser': end
[06:46:50.663] [bmv2] [D] [thread 12102] [0.0] [cxt 0] Pipeline 'ingress': start
[06:46:50.663] [bmv2] [T] [thread 12102] [0.0] [cxt 0] Applying table 'MyIngress.phy_forward'
[06:46:50.663] [bmv2] [D] [thread 12102] [0.0] [cxt 0] Looking up key:
* standard_metadata.ingress_port: 0001

[06:46:50.663] [bmv2] [D] [thread 12102] [0.0] [cxt 0] Table 'MyIngress.phy_forward': hit with handle 0
[06:46:50.663] [bmv2] [D] [thread 12102] [0.0] [cxt 0] Dumping entry 0
Match key:
* standard_metadata.ingress_port: EXACT     0001
Action entry: MyIngress.forward - 2,

[06:46:50.663] [bmv2] [D] [thread 12102] [0.0] [cxt 0] Action entry is MyIngress.forward - 2,
[06:46:50.663] [bmv2] [T] [thread 12102] [0.0] [cxt 0] Action MyIngress.forward
[06:46:50.663] [bmv2] [T] [thread 12102] [0.0] [cxt 0] basic.p4(60) Primitive standard_metadata.egress_spec = port
[06:46:50.663] [bmv2] [D] [thread 12102] [0.0] [cxt 0] Pipeline 'ingress': end
[06:46:50.663] [bmv2] [D] [thread 12102] [0.0] [cxt 0] Egress port is 2
[06:46:50.663] [bmv2] [D] [thread 12105] [0.0] [cxt 0] Pipeline 'egress': start
[06:46:50.663] [bmv2] [D] [thread 12105] [0.0] [cxt 0] Pipeline 'egress': end
[06:46:50.663] [bmv2] [D] [thread 12105] [0.0] [cxt 0] Deparser 'deparser': start
[06:46:50.663] [bmv2] [D] [thread 12105] [0.0] [cxt 0] Deparser 'deparser': end
[06:46:50.663] [bmv2] [D] [thread 12107] [0.0] [cxt 0] Transmitting packet of size 98 out of port 2
[06:46:50.670] [bmv2] [D] [thread 12102] [1.0] [cxt 0] Processing packet received on port 2
[06:46:50.670] [bmv2] [D] [thread 12102] [1.0] [cxt 0] Parser 'parser': start
[06:46:50.670] [bmv2] [D] [thread 12102] [1.0] [cxt 0] Parser 'parser' entering state 'start'
[06:46:50.670] [bmv2] [D] [thread 12102] [1.0] [cxt 0] Parser state 'start' has no switch, going to default next state
[06:46:50.670] [bmv2] [T] [thread 12102] [1.0] [cxt 0] Bytes parsed: 0
[06:46:50.670] [bmv2] [D] [thread 12102] [1.0] [cxt 0] Parser 'parser': end
[06:46:50.670] [bmv2] [D] [thread 12102] [1.0] [cxt 0] Pipeline 'ingress': start
[06:46:50.670] [bmv2] [T] [thread 12102] [1.0] [cxt 0] Applying table 'MyIngress.phy_forward'
[06:46:50.670] [bmv2] [D] [thread 12102] [1.0] [cxt 0] Looking up key:
* standard_metadata.ingress_port: 0002

[06:46:50.670] [bmv2] [D] [thread 12102] [1.0] [cxt 0] Table 'MyIngress.phy_forward': hit with handle 1
[06:46:50.670] [bmv2] [D] [thread 12102] [1.0] [cxt 0] Dumping entry 1
Match key:
* standard_metadata.ingress_port: EXACT     0002
Action entry: MyIngress.forward - 1,

[06:46:50.670] [bmv2] [D] [thread 12102] [1.0] [cxt 0] Action entry is MyIngress.forward - 1,
[06:46:50.670] [bmv2] [T] [thread 12102] [1.0] [cxt 0] Action MyIngress.forward
[06:46:50.670] [bmv2] [T] [thread 12102] [1.0] [cxt 0] basic.p4(60) Primitive standard_metadata.egress_spec = port
[06:46:50.670] [bmv2] [D] [thread 12102] [1.0] [cxt 0] Pipeline 'ingress': end
[06:46:50.670] [bmv2] [D] [thread 12102] [1.0] [cxt 0] Egress port is 1
[06:46:50.670] [bmv2] [D] [thread 12104] [1.0] [cxt 0] Pipeline 'egress': start
[06:46:50.670] [bmv2] [D] [thread 12104] [1.0] [cxt 0] Pipeline 'egress': end
[06:46:50.670] [bmv2] [D] [thread 12104] [1.0] [cxt 0] Deparser 'deparser': start
[06:46:50.670] [bmv2] [D] [thread 12104] [1.0] [cxt 0] Deparser 'deparser': end
[06:46:50.670] [bmv2] [D] [thread 12107] [1.0] [cxt 0] Transmitting packet of size 98 out of port 1
[06:46:51.664] [bmv2] [D] [thread 12102] [2.0] [cxt 0] Processing packet received on port 1
[06:46:51.664] [bmv2] [D] [thread 12102] [2.0] [cxt 0] Parser 'parser': start
[06:46:51.664] [bmv2] [D] [thread 12102] [2.0] [cxt 0] Parser 'parser' entering state 'start'
[06:46:51.664] [bmv2] [D] [thread 12102] [2.0] [cxt 0] Parser state 'start' has no switch, going to default next state
[06:46:51.664] [bmv2] [T] [thread 12102] [2.0] [cxt 0] Bytes parsed: 0
[06:46:51.664] [bmv2] [D] [thread 12102] [2.0] [cxt 0] Parser 'parser': end
[06:46:51.664] [bmv2] [D] [thread 12102] [2.0] [cxt 0] Pipeline 'ingress': start
[06:46:51.664] [bmv2] [T] [thread 12102] [2.0] [cxt 0] Applying table 'MyIngress.phy_forward'
[06:46:51.664] [bmv2] [D] [thread 12102] [2.0] [cxt 0] Looking up key:
* standard_metadata.ingress_port: 0001

[06:46:51.664] [bmv2] [D] [thread 12102] [2.0] [cxt 0] Table 'MyIngress.phy_forward': hit with handle 0
[06:46:51.664] [bmv2] [D] [thread 12102] [2.0] [cxt 0] Dumping entry 0
Match key:
* standard_metadata.ingress_port: EXACT     0001
Action entry: MyIngress.forward - 2,

[06:46:51.664] [bmv2] [D] [thread 12102] [2.0] [cxt 0] Action entry is MyIngress.forward - 2,
[06:46:51.664] [bmv2] [T] [thread 12102] [2.0] [cxt 0] Action MyIngress.forward
[06:46:51.664] [bmv2] [T] [thread 12102] [2.0] [cxt 0] basic.p4(60) Primitive standard_metadata.egress_spec = port
[06:46:51.664] [bmv2] [D] [thread 12102] [2.0] [cxt 0] Pipeline 'ingress': end
[06:46:51.664] [bmv2] [D] [thread 12102] [2.0] [cxt 0] Egress port is 2
[06:46:51.664] [bmv2] [D] [thread 12105] [2.0] [cxt 0] Pipeline 'egress': start
[06:46:51.664] [bmv2] [D] [thread 12105] [2.0] [cxt 0] Pipeline 'egress': end
[06:46:51.665] [bmv2] [D] [thread 12105] [2.0] [cxt 0] Deparser 'deparser': start
[06:46:51.665] [bmv2] [D] [thread 12105] [2.0] [cxt 0] Deparser 'deparser': end
[06:46:51.665] [bmv2] [D] [thread 12107] [2.0] [cxt 0] Transmitting packet of size 98 out of port 2
[06:46:51.665] [bmv2] [D] [thread 12102] [3.0] [cxt 0] Processing packet received on port 2
[06:46:51.665] [bmv2] [D] [thread 12102] [3.0] [cxt 0] Parser 'parser': start
[06:46:51.665] [bmv2] [D] [thread 12102] [3.0] [cxt 0] Parser 'parser' entering state 'start'
[06:46:51.665] [bmv2] [D] [thread 12102] [3.0] [cxt 0] Parser state 'start' has no switch, going to default next state
[06:46:51.665] [bmv2] [T] [thread 12102] [3.0] [cxt 0] Bytes parsed: 0
[06:46:51.665] [bmv2] [D] [thread 12102] [3.0] [cxt 0] Parser 'parser': end
[06:46:51.665] [bmv2] [D] [thread 12102] [3.0] [cxt 0] Pipeline 'ingress': start
[06:46:51.665] [bmv2] [T] [thread 12102] [3.0] [cxt 0] Applying table 'MyIngress.phy_forward'
[06:46:51.665] [bmv2] [D] [thread 12102] [3.0] [cxt 0] Looking up key:
* standard_metadata.ingress_port: 0002

[06:46:51.665] [bmv2] [D] [thread 12102] [3.0] [cxt 0] Table 'MyIngress.phy_forward': hit with handle 1
[06:46:51.665] [bmv2] [D] [thread 12102] [3.0] [cxt 0] Dumping entry 1
Match key:
* standard_metadata.ingress_port: EXACT     0002
Action entry: MyIngress.forward - 1,

[06:46:51.665] [bmv2] [D] [thread 12102] [3.0] [cxt 0] Action entry is MyIngress.forward - 1,
[06:46:51.665] [bmv2] [T] [thread 12102] [3.0] [cxt 0] Action MyIngress.forward
[06:46:51.665] [bmv2] [T] [thread 12102] [3.0] [cxt 0] basic.p4(60) Primitive standard_metadata.egress_spec = port
[06:46:51.665] [bmv2] [D] [thread 12102] [3.0] [cxt 0] Pipeline 'ingress': end
[06:46:51.665] [bmv2] [D] [thread 12102] [3.0] [cxt 0] Egress port is 1
[06:46:51.665] [bmv2] [D] [thread 12104] [3.0] [cxt 0] Pipeline 'egress': start
[06:46:51.665] [bmv2] [D] [thread 12104] [3.0] [cxt 0] Pipeline 'egress': end
[06:46:51.665] [bmv2] [D] [thread 12104] [3.0] [cxt 0] Deparser 'deparser': start
[06:46:51.665] [bmv2] [D] [thread 12104] [3.0] [cxt 0] Deparser 'deparser': end
[06:46:51.665] [bmv2] [D] [thread 12107] [3.0] [cxt 0] Transmitting packet of size 98 out of port 1
[06:46:52.666] [bmv2] [D] [thread 12102] [4.0] [cxt 0] Processing packet received on port 1
[06:46:52.666] [bmv2] [D] [thread 12102] [4.0] [cxt 0] Parser 'parser': start
[06:46:52.666] [bmv2] [D] [thread 12102] [4.0] [cxt 0] Parser 'parser' entering state 'start'
[06:46:52.666] [bmv2] [D] [thread 12102] [4.0] [cxt 0] Parser state 'start' has no switch, going to default next state
[06:46:52.666] [bmv2] [T] [thread 12102] [4.0] [cxt 0] Bytes parsed: 0
[06:46:52.666] [bmv2] [D] [thread 12102] [4.0] [cxt 0] Parser 'parser': end
[06:46:52.666] [bmv2] [D] [thread 12102] [4.0] [cxt 0] Pipeline 'ingress': start
[06:46:52.666] [bmv2] [T] [thread 12102] [4.0] [cxt 0] Applying table 'MyIngress.phy_forward'
[06:46:52.666] [bmv2] [D] [thread 12102] [4.0] [cxt 0] Looking up key:
* standard_metadata.ingress_port: 0001

[06:46:52.666] [bmv2] [D] [thread 12102] [4.0] [cxt 0] Table 'MyIngress.phy_forward': hit with handle 0
[06:46:52.666] [bmv2] [D] [thread 12102] [4.0] [cxt 0] Dumping entry 0
Match key:
* standard_metadata.ingress_port: EXACT     0001
Action entry: MyIngress.forward - 2,

[06:46:52.666] [bmv2] [D] [thread 12102] [4.0] [cxt 0] Action entry is MyIngress.forward - 2,
[06:46:52.666] [bmv2] [T] [thread 12102] [4.0] [cxt 0] Action MyIngress.forward
[06:46:52.666] [bmv2] [T] [thread 12102] [4.0] [cxt 0] basic.p4(60) Primitive standard_metadata.egress_spec = port
[06:46:52.666] [bmv2] [D] [thread 12102] [4.0] [cxt 0] Pipeline 'ingress': end
[06:46:52.666] [bmv2] [D] [thread 12102] [4.0] [cxt 0] Egress port is 2
[06:46:52.666] [bmv2] [D] [thread 12105] [4.0] [cxt 0] Pipeline 'egress': start
[06:46:52.666] [bmv2] [D] [thread 12105] [4.0] [cxt 0] Pipeline 'egress': end
[06:46:52.666] [bmv2] [D] [thread 12105] [4.0] [cxt 0] Deparser 'deparser': start
[06:46:52.666] [bmv2] [D] [thread 12105] [4.0] [cxt 0] Deparser 'deparser': end
[06:46:52.666] [bmv2] [D] [thread 12107] [4.0] [cxt 0] Transmitting packet of size 98 out of port 2
[06:46:52.666] [bmv2] [D] [thread 12102] [5.0] [cxt 0] Processing packet received on port 2
[06:46:52.666] [bmv2] [D] [thread 12102] [5.0] [cxt 0] Parser 'parser': start
[06:46:52.666] [bmv2] [D] [thread 12102] [5.0] [cxt 0] Parser 'parser' entering state 'start'
[06:46:52.666] [bmv2] [D] [thread 12102] [5.0] [cxt 0] Parser state 'start' has no switch, going to default next state
[06:46:52.666] [bmv2] [T] [thread 12102] [5.0] [cxt 0] Bytes parsed: 0
[06:46:52.666] [bmv2] [D] [thread 12102] [5.0] [cxt 0] Parser 'parser': end
[06:46:52.666] [bmv2] [D] [thread 12102] [5.0] [cxt 0] Pipeline 'ingress': start
[06:46:52.666] [bmv2] [T] [thread 12102] [5.0] [cxt 0] Applying table 'MyIngress.phy_forward'
[06:46:52.666] [bmv2] [D] [thread 12102] [5.0] [cxt 0] Looking up key:
* standard_metadata.ingress_port: 0002

[06:46:52.666] [bmv2] [D] [thread 12102] [5.0] [cxt 0] Table 'MyIngress.phy_forward': hit with handle 1
[06:46:52.666] [bmv2] [D] [thread 12102] [5.0] [cxt 0] Dumping entry 1
Match key:
* standard_metadata.ingress_port: EXACT     0002
Action entry: MyIngress.forward - 1,

[06:46:52.666] [bmv2] [D] [thread 12102] [5.0] [cxt 0] Action entry is MyIngress.forward - 1,
[06:46:52.666] [bmv2] [T] [thread 12102] [5.0] [cxt 0] Action MyIngress.forward
[06:46:52.666] [bmv2] [T] [thread 12102] [5.0] [cxt 0] basic.p4(60) Primitive standard_metadata.egress_spec = port
[06:46:52.666] [bmv2] [D] [thread 12102] [5.0] [cxt 0] Pipeline 'ingress': end
[06:46:52.666] [bmv2] [D] [thread 12102] [5.0] [cxt 0] Egress port is 1
[06:46:52.666] [bmv2] [D] [thread 12104] [5.0] [cxt 0] Pipeline 'egress': start
[06:46:52.666] [bmv2] [D] [thread 12104] [5.0] [cxt 0] Pipeline 'egress': end
[06:46:52.666] [bmv2] [D] [thread 12104] [5.0] [cxt 0] Deparser 'deparser': start
[06:46:52.666] [bmv2] [D] [thread 12104] [5.0] [cxt 0] Deparser 'deparser': end
[06:46:52.666] [bmv2] [D] [thread 12107] [5.0] [cxt 0] Transmitting packet of size 98 out of port 1
[07:16:17.956] [bmv2] [T] [thread 12667] bm_get_config
[07:17:32.725] [bmv2] [T] [thread 12667] bm_mgmt_get_info
[07:17:56.185] [bmv2] [T] [thread 12667] bm_mgmt_get_info
[07:18:27.161] [bmv2] [T] [thread 12667] bm_mt_get_entries
[07:18:27.162] [bmv2] [T] [thread 12667] bm_mt_get_default_entry
[07:18:52.013] [bmv2] [T] [thread 12667] bm_mt_get_entries
[07:18:52.015] [bmv2] [T] [thread 12667] bm_mt_get_default_entry
[07:19:07.805] [bmv2] [T] [thread 12667] bm_mt_clear_entries
[07:19:11.153] [bmv2] [T] [thread 12667] bm_mt_get_entries
[07:19:11.153] [bmv2] [T] [thread 12667] bm_mt_get_default_entry
[07:19:17.010] [bmv2] [D] [thread 12102] [6.0] [cxt 0] Processing packet received on port 1
[07:19:17.011] [bmv2] [D] [thread 12102] [6.0] [cxt 0] Parser 'parser': start
[07:19:17.011] [bmv2] [D] [thread 12102] [6.0] [cxt 0] Parser 'parser' entering state 'start'
[07:19:17.011] [bmv2] [D] [thread 12102] [6.0] [cxt 0] Parser state 'start' has no switch, going to default next state
[07:19:17.011] [bmv2] [T] [thread 12102] [6.0] [cxt 0] Bytes parsed: 0
[07:19:17.011] [bmv2] [D] [thread 12102] [6.0] [cxt 0] Parser 'parser': end
[07:19:17.011] [bmv2] [D] [thread 12102] [6.0] [cxt 0] Pipeline 'ingress': start
[07:19:17.011] [bmv2] [T] [thread 12102] [6.0] [cxt 0] Applying table 'MyIngress.phy_forward'
[07:19:17.011] [bmv2] [D] [thread 12102] [6.0] [cxt 0] Looking up key:
* standard_metadata.ingress_port: 0001

[07:19:17.011] [bmv2] [D] [thread 12102] [6.0] [cxt 0] Table 'MyIngress.phy_forward': miss
[07:19:17.011] [bmv2] [D] [thread 12102] [6.0] [cxt 0] Action entry is MyIngress.drop - 
[07:19:17.011] [bmv2] [T] [thread 12102] [6.0] [cxt 0] Action MyIngress.drop
[07:19:17.011] [bmv2] [T] [thread 12102] [6.0] [cxt 0] basic.p4(56) Primitive mark_to_drop(standard_metadata)
[07:19:17.011] [bmv2] [D] [thread 12102] [6.0] [cxt 0] Pipeline 'ingress': end
[07:19:17.011] [bmv2] [D] [thread 12102] [6.0] [cxt 0] Egress port is 511
[07:19:17.011] [bmv2] [D] [thread 12102] [6.0] [cxt 0] Dropping packet at the end of ingress
[07:19:18.033] [bmv2] [D] [thread 12102] [7.0] [cxt 0] Processing packet received on port 1
[07:19:18.033] [bmv2] [D] [thread 12102] [7.0] [cxt 0] Parser 'parser': start
[07:19:18.033] [bmv2] [D] [thread 12102] [7.0] [cxt 0] Parser 'parser' entering state 'start'
[07:19:18.033] [bmv2] [D] [thread 12102] [7.0] [cxt 0] Parser state 'start' has no switch, going to default next state
[07:19:18.033] [bmv2] [T] [thread 12102] [7.0] [cxt 0] Bytes parsed: 0
[07:19:18.033] [bmv2] [D] [thread 12102] [7.0] [cxt 0] Parser 'parser': end
[07:19:18.033] [bmv2] [D] [thread 12102] [7.0] [cxt 0] Pipeline 'ingress': start
[07:19:18.033] [bmv2] [T] [thread 12102] [7.0] [cxt 0] Applying table 'MyIngress.phy_forward'
[07:19:18.033] [bmv2] [D] [thread 12102] [7.0] [cxt 0] Looking up key:
* standard_metadata.ingress_port: 0001

[07:19:18.033] [bmv2] [D] [thread 12102] [7.0] [cxt 0] Table 'MyIngress.phy_forward': miss
[07:19:18.033] [bmv2] [D] [thread 12102] [7.0] [cxt 0] Action entry is MyIngress.drop - 
[07:19:18.033] [bmv2] [T] [thread 12102] [7.0] [cxt 0] Action MyIngress.drop
[07:19:18.033] [bmv2] [T] [thread 12102] [7.0] [cxt 0] basic.p4(56) Primitive mark_to_drop(standard_metadata)
[07:19:18.033] [bmv2] [D] [thread 12102] [7.0] [cxt 0] Pipeline 'ingress': end
[07:19:18.033] [bmv2] [D] [thread 12102] [7.0] [cxt 0] Egress port is 511
[07:19:18.033] [bmv2] [D] [thread 12102] [7.0] [cxt 0] Dropping packet at the end of ingress
[07:19:19.057] [bmv2] [D] [thread 12102] [8.0] [cxt 0] Processing packet received on port 1
[07:19:19.057] [bmv2] [D] [thread 12102] [8.0] [cxt 0] Parser 'parser': start
[07:19:19.057] [bmv2] [D] [thread 12102] [8.0] [cxt 0] Parser 'parser' entering state 'start'
[07:19:19.057] [bmv2] [D] [thread 12102] [8.0] [cxt 0] Parser state 'start' has no switch, going to default next state
[07:19:19.057] [bmv2] [T] [thread 12102] [8.0] [cxt 0] Bytes parsed: 0
[07:19:19.057] [bmv2] [D] [thread 12102] [8.0] [cxt 0] Parser 'parser': end
[07:19:19.057] [bmv2] [D] [thread 12102] [8.0] [cxt 0] Pipeline 'ingress': start
[07:19:19.057] [bmv2] [T] [thread 12102] [8.0] [cxt 0] Applying table 'MyIngress.phy_forward'
[07:19:19.057] [bmv2] [D] [thread 12102] [8.0] [cxt 0] Looking up key:
* standard_metadata.ingress_port: 0001

[07:19:19.057] [bmv2] [D] [thread 12102] [8.0] [cxt 0] Table 'MyIngress.phy_forward': miss
[07:19:19.057] [bmv2] [D] [thread 12102] [8.0] [cxt 0] Action entry is MyIngress.drop - 
[07:19:19.057] [bmv2] [T] [thread 12102] [8.0] [cxt 0] Action MyIngress.drop
[07:19:19.057] [bmv2] [T] [thread 12102] [8.0] [cxt 0] basic.p4(56) Primitive mark_to_drop(standard_metadata)
[07:19:19.057] [bmv2] [D] [thread 12102] [8.0] [cxt 0] Pipeline 'ingress': end
[07:19:19.057] [bmv2] [D] [thread 12102] [8.0] [cxt 0] Egress port is 511
[07:19:19.057] [bmv2] [D] [thread 12102] [8.0] [cxt 0] Dropping packet at the end of ingress
[07:20:31.911] [bmv2] [T] [thread 12667] bm_table_add_entry
[07:20:31.911] [bmv2] [D] [thread 12667] Entry 0 added to table 'MyIngress.phy_forward'
[07:20:31.911] [bmv2] [D] [thread 12667] Dumping entry 0
Match key:
* standard_metadata.ingress_port: EXACT     0002
Action entry: MyIngress.forward - 1,

[07:20:40.834] [bmv2] [T] [thread 12667] bm_table_add_entry
[07:20:40.834] [bmv2] [D] [thread 12667] Entry 1 added to table 'MyIngress.phy_forward'
[07:20:40.835] [bmv2] [D] [thread 12667] Dumping entry 1
Match key:
* standard_metadata.ingress_port: EXACT     0001
Action entry: MyIngress.forward - 2,

[07:20:48.138] [bmv2] [T] [thread 12667] bm_mt_get_entries
[07:20:48.143] [bmv2] [T] [thread 12667] bm_mt_get_default_entry
[07:20:53.515] [bmv2] [D] [thread 12102] [9.0] [cxt 0] Processing packet received on port 1
[07:20:53.515] [bmv2] [D] [thread 12102] [9.0] [cxt 0] Parser 'parser': start
[07:20:53.515] [bmv2] [D] [thread 12102] [9.0] [cxt 0] Parser 'parser' entering state 'start'
[07:20:53.515] [bmv2] [D] [thread 12102] [9.0] [cxt 0] Parser state 'start' has no switch, going to default next state
[07:20:53.515] [bmv2] [T] [thread 12102] [9.0] [cxt 0] Bytes parsed: 0
[07:20:53.515] [bmv2] [D] [thread 12102] [9.0] [cxt 0] Parser 'parser': end
[07:20:53.515] [bmv2] [D] [thread 12102] [9.0] [cxt 0] Pipeline 'ingress': start
[07:20:53.515] [bmv2] [T] [thread 12102] [9.0] [cxt 0] Applying table 'MyIngress.phy_forward'
[07:20:53.515] [bmv2] [D] [thread 12102] [9.0] [cxt 0] Looking up key:
* standard_metadata.ingress_port: 0001

[07:20:53.515] [bmv2] [D] [thread 12102] [9.0] [cxt 0] Table 'MyIngress.phy_forward': hit with handle 1
[07:20:53.515] [bmv2] [D] [thread 12102] [9.0] [cxt 0] Dumping entry 1
Match key:
* standard_metadata.ingress_port: EXACT     0001
Action entry: MyIngress.forward - 2,

[07:20:53.515] [bmv2] [D] [thread 12102] [9.0] [cxt 0] Action entry is MyIngress.forward - 2,
[07:20:53.515] [bmv2] [T] [thread 12102] [9.0] [cxt 0] Action MyIngress.forward
[07:20:53.515] [bmv2] [T] [thread 12102] [9.0] [cxt 0] basic.p4(60) Primitive standard_metadata.egress_spec = port
[07:20:53.515] [bmv2] [D] [thread 12102] [9.0] [cxt 0] Pipeline 'ingress': end
[07:20:53.515] [bmv2] [D] [thread 12102] [9.0] [cxt 0] Egress port is 2
[07:20:53.515] [bmv2] [D] [thread 12105] [9.0] [cxt 0] Pipeline 'egress': start
[07:20:53.515] [bmv2] [D] [thread 12105] [9.0] [cxt 0] Pipeline 'egress': end
[07:20:53.515] [bmv2] [D] [thread 12105] [9.0] [cxt 0] Deparser 'deparser': start
[07:20:53.515] [bmv2] [D] [thread 12105] [9.0] [cxt 0] Deparser 'deparser': end
[07:20:53.516] [bmv2] [D] [thread 12107] [9.0] [cxt 0] Transmitting packet of size 98 out of port 2
[07:20:53.517] [bmv2] [D] [thread 12102] [10.0] [cxt 0] Processing packet received on port 2
[07:20:53.517] [bmv2] [D] [thread 12102] [10.0] [cxt 0] Parser 'parser': start
[07:20:53.517] [bmv2] [D] [thread 12102] [10.0] [cxt 0] Parser 'parser' entering state 'start'
[07:20:53.517] [bmv2] [D] [thread 12102] [10.0] [cxt 0] Parser state 'start' has no switch, going to default next state
[07:20:53.517] [bmv2] [T] [thread 12102] [10.0] [cxt 0] Bytes parsed: 0
[07:20:53.517] [bmv2] [D] [thread 12102] [10.0] [cxt 0] Parser 'parser': end
[07:20:53.517] [bmv2] [D] [thread 12102] [10.0] [cxt 0] Pipeline 'ingress': start
[07:20:53.517] [bmv2] [T] [thread 12102] [10.0] [cxt 0] Applying table 'MyIngress.phy_forward'
[07:20:53.517] [bmv2] [D] [thread 12102] [10.0] [cxt 0] Looking up key:
* standard_metadata.ingress_port: 0002

[07:20:53.517] [bmv2] [D] [thread 12102] [10.0] [cxt 0] Table 'MyIngress.phy_forward': hit with handle 0
[07:20:53.517] [bmv2] [D] [thread 12102] [10.0] [cxt 0] Dumping entry 0
Match key:
* standard_metadata.ingress_port: EXACT     0002
Action entry: MyIngress.forward - 1,

[07:20:53.517] [bmv2] [D] [thread 12102] [10.0] [cxt 0] Action entry is MyIngress.forward - 1,
[07:20:53.518] [bmv2] [T] [thread 12102] [10.0] [cxt 0] Action MyIngress.forward
[07:20:53.518] [bmv2] [T] [thread 12102] [10.0] [cxt 0] basic.p4(60) Primitive standard_metadata.egress_spec = port
[07:20:53.518] [bmv2] [D] [thread 12102] [10.0] [cxt 0] Pipeline 'ingress': end
[07:20:53.518] [bmv2] [D] [thread 12102] [10.0] [cxt 0] Egress port is 1
[07:20:53.518] [bmv2] [D] [thread 12104] [10.0] [cxt 0] Pipeline 'egress': start
[07:20:53.518] [bmv2] [D] [thread 12104] [10.0] [cxt 0] Pipeline 'egress': end
[07:20:53.518] [bmv2] [D] [thread 12104] [10.0] [cxt 0] Deparser 'deparser': start
[07:20:53.518] [bmv2] [D] [thread 12104] [10.0] [cxt 0] Deparser 'deparser': end
[07:20:53.519] [bmv2] [D] [thread 12107] [10.0] [cxt 0] Transmitting packet of size 98 out of port 1
[07:20:54.517] [bmv2] [D] [thread 12102] [11.0] [cxt 0] Processing packet received on port 1
[07:20:54.517] [bmv2] [D] [thread 12102] [11.0] [cxt 0] Parser 'parser': start
[07:20:54.517] [bmv2] [D] [thread 12102] [11.0] [cxt 0] Parser 'parser' entering state 'start'
[07:20:54.517] [bmv2] [D] [thread 12102] [11.0] [cxt 0] Parser state 'start' has no switch, going to default next state
[07:20:54.517] [bmv2] [T] [thread 12102] [11.0] [cxt 0] Bytes parsed: 0
[07:20:54.517] [bmv2] [D] [thread 12102] [11.0] [cxt 0] Parser 'parser': end
[07:20:54.517] [bmv2] [D] [thread 12102] [11.0] [cxt 0] Pipeline 'ingress': start
[07:20:54.517] [bmv2] [T] [thread 12102] [11.0] [cxt 0] Applying table 'MyIngress.phy_forward'
[07:20:54.517] [bmv2] [D] [thread 12102] [11.0] [cxt 0] Looking up key:
* standard_metadata.ingress_port: 0001

[07:20:54.517] [bmv2] [D] [thread 12102] [11.0] [cxt 0] Table 'MyIngress.phy_forward': hit with handle 1
[07:20:54.517] [bmv2] [D] [thread 12102] [11.0] [cxt 0] Dumping entry 1
Match key:
* standard_metadata.ingress_port: EXACT     0001
Action entry: MyIngress.forward - 2,

[07:20:54.517] [bmv2] [D] [thread 12102] [11.0] [cxt 0] Action entry is MyIngress.forward - 2,
[07:20:54.517] [bmv2] [T] [thread 12102] [11.0] [cxt 0] Action MyIngress.forward
[07:20:54.517] [bmv2] [T] [thread 12102] [11.0] [cxt 0] basic.p4(60) Primitive standard_metadata.egress_spec = port
[07:20:54.517] [bmv2] [D] [thread 12102] [11.0] [cxt 0] Pipeline 'ingress': end
[07:20:54.517] [bmv2] [D] [thread 12102] [11.0] [cxt 0] Egress port is 2
[07:20:54.518] [bmv2] [D] [thread 12105] [11.0] [cxt 0] Pipeline 'egress': start
[07:20:54.518] [bmv2] [D] [thread 12105] [11.0] [cxt 0] Pipeline 'egress': end
[07:20:54.518] [bmv2] [D] [thread 12105] [11.0] [cxt 0] Deparser 'deparser': start
[07:20:54.518] [bmv2] [D] [thread 12105] [11.0] [cxt 0] Deparser 'deparser': end
[07:20:54.518] [bmv2] [D] [thread 12107] [11.0] [cxt 0] Transmitting packet of size 98 out of port 2
[07:20:54.518] [bmv2] [D] [thread 12102] [12.0] [cxt 0] Processing packet received on port 2
[07:20:54.518] [bmv2] [D] [thread 12102] [12.0] [cxt 0] Parser 'parser': start
[07:20:54.518] [bmv2] [D] [thread 12102] [12.0] [cxt 0] Parser 'parser' entering state 'start'
[07:20:54.518] [bmv2] [D] [thread 12102] [12.0] [cxt 0] Parser state 'start' has no switch, going to default next state
[07:20:54.518] [bmv2] [T] [thread 12102] [12.0] [cxt 0] Bytes parsed: 0
[07:20:54.518] [bmv2] [D] [thread 12102] [12.0] [cxt 0] Parser 'parser': end
[07:20:54.518] [bmv2] [D] [thread 12102] [12.0] [cxt 0] Pipeline 'ingress': start
[07:20:54.518] [bmv2] [T] [thread 12102] [12.0] [cxt 0] Applying table 'MyIngress.phy_forward'
[07:20:54.518] [bmv2] [D] [thread 12102] [12.0] [cxt 0] Looking up key:
* standard_metadata.ingress_port: 0002

[07:20:54.518] [bmv2] [D] [thread 12102] [12.0] [cxt 0] Table 'MyIngress.phy_forward': hit with handle 0
[07:20:54.518] [bmv2] [D] [thread 12102] [12.0] [cxt 0] Dumping entry 0
Match key:
* standard_metadata.ingress_port: EXACT     0002
Action entry: MyIngress.forward - 1,

[07:20:54.518] [bmv2] [D] [thread 12102] [12.0] [cxt 0] Action entry is MyIngress.forward - 1,
[07:20:54.518] [bmv2] [T] [thread 12102] [12.0] [cxt 0] Action MyIngress.forward
[07:20:54.518] [bmv2] [T] [thread 12102] [12.0] [cxt 0] basic.p4(60) Primitive standard_metadata.egress_spec = port
[07:20:54.518] [bmv2] [D] [thread 12102] [12.0] [cxt 0] Pipeline 'ingress': end
[07:20:54.518] [bmv2] [D] [thread 12102] [12.0] [cxt 0] Egress port is 1
[07:20:54.518] [bmv2] [D] [thread 12104] [12.0] [cxt 0] Pipeline 'egress': start
[07:20:54.518] [bmv2] [D] [thread 12104] [12.0] [cxt 0] Pipeline 'egress': end
[07:20:54.518] [bmv2] [D] [thread 12104] [12.0] [cxt 0] Deparser 'deparser': start
[07:20:54.518] [bmv2] [D] [thread 12104] [12.0] [cxt 0] Deparser 'deparser': end
[07:20:54.519] [bmv2] [D] [thread 12107] [12.0] [cxt 0] Transmitting packet of size 98 out of port 1
[07:20:55.520] [bmv2] [D] [thread 12102] [13.0] [cxt 0] Processing packet received on port 1
[07:20:55.520] [bmv2] [D] [thread 12102] [13.0] [cxt 0] Parser 'parser': start
[07:20:55.520] [bmv2] [D] [thread 12102] [13.0] [cxt 0] Parser 'parser' entering state 'start'
[07:20:55.520] [bmv2] [D] [thread 12102] [13.0] [cxt 0] Parser state 'start' has no switch, going to default next state
[07:20:55.520] [bmv2] [T] [thread 12102] [13.0] [cxt 0] Bytes parsed: 0
[07:20:55.520] [bmv2] [D] [thread 12102] [13.0] [cxt 0] Parser 'parser': end
[07:20:55.520] [bmv2] [D] [thread 12102] [13.0] [cxt 0] Pipeline 'ingress': start
[07:20:55.520] [bmv2] [T] [thread 12102] [13.0] [cxt 0] Applying table 'MyIngress.phy_forward'
[07:20:55.520] [bmv2] [D] [thread 12102] [13.0] [cxt 0] Looking up key:
* standard_metadata.ingress_port: 0001

[07:20:55.520] [bmv2] [D] [thread 12102] [13.0] [cxt 0] Table 'MyIngress.phy_forward': hit with handle 1
[07:20:55.520] [bmv2] [D] [thread 12102] [13.0] [cxt 0] Dumping entry 1
Match key:
* standard_metadata.ingress_port: EXACT     0001
Action entry: MyIngress.forward - 2,

[07:20:55.520] [bmv2] [D] [thread 12102] [13.0] [cxt 0] Action entry is MyIngress.forward - 2,
[07:20:55.520] [bmv2] [T] [thread 12102] [13.0] [cxt 0] Action MyIngress.forward
[07:20:55.520] [bmv2] [T] [thread 12102] [13.0] [cxt 0] basic.p4(60) Primitive standard_metadata.egress_spec = port
[07:20:55.520] [bmv2] [D] [thread 12102] [13.0] [cxt 0] Pipeline 'ingress': end
[07:20:55.520] [bmv2] [D] [thread 12102] [13.0] [cxt 0] Egress port is 2
[07:20:55.520] [bmv2] [D] [thread 12105] [13.0] [cxt 0] Pipeline 'egress': start
[07:20:55.520] [bmv2] [D] [thread 12105] [13.0] [cxt 0] Pipeline 'egress': end
[07:20:55.520] [bmv2] [D] [thread 12105] [13.0] [cxt 0] Deparser 'deparser': start
[07:20:55.520] [bmv2] [D] [thread 12105] [13.0] [cxt 0] Deparser 'deparser': end
[07:20:55.520] [bmv2] [D] [thread 12107] [13.0] [cxt 0] Transmitting packet of size 98 out of port 2
[07:20:55.520] [bmv2] [D] [thread 12102] [14.0] [cxt 0] Processing packet received on port 2
[07:20:55.520] [bmv2] [D] [thread 12102] [14.0] [cxt 0] Parser 'parser': start
[07:20:55.520] [bmv2] [D] [thread 12102] [14.0] [cxt 0] Parser 'parser' entering state 'start'
[07:20:55.520] [bmv2] [D] [thread 12102] [14.0] [cxt 0] Parser state 'start' has no switch, going to default next state
[07:20:55.520] [bmv2] [T] [thread 12102] [14.0] [cxt 0] Bytes parsed: 0
[07:20:55.520] [bmv2] [D] [thread 12102] [14.0] [cxt 0] Parser 'parser': end
[07:20:55.520] [bmv2] [D] [thread 12102] [14.0] [cxt 0] Pipeline 'ingress': start
[07:20:55.520] [bmv2] [T] [thread 12102] [14.0] [cxt 0] Applying table 'MyIngress.phy_forward'
[07:20:55.521] [bmv2] [D] [thread 12102] [14.0] [cxt 0] Looking up key:
* standard_metadata.ingress_port: 0002

[07:20:55.521] [bmv2] [D] [thread 12102] [14.0] [cxt 0] Table 'MyIngress.phy_forward': hit with handle 0
[07:20:55.521] [bmv2] [D] [thread 12102] [14.0] [cxt 0] Dumping entry 0
Match key:
* standard_metadata.ingress_port: EXACT     0002
Action entry: MyIngress.forward - 1,

[07:20:55.521] [bmv2] [D] [thread 12102] [14.0] [cxt 0] Action entry is MyIngress.forward - 1,
[07:20:55.521] [bmv2] [T] [thread 12102] [14.0] [cxt 0] Action MyIngress.forward
[07:20:55.521] [bmv2] [T] [thread 12102] [14.0] [cxt 0] basic.p4(60) Primitive standard_metadata.egress_spec = port
[07:20:55.521] [bmv2] [D] [thread 12102] [14.0] [cxt 0] Pipeline 'ingress': end
[07:20:55.521] [bmv2] [D] [thread 12102] [14.0] [cxt 0] Egress port is 1
[07:20:55.521] [bmv2] [D] [thread 12104] [14.0] [cxt 0] Pipeline 'egress': start
[07:20:55.521] [bmv2] [D] [thread 12104] [14.0] [cxt 0] Pipeline 'egress': end
[07:20:55.521] [bmv2] [D] [thread 12104] [14.0] [cxt 0] Deparser 'deparser': start
[07:20:55.521] [bmv2] [D] [thread 12104] [14.0] [cxt 0] Deparser 'deparser': end
[07:20:55.521] [bmv2] [D] [thread 12107] [14.0] [cxt 0] Transmitting packet of size 98 out of port 1
open: No such file or directory
