Calling target program-options parser
[07:42:04.353] [bmv2] [D] [thread 13578] Set default default entry for table 'MyIngress.mac_forward': MyIngress.drop - 
Adding interface s1-eth1 as port 1
[07:42:04.354] [bmv2] [D] [thread 13578] Adding interface s1-eth1 as port 1
Adding interface s1-eth2 as port 2
[07:42:04.398] [bmv2] [D] [thread 13578] Adding interface s1-eth2 as port 2
[07:42:04.429] [bmv2] [I] [thread 13578] Starting Thrift server on port 9090
[07:42:04.429] [bmv2] [I] [thread 13578] Thrift server was started
[07:42:06.679] [bmv2] [T] [thread 13609] bm_get_config
[07:42:06.683] [bmv2] [T] [thread 13609] bm_table_add_entry
[07:42:06.683] [bmv2] [D] [thread 13609] Entry 0 added to table 'MyIngress.mac_forward'
[07:42:06.683] [bmv2] [D] [thread 13609] Dumping entry 0
Match key:
* hdr.ethernet.dstAddr: EXACT     00000a000101
Action entry: MyIngress.forward - 1,

[07:42:06.685] [bmv2] [T] [thread 13609] bm_table_add_entry
[07:42:06.685] [bmv2] [D] [thread 13609] Entry 1 added to table 'MyIngress.mac_forward'
[07:42:06.685] [bmv2] [D] [thread 13609] Dumping entry 1
Match key:
* hdr.ethernet.dstAddr: EXACT     00000a000102
Action entry: MyIngress.forward - 2,

[07:42:12.391] [bmv2] [D] [thread 13584] [0.0] [cxt 0] Processing packet received on port 1
[07:42:12.391] [bmv2] [D] [thread 13584] [0.0] [cxt 0] Parser 'parser': start
[07:42:12.391] [bmv2] [D] [thread 13584] [0.0] [cxt 0] Parser 'parser' entering state 'start'
[07:42:12.391] [bmv2] [D] [thread 13584] [0.0] [cxt 0] Extracting header 'ethernet'
[07:42:12.391] [bmv2] [D] [thread 13584] [0.0] [cxt 0] Parser state 'start' has no switch, going to default next state
[07:42:12.391] [bmv2] [T] [thread 13584] [0.0] [cxt 0] Bytes parsed: 14
[07:42:12.391] [bmv2] [D] [thread 13584] [0.0] [cxt 0] Parser 'parser': end
[07:42:12.391] [bmv2] [D] [thread 13584] [0.0] [cxt 0] Pipeline 'ingress': start
[07:42:12.391] [bmv2] [T] [thread 13584] [0.0] [cxt 0] Applying table 'MyIngress.mac_forward'
[07:42:12.392] [bmv2] [D] [thread 13584] [0.0] [cxt 0] Looking up key:
* hdr.ethernet.dstAddr: 00000a000102

[07:42:12.392] [bmv2] [D] [thread 13584] [0.0] [cxt 0] Table 'MyIngress.mac_forward': hit with handle 1
[07:42:12.392] [bmv2] [D] [thread 13584] [0.0] [cxt 0] Dumping entry 1
Match key:
* hdr.ethernet.dstAddr: EXACT     00000a000102
Action entry: MyIngress.forward - 2,

[07:42:12.392] [bmv2] [D] [thread 13584] [0.0] [cxt 0] Action entry is MyIngress.forward - 2,
[07:42:12.392] [bmv2] [T] [thread 13584] [0.0] [cxt 0] Action MyIngress.forward
[07:42:12.392] [bmv2] [T] [thread 13584] [0.0] [cxt 0] basic.p4(72) Primitive standard_metadata.egress_spec = port
[07:42:12.392] [bmv2] [D] [thread 13584] [0.0] [cxt 0] Pipeline 'ingress': end
[07:42:12.392] [bmv2] [D] [thread 13584] [0.0] [cxt 0] Egress port is 2
[07:42:12.392] [bmv2] [D] [thread 13587] [0.0] [cxt 0] Pipeline 'egress': start
[07:42:12.392] [bmv2] [D] [thread 13587] [0.0] [cxt 0] Pipeline 'egress': end
[07:42:12.392] [bmv2] [D] [thread 13587] [0.0] [cxt 0] Deparser 'deparser': start
[07:42:12.392] [bmv2] [D] [thread 13587] [0.0] [cxt 0] Deparsing header 'ethernet'
[07:42:12.392] [bmv2] [D] [thread 13587] [0.0] [cxt 0] Deparser 'deparser': end
[07:42:12.392] [bmv2] [D] [thread 13589] [0.0] [cxt 0] Transmitting packet of size 98 out of port 2
[07:42:12.392] [bmv2] [D] [thread 13584] [1.0] [cxt 0] Processing packet received on port 2
[07:42:12.392] [bmv2] [D] [thread 13584] [1.0] [cxt 0] Parser 'parser': start
[07:42:12.392] [bmv2] [D] [thread 13584] [1.0] [cxt 0] Parser 'parser' entering state 'start'
[07:42:12.392] [bmv2] [D] [thread 13584] [1.0] [cxt 0] Extracting header 'ethernet'
[07:42:12.392] [bmv2] [D] [thread 13584] [1.0] [cxt 0] Parser state 'start' has no switch, going to default next state
[07:42:12.392] [bmv2] [T] [thread 13584] [1.0] [cxt 0] Bytes parsed: 14
[07:42:12.392] [bmv2] [D] [thread 13584] [1.0] [cxt 0] Parser 'parser': end
[07:42:12.392] [bmv2] [D] [thread 13584] [1.0] [cxt 0] Pipeline 'ingress': start
[07:42:12.392] [bmv2] [T] [thread 13584] [1.0] [cxt 0] Applying table 'MyIngress.mac_forward'
[07:42:12.392] [bmv2] [D] [thread 13584] [1.0] [cxt 0] Looking up key:
* hdr.ethernet.dstAddr: 00000a000101

[07:42:12.392] [bmv2] [D] [thread 13584] [1.0] [cxt 0] Table 'MyIngress.mac_forward': hit with handle 0
[07:42:12.392] [bmv2] [D] [thread 13584] [1.0] [cxt 0] Dumping entry 0
Match key:
* hdr.ethernet.dstAddr: EXACT     00000a000101
Action entry: MyIngress.forward - 1,

[07:42:12.392] [bmv2] [D] [thread 13584] [1.0] [cxt 0] Action entry is MyIngress.forward - 1,
[07:42:12.392] [bmv2] [T] [thread 13584] [1.0] [cxt 0] Action MyIngress.forward
[07:42:12.392] [bmv2] [T] [thread 13584] [1.0] [cxt 0] basic.p4(72) Primitive standard_metadata.egress_spec = port
[07:42:12.392] [bmv2] [D] [thread 13584] [1.0] [cxt 0] Pipeline 'ingress': end
[07:42:12.392] [bmv2] [D] [thread 13584] [1.0] [cxt 0] Egress port is 1
[07:42:12.392] [bmv2] [D] [thread 13586] [1.0] [cxt 0] Pipeline 'egress': start
[07:42:12.392] [bmv2] [D] [thread 13586] [1.0] [cxt 0] Pipeline 'egress': end
[07:42:12.392] [bmv2] [D] [thread 13586] [1.0] [cxt 0] Deparser 'deparser': start
[07:42:12.392] [bmv2] [D] [thread 13586] [1.0] [cxt 0] Deparsing header 'ethernet'
[07:42:12.392] [bmv2] [D] [thread 13586] [1.0] [cxt 0] Deparser 'deparser': end
[07:42:12.392] [bmv2] [D] [thread 13589] [1.0] [cxt 0] Transmitting packet of size 98 out of port 1
[07:42:13.395] [bmv2] [D] [thread 13584] [2.0] [cxt 0] Processing packet received on port 1
[07:42:13.395] [bmv2] [D] [thread 13584] [2.0] [cxt 0] Parser 'parser': start
[07:42:13.395] [bmv2] [D] [thread 13584] [2.0] [cxt 0] Parser 'parser' entering state 'start'
[07:42:13.395] [bmv2] [D] [thread 13584] [2.0] [cxt 0] Extracting header 'ethernet'
[07:42:13.395] [bmv2] [D] [thread 13584] [2.0] [cxt 0] Parser state 'start' has no switch, going to default next state
[07:42:13.395] [bmv2] [T] [thread 13584] [2.0] [cxt 0] Bytes parsed: 14
[07:42:13.395] [bmv2] [D] [thread 13584] [2.0] [cxt 0] Parser 'parser': end
[07:42:13.395] [bmv2] [D] [thread 13584] [2.0] [cxt 0] Pipeline 'ingress': start
[07:42:13.395] [bmv2] [T] [thread 13584] [2.0] [cxt 0] Applying table 'MyIngress.mac_forward'
[07:42:13.395] [bmv2] [D] [thread 13584] [2.0] [cxt 0] Looking up key:
* hdr.ethernet.dstAddr: 00000a000102

[07:42:13.395] [bmv2] [D] [thread 13584] [2.0] [cxt 0] Table 'MyIngress.mac_forward': hit with handle 1
[07:42:13.395] [bmv2] [D] [thread 13584] [2.0] [cxt 0] Dumping entry 1
Match key:
* hdr.ethernet.dstAddr: EXACT     00000a000102
Action entry: MyIngress.forward - 2,

[07:42:13.395] [bmv2] [D] [thread 13584] [2.0] [cxt 0] Action entry is MyIngress.forward - 2,
[07:42:13.395] [bmv2] [T] [thread 13584] [2.0] [cxt 0] Action MyIngress.forward
[07:42:13.395] [bmv2] [T] [thread 13584] [2.0] [cxt 0] basic.p4(72) Primitive standard_metadata.egress_spec = port
[07:42:13.395] [bmv2] [D] [thread 13584] [2.0] [cxt 0] Pipeline 'ingress': end
[07:42:13.395] [bmv2] [D] [thread 13584] [2.0] [cxt 0] Egress port is 2
[07:42:13.395] [bmv2] [D] [thread 13587] [2.0] [cxt 0] Pipeline 'egress': start
[07:42:13.395] [bmv2] [D] [thread 13587] [2.0] [cxt 0] Pipeline 'egress': end
[07:42:13.395] [bmv2] [D] [thread 13587] [2.0] [cxt 0] Deparser 'deparser': start
[07:42:13.395] [bmv2] [D] [thread 13587] [2.0] [cxt 0] Deparsing header 'ethernet'
[07:42:13.395] [bmv2] [D] [thread 13587] [2.0] [cxt 0] Deparser 'deparser': end
[07:42:13.395] [bmv2] [D] [thread 13589] [2.0] [cxt 0] Transmitting packet of size 98 out of port 2
[07:42:13.395] [bmv2] [D] [thread 13584] [3.0] [cxt 0] Processing packet received on port 2
[07:42:13.395] [bmv2] [D] [thread 13584] [3.0] [cxt 0] Parser 'parser': start
[07:42:13.395] [bmv2] [D] [thread 13584] [3.0] [cxt 0] Parser 'parser' entering state 'start'
[07:42:13.395] [bmv2] [D] [thread 13584] [3.0] [cxt 0] Extracting header 'ethernet'
[07:42:13.395] [bmv2] [D] [thread 13584] [3.0] [cxt 0] Parser state 'start' has no switch, going to default next state
[07:42:13.395] [bmv2] [T] [thread 13584] [3.0] [cxt 0] Bytes parsed: 14
[07:42:13.395] [bmv2] [D] [thread 13584] [3.0] [cxt 0] Parser 'parser': end
[07:42:13.395] [bmv2] [D] [thread 13584] [3.0] [cxt 0] Pipeline 'ingress': start
[07:42:13.395] [bmv2] [T] [thread 13584] [3.0] [cxt 0] Applying table 'MyIngress.mac_forward'
[07:42:13.395] [bmv2] [D] [thread 13584] [3.0] [cxt 0] Looking up key:
* hdr.ethernet.dstAddr: 00000a000101

[07:42:13.395] [bmv2] [D] [thread 13584] [3.0] [cxt 0] Table 'MyIngress.mac_forward': hit with handle 0
[07:42:13.396] [bmv2] [D] [thread 13584] [3.0] [cxt 0] Dumping entry 0
Match key:
* hdr.ethernet.dstAddr: EXACT     00000a000101
Action entry: MyIngress.forward - 1,

[07:42:13.396] [bmv2] [D] [thread 13584] [3.0] [cxt 0] Action entry is MyIngress.forward - 1,
[07:42:13.396] [bmv2] [T] [thread 13584] [3.0] [cxt 0] Action MyIngress.forward
[07:42:13.396] [bmv2] [T] [thread 13584] [3.0] [cxt 0] basic.p4(72) Primitive standard_metadata.egress_spec = port
[07:42:13.396] [bmv2] [D] [thread 13584] [3.0] [cxt 0] Pipeline 'ingress': end
[07:42:13.396] [bmv2] [D] [thread 13584] [3.0] [cxt 0] Egress port is 1
[07:42:13.396] [bmv2] [D] [thread 13586] [3.0] [cxt 0] Pipeline 'egress': start
[07:42:13.396] [bmv2] [D] [thread 13586] [3.0] [cxt 0] Pipeline 'egress': end
[07:42:13.396] [bmv2] [D] [thread 13586] [3.0] [cxt 0] Deparser 'deparser': start
[07:42:13.396] [bmv2] [D] [thread 13586] [3.0] [cxt 0] Deparsing header 'ethernet'
[07:42:13.396] [bmv2] [D] [thread 13586] [3.0] [cxt 0] Deparser 'deparser': end
[07:42:13.396] [bmv2] [D] [thread 13589] [3.0] [cxt 0] Transmitting packet of size 98 out of port 1
[07:42:14.395] [bmv2] [D] [thread 13584] [4.0] [cxt 0] Processing packet received on port 1
[07:42:14.395] [bmv2] [D] [thread 13584] [4.0] [cxt 0] Parser 'parser': start
[07:42:14.395] [bmv2] [D] [thread 13584] [4.0] [cxt 0] Parser 'parser' entering state 'start'
[07:42:14.395] [bmv2] [D] [thread 13584] [4.0] [cxt 0] Extracting header 'ethernet'
[07:42:14.395] [bmv2] [D] [thread 13584] [4.0] [cxt 0] Parser state 'start' has no switch, going to default next state
[07:42:14.395] [bmv2] [T] [thread 13584] [4.0] [cxt 0] Bytes parsed: 14
[07:42:14.395] [bmv2] [D] [thread 13584] [4.0] [cxt 0] Parser 'parser': end
[07:42:14.395] [bmv2] [D] [thread 13584] [4.0] [cxt 0] Pipeline 'ingress': start
[07:42:14.395] [bmv2] [T] [thread 13584] [4.0] [cxt 0] Applying table 'MyIngress.mac_forward'
[07:42:14.395] [bmv2] [D] [thread 13584] [4.0] [cxt 0] Looking up key:
* hdr.ethernet.dstAddr: 00000a000102

[07:42:14.395] [bmv2] [D] [thread 13584] [4.0] [cxt 0] Table 'MyIngress.mac_forward': hit with handle 1
[07:42:14.395] [bmv2] [D] [thread 13584] [4.0] [cxt 0] Dumping entry 1
Match key:
* hdr.ethernet.dstAddr: EXACT     00000a000102
Action entry: MyIngress.forward - 2,

[07:42:14.395] [bmv2] [D] [thread 13584] [4.0] [cxt 0] Action entry is MyIngress.forward - 2,
[07:42:14.395] [bmv2] [T] [thread 13584] [4.0] [cxt 0] Action MyIngress.forward
[07:42:14.395] [bmv2] [T] [thread 13584] [4.0] [cxt 0] basic.p4(72) Primitive standard_metadata.egress_spec = port
[07:42:14.395] [bmv2] [D] [thread 13584] [4.0] [cxt 0] Pipeline 'ingress': end
[07:42:14.395] [bmv2] [D] [thread 13584] [4.0] [cxt 0] Egress port is 2
[07:42:14.395] [bmv2] [D] [thread 13587] [4.0] [cxt 0] Pipeline 'egress': start
[07:42:14.395] [bmv2] [D] [thread 13587] [4.0] [cxt 0] Pipeline 'egress': end
[07:42:14.395] [bmv2] [D] [thread 13587] [4.0] [cxt 0] Deparser 'deparser': start
[07:42:14.395] [bmv2] [D] [thread 13587] [4.0] [cxt 0] Deparsing header 'ethernet'
[07:42:14.395] [bmv2] [D] [thread 13587] [4.0] [cxt 0] Deparser 'deparser': end
[07:42:14.395] [bmv2] [D] [thread 13589] [4.0] [cxt 0] Transmitting packet of size 98 out of port 2
[07:42:14.396] [bmv2] [D] [thread 13584] [5.0] [cxt 0] Processing packet received on port 2
[07:42:14.396] [bmv2] [D] [thread 13584] [5.0] [cxt 0] Parser 'parser': start
[07:42:14.396] [bmv2] [D] [thread 13584] [5.0] [cxt 0] Parser 'parser' entering state 'start'
[07:42:14.396] [bmv2] [D] [thread 13584] [5.0] [cxt 0] Extracting header 'ethernet'
[07:42:14.396] [bmv2] [D] [thread 13584] [5.0] [cxt 0] Parser state 'start' has no switch, going to default next state
[07:42:14.396] [bmv2] [T] [thread 13584] [5.0] [cxt 0] Bytes parsed: 14
[07:42:14.396] [bmv2] [D] [thread 13584] [5.0] [cxt 0] Parser 'parser': end
[07:42:14.396] [bmv2] [D] [thread 13584] [5.0] [cxt 0] Pipeline 'ingress': start
[07:42:14.396] [bmv2] [T] [thread 13584] [5.0] [cxt 0] Applying table 'MyIngress.mac_forward'
[07:42:14.396] [bmv2] [D] [thread 13584] [5.0] [cxt 0] Looking up key:
* hdr.ethernet.dstAddr: 00000a000101

[07:42:14.396] [bmv2] [D] [thread 13584] [5.0] [cxt 0] Table 'MyIngress.mac_forward': hit with handle 0
[07:42:14.396] [bmv2] [D] [thread 13584] [5.0] [cxt 0] Dumping entry 0
Match key:
* hdr.ethernet.dstAddr: EXACT     00000a000101
Action entry: MyIngress.forward - 1,

[07:42:14.396] [bmv2] [D] [thread 13584] [5.0] [cxt 0] Action entry is MyIngress.forward - 1,
[07:42:14.396] [bmv2] [T] [thread 13584] [5.0] [cxt 0] Action MyIngress.forward
[07:42:14.396] [bmv2] [T] [thread 13584] [5.0] [cxt 0] basic.p4(72) Primitive standard_metadata.egress_spec = port
[07:42:14.396] [bmv2] [D] [thread 13584] [5.0] [cxt 0] Pipeline 'ingress': end
[07:42:14.396] [bmv2] [D] [thread 13584] [5.0] [cxt 0] Egress port is 1
[07:42:14.396] [bmv2] [D] [thread 13586] [5.0] [cxt 0] Pipeline 'egress': start
[07:42:14.396] [bmv2] [D] [thread 13586] [5.0] [cxt 0] Pipeline 'egress': end
[07:42:14.396] [bmv2] [D] [thread 13586] [5.0] [cxt 0] Deparser 'deparser': start
[07:42:14.396] [bmv2] [D] [thread 13586] [5.0] [cxt 0] Deparsing header 'ethernet'
[07:42:14.396] [bmv2] [D] [thread 13586] [5.0] [cxt 0] Deparser 'deparser': end
[07:42:14.396] [bmv2] [D] [thread 13589] [5.0] [cxt 0] Transmitting packet of size 98 out of port 1
open: No such file or directory
